<?xml version="1.0" encoding="UTF-8"?>
<testsuite xmlns:xsi="http://www.w3.org/2001/XMLSchema-instance" xsi:noNamespaceSchemaLocation="https://maven.apache.org/surefire/maven-surefire-plugin/xsd/surefire-test-report-3.0.xsd" version="3.0" name="com.examly.apigateway.ApigatewayApplicationTests" time="4.598" tests="15" errors="0" skipped="0" failures="4">
  <properties>
[...]
</properties>
  <testcase name="backend_testRegisterAdmin" classname="com.examly.apigateway.ApigatewayApplicationTests" time="0.918">
    <system-out><![CDATA[19:16:14.775 [main] INFO org.springframework.test.context.support.AnnotationConfigContextLoaderUtils -- Could not detect default configuration classes for test class [com.examly.apigateway.ApigatewayApplicationTests]: ApigatewayApplicationTests does not declare any static, non-private, non-final, nested classes annotated with @Configuration.
19:16:14.841 [main] INFO org.springframework.boot.test.context.SpringBootTestContextBootstrapper -- Found @SpringBootConfiguration com.examly.apigateway.ApigatewayApplication for test class com.examly.apigateway.ApigatewayApplicationTests

  .   ____          _            __ _ _
 /\\ / ___'_ __ _ _(_)_ __  __ _ \ \ \ \
( ( )\___ | '_ | '_| | '_ \/ _` | \ \ \ \
 \\/  ___)| |_)| | | | | || (_| |  ) ) ) )
  '  |____| .__|_| |_|_| |_\__, | / / / /
 =========|_|==============|___/=/_/_/_/
 :: Spring Boot ::               (v3.1.10)

2025-05-28T19:16:15.156Z  INFO 169147 --- [           main] c.e.a.ApigatewayApplicationTests         : Starting ApigatewayApplicationTests using Java 17.0.14 with PID 169147 (started by coder in /home/coder/project/workspace/apigateway)
2025-05-28T19:16:15.157Z  INFO 169147 --- [           main] c.e.a.ApigatewayApplicationTests         : No active profile set, falling back to 1 default profile: "default"
2025-05-28T19:16:15.927Z  INFO 169147 --- [           main] o.s.cloud.context.scope.GenericScope     : BeanFactory id=c069b105-82d6-3fcb-ad26-a2ccbbd6f730
2025-05-28T19:16:15.992Z  INFO 169147 --- [           main] trationDelegate$BeanPostProcessorChecker : Bean 'org.springframework.cloud.client.loadbalancer.reactive.LoadBalancerBeanPostProcessorAutoConfiguration' of type [org.springframework.cloud.client.loadbalancer.reactive.LoadBalancerBeanPostProcessorAutoConfiguration] is not eligible for getting processed by all BeanPostProcessors (for example: not eligible for auto-proxying)
2025-05-28T19:16:15.993Z  INFO 169147 --- [           main] trationDelegate$BeanPostProcessorChecker : Bean 'org.springframework.cloud.client.loadbalancer.reactive.LoadBalancerBeanPostProcessorAutoConfiguration$ReactorDeferringLoadBalancerFilterConfig' of type [org.springframework.cloud.client.loadbalancer.reactive.LoadBalancerBeanPostProcessorAutoConfiguration$ReactorDeferringLoadBalancerFilterConfig] is not eligible for getting processed by all BeanPostProcessors (for example: not eligible for auto-proxying)
2025-05-28T19:16:15.994Z  INFO 169147 --- [           main] trationDelegate$BeanPostProcessorChecker : Bean 'reactorDeferringLoadBalancerExchangeFilterFunction' of type [org.springframework.cloud.client.loadbalancer.reactive.DeferringLoadBalancerExchangeFilterFunction] is not eligible for getting processed by all BeanPostProcessors (for example: not eligible for auto-proxying)
2025-05-28T19:16:16.649Z  INFO 169147 --- [           main] o.s.c.g.r.RouteDefinitionRouteLocator    : Loaded RoutePredicateFactory [After]
2025-05-28T19:16:16.650Z  INFO 169147 --- [           main] o.s.c.g.r.RouteDefinitionRouteLocator    : Loaded RoutePredicateFactory [Before]
2025-05-28T19:16:16.650Z  INFO 169147 --- [           main] o.s.c.g.r.RouteDefinitionRouteLocator    : Loaded RoutePredicateFactory [Between]
2025-05-28T19:16:16.650Z  INFO 169147 --- [           main] o.s.c.g.r.RouteDefinitionRouteLocator    : Loaded RoutePredicateFactory [Cookie]
2025-05-28T19:16:16.650Z  INFO 169147 --- [           main] o.s.c.g.r.RouteDefinitionRouteLocator    : Loaded RoutePredicateFactory [Header]
2025-05-28T19:16:16.650Z  INFO 169147 --- [           main] o.s.c.g.r.RouteDefinitionRouteLocator    : Loaded RoutePredicateFactory [Host]
2025-05-28T19:16:16.650Z  INFO 169147 --- [           main] o.s.c.g.r.RouteDefinitionRouteLocator    : Loaded RoutePredicateFactory [Method]
2025-05-28T19:16:16.650Z  INFO 169147 --- [           main] o.s.c.g.r.RouteDefinitionRouteLocator    : Loaded RoutePredicateFactory [Path]
2025-05-28T19:16:16.650Z  INFO 169147 --- [           main] o.s.c.g.r.RouteDefinitionRouteLocator    : Loaded RoutePredicateFactory [Query]
2025-05-28T19:16:16.650Z  INFO 169147 --- [           main] o.s.c.g.r.RouteDefinitionRouteLocator    : Loaded RoutePredicateFactory [ReadBody]
2025-05-28T19:16:16.651Z  INFO 169147 --- [           main] o.s.c.g.r.RouteDefinitionRouteLocator    : Loaded RoutePredicateFactory [RemoteAddr]
2025-05-28T19:16:16.651Z  INFO 169147 --- [           main] o.s.c.g.r.RouteDefinitionRouteLocator    : Loaded RoutePredicateFactory [XForwardedRemoteAddr]
2025-05-28T19:16:16.651Z  INFO 169147 --- [           main] o.s.c.g.r.RouteDefinitionRouteLocator    : Loaded RoutePredicateFactory [Weight]
2025-05-28T19:16:16.651Z  INFO 169147 --- [           main] o.s.c.g.r.RouteDefinitionRouteLocator    : Loaded RoutePredicateFactory [CloudFoundryRouteService]
2025-05-28T19:16:16.772Z DEBUG 169147 --- [           main] o.s.w.r.handler.SimpleUrlHandlerMapping  : Patterns [/webjars/**, /**] in 'resourceHandlerMapping'
2025-05-28T19:16:16.887Z  INFO 169147 --- [           main] o.s.b.a.e.web.EndpointLinksResolver      : Exposing 1 endpoint(s) beneath base path '/actuator'
2025-05-28T19:16:16.950Z DEBUG 169147 --- [           main] o.s.w.r.r.m.a.ControllerMethodResolver   : ControllerAdvice beans: none
2025-05-28T19:16:16.981Z DEBUG 169147 --- [           main] o.s.w.s.adapter.HttpWebHandlerAdapter    : enableLoggingRequestDetails='false': form data and headers will be masked to prevent unsafe logging of potentially sensitive data
2025-05-28T19:16:17.086Z  INFO 169147 --- [           main] DiscoveryClientOptionalArgsConfiguration : Eureka HTTP Client uses RestTemplate.
2025-05-28T19:16:17.127Z  WARN 169147 --- [           main] iguration$LoadBalancerCaffeineWarnLogger : Spring Cloud LoadBalancer is currently working with the default cache. While this cache implementation is useful for development and tests, it's recommended to use Caffeine cache in production.You can switch to using Caffeine cache, by adding it and org.springframework.cache.caffeine.CaffeineCacheManager to the classpath.
2025-05-28T19:16:17.499Z  INFO 169147 --- [           main] o.s.b.web.embedded.netty.NettyWebServer  : Netty started on port 32797
2025-05-28T19:16:17.502Z  INFO 169147 --- [           main] .s.c.n.e.s.EurekaAutoServiceRegistration : Updating port to 32797
2025-05-28T19:16:17.505Z  INFO 169147 --- [           main] o.s.c.n.eureka.InstanceInfoFactory       : Setting initial instance status as: STARTING
2025-05-28T19:16:17.570Z  INFO 169147 --- [           main] com.netflix.discovery.DiscoveryClient    : Initializing Eureka in region us-east-1
2025-05-28T19:16:17.576Z  INFO 169147 --- [           main] c.n.d.s.r.aws.ConfigClusterResolver      : Resolving eureka endpoints via configuration
2025-05-28T19:16:17.596Z  INFO 169147 --- [           main] com.netflix.discovery.DiscoveryClient    : Disable delta property : false
2025-05-28T19:16:17.596Z  INFO 169147 --- [           main] com.netflix.discovery.DiscoveryClient    : Single vip registry refresh property : null
2025-05-28T19:16:17.596Z  INFO 169147 --- [           main] com.netflix.discovery.DiscoveryClient    : Force full registry fetch : false
2025-05-28T19:16:17.596Z  INFO 169147 --- [           main] com.netflix.discovery.DiscoveryClient    : Application is null : false
2025-05-28T19:16:17.596Z  INFO 169147 --- [           main] com.netflix.discovery.DiscoveryClient    : Registered Applications size is zero : true
2025-05-28T19:16:17.596Z  INFO 169147 --- [           main] com.netflix.discovery.DiscoveryClient    : Application version is -1: true
2025-05-28T19:16:17.596Z  INFO 169147 --- [           main] com.netflix.discovery.DiscoveryClient    : Getting all instance registry info from the eureka server
2025-05-28T19:16:17.618Z DEBUG 169147 --- [           main] o.s.web.client.RestTemplate              : HTTP GET http://localhost:8761/eureka/apps/
2025-05-28T19:16:17.708Z DEBUG 169147 --- [           main] o.s.web.client.RestTemplate              : Accept=[application/json, application/*+json]
2025-05-28T19:16:17.748Z DEBUG 169147 --- [           main] o.s.web.client.RestTemplate              : Response 200 OK
2025-05-28T19:16:17.749Z DEBUG 169147 --- [           main] o.s.web.client.RestTemplate              : Reading to [org.springframework.cloud.netflix.eureka.http.EurekaApplications]
2025-05-28T19:16:17.772Z  INFO 169147 --- [           main] com.netflix.discovery.DiscoveryClient    : The response status is 200
2025-05-28T19:16:17.775Z  INFO 169147 --- [           main] com.netflix.discovery.DiscoveryClient    : Starting heartbeat executor: renew interval is: 30
2025-05-28T19:16:17.777Z  INFO 169147 --- [           main] c.n.discovery.InstanceInfoReplicator     : InstanceInfoReplicator onDemand update allowed rate per min is 4
2025-05-28T19:16:17.781Z  INFO 169147 --- [           main] com.netflix.discovery.DiscoveryClient    : Discovery Client initialized at timestamp 1748459777780 with initial instances count: 4
2025-05-28T19:16:17.782Z  INFO 169147 --- [           main] o.s.c.n.e.s.EurekaServiceRegistry        : Registering application API-GATEWAY with eureka with status UP
2025-05-28T19:16:17.783Z  INFO 169147 --- [           main] com.netflix.discovery.DiscoveryClient    : Saw local status change event StatusChangeEvent [timestamp=1748459777783, current=UP, previous=STARTING]
2025-05-28T19:16:17.784Z  INFO 169147 --- [nfoReplicator-0] com.netflix.discovery.DiscoveryClient    : DiscoveryClient_API-GATEWAY/dbdbeafdabccbbaaabecdfcffdededdedf-0.dbdbeafdabccbbaaabecdfcffdededdedf.ide.svc.cluster.local:api-gateway:0: registering service...
2025-05-28T19:16:17.787Z DEBUG 169147 --- [nfoReplicator-0] o.s.web.client.RestTemplate              : HTTP POST http://localhost:8761/eureka/apps/API-GATEWAY
2025-05-28T19:16:17.789Z DEBUG 169147 --- [nfoReplicator-0] o.s.web.client.RestTemplate              : Accept=[application/json, application/*+json]
2025-05-28T19:16:17.800Z DEBUG 169147 --- [nfoReplicator-0] o.s.web.client.RestTemplate              : Writing [InstanceInfo [instanceId = dbdbeafdabccbbaaabecdfcffdededdedf-0.dbdbeafdabccbbaaabecdfcffdededdedf.ide.svc.cluster.local:api-gateway:0, appName = API-GATEWAY, hostName = dbdbeafdabccbbaaabecdfcffdededdedf-0.dbdbeafdabccbbaaabecdfcffdededdedf.ide.svc.cluster.local, status = UP, ipAddr = 10.244.35.179, port = 32797, securePort = 443, dataCenterInfo = com.netflix.appinfo.MyDataCenterInfo@2b7a546] as "application/json"
2025-05-28T19:16:17.813Z DEBUG 169147 --- [nfoReplicator-0] o.s.web.client.RestTemplate              : Response 204 NO_CONTENT
2025-05-28T19:16:17.813Z  INFO 169147 --- [nfoReplicator-0] com.netflix.discovery.DiscoveryClient    : DiscoveryClient_API-GATEWAY/dbdbeafdabccbbaaabecdfcffdededdedf-0.dbdbeafdabccbbaaabecdfcffdededdedf.ide.svc.cluster.local:api-gateway:0 - registration status: 204
2025-05-28T19:16:17.852Z  INFO 169147 --- [           main] c.e.a.ApigatewayApplicationTests         : Started ApigatewayApplicationTests in 2.926 seconds (process running for 3.631)
2025-05-28T19:16:18.528Z DEBUG 169147 --- [           main] o.s.web.client.RestTemplate              : HTTP POST http://localhost:32797/api/register
2025-05-28T19:16:18.529Z DEBUG 169147 --- [           main] o.s.web.client.RestTemplate              : Accept=[text/plain, application/json, application/*+json, */*]
2025-05-28T19:16:18.529Z DEBUG 169147 --- [           main] o.s.web.client.RestTemplate              : Writing [{"userId": 1,"email": "demoadmin@gmail.com", "password": "admin@1234", "username": "admin123", "userRole": "ADMIN", "mobileNumber": "9876543210"}] as "application/json"
2025-05-28T19:16:18.613Z DEBUG 169147 --- [or-http-epoll-2] o.s.w.s.adapter.HttpWebHandlerAdapter    : [c0b41c79-1] HTTP POST "/api/register"
2025-05-28T19:16:18.766Z DEBUG 169147 --- [           main] o.s.web.client.RestTemplate              : Response 201 CREATED
2025-05-28T19:16:18.767Z DEBUG 169147 --- [           main] o.s.web.client.RestTemplate              : Reading to [java.lang.String] as "application/json"
2025-05-28T19:16:18.767Z DEBUG 169147 --- [or-http-epoll-2] o.s.w.s.adapter.HttpWebHandlerAdapter    : [c0b41c79-1] Completed 201 CREATED
]]></system-out>
  </testcase>
  <testcase name="backend_testRegisterUser" classname="com.examly.apigateway.ApigatewayApplicationTests" time="0.018">
    <system-out><![CDATA[2025-05-28T19:16:18.786Z DEBUG 169147 --- [           main] o.s.web.client.RestTemplate              : HTTP POST http://localhost:32797/api/register
2025-05-28T19:16:18.787Z DEBUG 169147 --- [           main] o.s.web.client.RestTemplate              : Accept=[text/plain, application/json, application/*+json, */*]
2025-05-28T19:16:18.787Z DEBUG 169147 --- [           main] o.s.web.client.RestTemplate              : Writing [{"userId": 2,"email": "demouser@gmail.com", "password": "user@1234", "username": "user123", "userRole": "USER", "mobileNumber": "1122334455"}] as "application/json"
2025-05-28T19:16:18.788Z DEBUG 169147 --- [or-http-epoll-2] o.s.w.s.adapter.HttpWebHandlerAdapter    : [c0b41c79-2] HTTP POST "/api/register"
2025-05-28T19:16:18.799Z DEBUG 169147 --- [           main] o.s.web.client.RestTemplate              : Response 201 CREATED
2025-05-28T19:16:18.799Z DEBUG 169147 --- [or-http-epoll-2] o.s.w.s.adapter.HttpWebHandlerAdapter    : [c0b41c79-2] Completed 201 CREATED
2025-05-28T19:16:18.799Z DEBUG 169147 --- [           main] o.s.web.client.RestTemplate              : Reading to [java.lang.String] as "application/json"
]]></system-out>
  </testcase>
  <testcase name="backend_testLoginAdmin" classname="com.examly.apigateway.ApigatewayApplicationTests" time="0.024">
    <system-out><![CDATA[2025-05-28T19:16:18.805Z DEBUG 169147 --- [           main] o.s.web.client.RestTemplate              : HTTP POST http://localhost:32797/api/login
2025-05-28T19:16:18.805Z DEBUG 169147 --- [           main] o.s.web.client.RestTemplate              : Accept=[text/plain, application/json, application/*+json, */*]
2025-05-28T19:16:18.805Z DEBUG 169147 --- [           main] o.s.web.client.RestTemplate              : Writing [{"email": "demoadmin@gmail.com", "password": "admin@1234"}] as "application/json"
2025-05-28T19:16:18.807Z DEBUG 169147 --- [or-http-epoll-2] o.s.w.s.adapter.HttpWebHandlerAdapter    : [c0b41c79-3] HTTP POST "/api/login"
2025-05-28T19:16:18.819Z DEBUG 169147 --- [           main] o.s.web.client.RestTemplate              : Response 200 OK
2025-05-28T19:16:18.819Z DEBUG 169147 --- [           main] o.s.web.client.RestTemplate              : Reading to [java.lang.String] as "application/json"
2025-05-28T19:16:18.819Z DEBUG 169147 --- [or-http-epoll-2] o.s.w.s.adapter.HttpWebHandlerAdapter    : [c0b41c79-3] Completed 200 OK
]]></system-out>
  </testcase>
  <testcase name="backend_testLoginUser" classname="com.examly.apigateway.ApigatewayApplicationTests" time="0.017">
    <system-out><![CDATA[2025-05-28T19:16:18.829Z DEBUG 169147 --- [           main] o.s.web.client.RestTemplate              : HTTP POST http://localhost:32797/api/login
2025-05-28T19:16:18.829Z DEBUG 169147 --- [           main] o.s.web.client.RestTemplate              : Accept=[text/plain, application/json, application/*+json, */*]
2025-05-28T19:16:18.829Z DEBUG 169147 --- [           main] o.s.web.client.RestTemplate              : Writing [{"email": "demouser@gmail.com", "password": "user@1234"}] as "application/json"
2025-05-28T19:16:18.831Z DEBUG 169147 --- [or-http-epoll-2] o.s.w.s.adapter.HttpWebHandlerAdapter    : [c0b41c79-4] HTTP POST "/api/login"
2025-05-28T19:16:18.841Z DEBUG 169147 --- [           main] o.s.web.client.RestTemplate              : Response 200 OK
2025-05-28T19:16:18.842Z DEBUG 169147 --- [           main] o.s.web.client.RestTemplate              : Reading to [java.lang.String] as "application/json"
2025-05-28T19:16:18.842Z DEBUG 169147 --- [or-http-epoll-2] o.s.w.s.adapter.HttpWebHandlerAdapter    : [c0b41c79-4] Completed 200 OK
]]></system-out>
  </testcase>
  <testcase name="backend_testAddBusWithRoleValidation" classname="com.examly.apigateway.ApigatewayApplicationTests" time="0.041">
    <system-out><![CDATA[2025-05-28T19:16:18.847Z DEBUG 169147 --- [           main] o.s.web.client.RestTemplate              : HTTP POST http://localhost:32797/api/bus
2025-05-28T19:16:18.848Z DEBUG 169147 --- [           main] o.s.web.client.RestTemplate              : Accept=[text/plain, application/json, application/*+json, */*]
2025-05-28T19:16:18.848Z DEBUG 169147 --- [           main] o.s.web.client.RestTemplate              : Writing [{"busName": "Express Bus","source": "New York","destination": "Washington D.C.","departureTime": "2025-04-01T08:00","arrivalTime": "2025-04-01T12:00","totalSeats": 50,"availableSeats": 50,"busType": "AC","fare": 25.5,"photo": "image_base64_data","user": {"userId": 1}}] as "application/json"
2025-05-28T19:16:18.850Z DEBUG 169147 --- [or-http-epoll-2] o.s.w.s.adapter.HttpWebHandlerAdapter    : [c0b41c79-5] HTTP POST "/api/bus"
2025-05-28T19:16:18.870Z DEBUG 169147 --- [           main] o.s.web.client.RestTemplate              : Response 201 CREATED
2025-05-28T19:16:18.870Z DEBUG 169147 --- [or-http-epoll-2] o.s.w.s.adapter.HttpWebHandlerAdapter    : [c0b41c79-5] Completed 201 CREATED
2025-05-28T19:16:18.870Z DEBUG 169147 --- [           main] o.s.web.client.RestTemplate              : Reading to [java.lang.String] as "application/json"
Response Status (Admin): 201 CREATED
Response Body (Admin): {"busId":53,"busName":"Express Bus","source":"New York","destination":"Washington D.C.","departureTime":"2025-04-01T08:00:00","arrivalTime":"2025-04-01T12:00:00","totalSeats":50,"availableSeats":50,"fare":25.5,"busType":"AC","photo":"image_base64_data"}
2025-05-28T19:16:18.872Z DEBUG 169147 --- [           main] o.s.web.client.RestTemplate              : HTTP POST http://localhost:32797/api/bus
2025-05-28T19:16:18.872Z DEBUG 169147 --- [           main] o.s.web.client.RestTemplate              : Accept=[text/plain, application/json, application/*+json, */*]
2025-05-28T19:16:18.872Z DEBUG 169147 --- [           main] o.s.web.client.RestTemplate              : Writing [{"busName": "Express Bus","source": "New York","destination": "Washington D.C.","departureTime": "2025-04-01T08:00","arrivalTime": "2025-04-01T12:00","totalSeats": 50,"availableSeats": 50,"busType": "AC","fare": 25.5,"photo": "image_base64_data","user": {"userId": 1}}] as "application/json"
2025-05-28T19:16:18.874Z DEBUG 169147 --- [or-http-epoll-2] o.s.w.s.adapter.HttpWebHandlerAdapter    : [c0b41c79-6] HTTP POST "/api/bus"
2025-05-28T19:16:18.883Z DEBUG 169147 --- [           main] o.s.web.client.RestTemplate              : Response 403 FORBIDDEN
2025-05-28T19:16:18.883Z DEBUG 169147 --- [           main] o.s.web.client.RestTemplate              : Reading to [java.lang.String] as "application/json"
2025-05-28T19:16:18.883Z DEBUG 169147 --- [or-http-epoll-2] o.s.w.s.adapter.HttpWebHandlerAdapter    : [c0b41c79-6] Completed 403 FORBIDDEN
Response Status (User): 403 FORBIDDEN
Response Body (User): {"timestamp":"2025-05-28T19:16:18.880+00:00","status":403,"error":"Forbidden","message":"Forbidden","path":"/api/bus"}
]]></system-out>
  </testcase>
  <testcase name="backend_testGetBusByIdWithRoleValidation" classname="com.examly.apigateway.ApigatewayApplicationTests" time="0.038">
    <failure message="expected: &lt;Express Bus&gt; but was: &lt;Updated Express Bus&gt;" type="org.opentest4j.AssertionFailedError"><![CDATA[org.opentest4j.AssertionFailedError: expected: <Express Bus> but was: <Updated Express Bus>
	at org.junit.jupiter.api.AssertionFailureBuilder.build(AssertionFailureBuilder.java:151)
	at org.junit.jupiter.api.AssertionFailureBuilder.buildAndThrow(AssertionFailureBuilder.java:132)
	at org.junit.jupiter.api.AssertEquals.failNotEqual(AssertEquals.java:197)
	at org.junit.jupiter.api.AssertEquals.assertEquals(AssertEquals.java:182)
	at org.junit.jupiter.api.AssertEquals.assertEquals(AssertEquals.java:177)
	at org.junit.jupiter.api.Assertions.assertEquals(Assertions.java:1142)
	at com.examly.apigateway.ApigatewayApplicationTests.backend_testGetBusByIdWithRoleValidation(ApigatewayApplicationTests.java:183)
	at java.base/jdk.internal.reflect.NativeMethodAccessorImpl.invoke0(Native Method)
	at java.base/jdk.internal.reflect.NativeMethodAccessorImpl.invoke(NativeMethodAccessorImpl.java:77)
	at java.base/jdk.internal.reflect.DelegatingMethodAccessorImpl.invoke(DelegatingMethodAccessorImpl.java:43)
	at java.base/java.lang.reflect.Method.invoke(Method.java:569)
	at org.junit.platform.commons.util.ReflectionUtils.invokeMethod(ReflectionUtils.java:727)
	at org.junit.jupiter.engine.execution.MethodInvocation.proceed(MethodInvocation.java:60)
	at org.junit.jupiter.engine.execution.InvocationInterceptorChain$ValidatingInvocation.proceed(InvocationInterceptorChain.java:131)
	at org.junit.jupiter.engine.extension.TimeoutExtension.intercept(TimeoutExtension.java:156)
	at org.junit.jupiter.engine.extension.TimeoutExtension.interceptTestableMethod(TimeoutExtension.java:147)
	at org.junit.jupiter.engine.extension.TimeoutExtension.interceptTestMethod(TimeoutExtension.java:86)
	at org.junit.jupiter.engine.execution.InterceptingExecutableInvoker$ReflectiveInterceptorCall.lambda$ofVoidMethod$0(InterceptingExecutableInvoker.java:103)
	at org.junit.jupiter.engine.execution.InterceptingExecutableInvoker.lambda$invoke$0(InterceptingExecutableInvoker.java:93)
	at org.junit.jupiter.engine.execution.InvocationInterceptorChain$InterceptedInvocation.proceed(InvocationInterceptorChain.java:106)
	at org.junit.jupiter.engine.execution.InvocationInterceptorChain.proceed(InvocationInterceptorChain.java:64)
	at org.junit.jupiter.engine.execution.InvocationInterceptorChain.chainAndInvoke(InvocationInterceptorChain.java:45)
	at org.junit.jupiter.engine.execution.InvocationInterceptorChain.invoke(InvocationInterceptorChain.java:37)
	at org.junit.jupiter.engine.execution.InterceptingExecutableInvoker.invoke(InterceptingExecutableInvoker.java:92)
	at org.junit.jupiter.engine.execution.InterceptingExecutableInvoker.invoke(InterceptingExecutableInvoker.java:86)
	at org.junit.jupiter.engine.descriptor.TestMethodTestDescriptor.lambda$invokeTestMethod$7(TestMethodTestDescriptor.java:217)
	at org.junit.platform.engine.support.hierarchical.ThrowableCollector.execute(ThrowableCollector.java:73)
	at org.junit.jupiter.engine.descriptor.TestMethodTestDescriptor.invokeTestMethod(TestMethodTestDescriptor.java:213)
	at org.junit.jupiter.engine.descriptor.TestMethodTestDescriptor.execute(TestMethodTestDescriptor.java:138)
	at org.junit.jupiter.engine.descriptor.TestMethodTestDescriptor.execute(TestMethodTestDescriptor.java:68)
	at org.junit.platform.engine.support.hierarchical.NodeTestTask.lambda$executeRecursively$6(NodeTestTask.java:151)
	at org.junit.platform.engine.support.hierarchical.ThrowableCollector.execute(ThrowableCollector.java:73)
	at org.junit.platform.engine.support.hierarchical.NodeTestTask.lambda$executeRecursively$8(NodeTestTask.java:141)
	at org.junit.platform.engine.support.hierarchical.Node.around(Node.java:137)
	at org.junit.platform.engine.support.hierarchical.NodeTestTask.lambda$executeRecursively$9(NodeTestTask.java:139)
	at org.junit.platform.engine.support.hierarchical.ThrowableCollector.execute(ThrowableCollector.java:73)
	at org.junit.platform.engine.support.hierarchical.NodeTestTask.executeRecursively(NodeTestTask.java:138)
	at org.junit.platform.engine.support.hierarchical.NodeTestTask.execute(NodeTestTask.java:95)
	at java.base/java.util.ArrayList.forEach(ArrayList.java:1511)
	at org.junit.platform.engine.support.hierarchical.SameThreadHierarchicalTestExecutorService.invokeAll(SameThreadHierarchicalTestExecutorService.java:41)
	at org.junit.platform.engine.support.hierarchical.NodeTestTask.lambda$executeRecursively$6(NodeTestTask.java:155)
	at org.junit.platform.engine.support.hierarchical.ThrowableCollector.execute(ThrowableCollector.java:73)
	at org.junit.platform.engine.support.hierarchical.NodeTestTask.lambda$executeRecursively$8(NodeTestTask.java:141)
	at org.junit.platform.engine.support.hierarchical.Node.around(Node.java:137)
	at org.junit.platform.engine.support.hierarchical.NodeTestTask.lambda$executeRecursively$9(NodeTestTask.java:139)
	at org.junit.platform.engine.support.hierarchical.ThrowableCollector.execute(ThrowableCollector.java:73)
	at org.junit.platform.engine.support.hierarchical.NodeTestTask.executeRecursively(NodeTestTask.java:138)
	at org.junit.platform.engine.support.hierarchical.NodeTestTask.execute(NodeTestTask.java:95)
	at java.base/java.util.ArrayList.forEach(ArrayList.java:1511)
	at org.junit.platform.engine.support.hierarchical.SameThreadHierarchicalTestExecutorService.invokeAll(SameThreadHierarchicalTestExecutorService.java:41)
	at org.junit.platform.engine.support.hierarchical.NodeTestTask.lambda$executeRecursively$6(NodeTestTask.java:155)
	at org.junit.platform.engine.support.hierarchical.ThrowableCollector.execute(ThrowableCollector.java:73)
	at org.junit.platform.engine.support.hierarchical.NodeTestTask.lambda$executeRecursively$8(NodeTestTask.java:141)
	at org.junit.platform.engine.support.hierarchical.Node.around(Node.java:137)
	at org.junit.platform.engine.support.hierarchical.NodeTestTask.lambda$executeRecursively$9(NodeTestTask.java:139)
	at org.junit.platform.engine.support.hierarchical.ThrowableCollector.execute(ThrowableCollector.java:73)
	at org.junit.platform.engine.support.hierarchical.NodeTestTask.executeRecursively(NodeTestTask.java:138)
	at org.junit.platform.engine.support.hierarchical.NodeTestTask.execute(NodeTestTask.java:95)
	at org.junit.platform.engine.support.hierarchical.SameThreadHierarchicalTestExecutorService.submit(SameThreadHierarchicalTestExecutorService.java:35)
	at org.junit.platform.engine.support.hierarchical.HierarchicalTestExecutor.execute(HierarchicalTestExecutor.java:57)
	at org.junit.platform.engine.support.hierarchical.HierarchicalTestEngine.execute(HierarchicalTestEngine.java:54)
	at org.junit.platform.launcher.core.EngineExecutionOrchestrator.execute(EngineExecutionOrchestrator.java:147)
	at org.junit.platform.launcher.core.EngineExecutionOrchestrator.execute(EngineExecutionOrchestrator.java:127)
	at org.junit.platform.launcher.core.EngineExecutionOrchestrator.execute(EngineExecutionOrchestrator.java:90)
	at org.junit.platform.launcher.core.EngineExecutionOrchestrator.lambda$execute$0(EngineExecutionOrchestrator.java:55)
	at org.junit.platform.launcher.core.EngineExecutionOrchestrator.withInterceptedStreams(EngineExecutionOrchestrator.java:102)
	at org.junit.platform.launcher.core.EngineExecutionOrchestrator.execute(EngineExecutionOrchestrator.java:54)
	at org.junit.platform.launcher.core.DefaultLauncher.execute(DefaultLauncher.java:114)
	at org.junit.platform.launcher.core.DefaultLauncher.execute(DefaultLauncher.java:86)
	at org.junit.platform.launcher.core.DefaultLauncherSession$DelegatingLauncher.execute(DefaultLauncherSession.java:86)
	at org.apache.maven.surefire.junitplatform.LazyLauncher.execute(LazyLauncher.java:50)
	at org.apache.maven.surefire.junitplatform.JUnitPlatformProvider.execute(JUnitPlatformProvider.java:184)
	at org.apache.maven.surefire.junitplatform.JUnitPlatformProvider.invokeAllTests(JUnitPlatformProvider.java:148)
	at org.apache.maven.surefire.junitplatform.JUnitPlatformProvider.invoke(JUnitPlatformProvider.java:122)
	at org.apache.maven.surefire.booter.ForkedBooter.runSuitesInProcess(ForkedBooter.java:385)
	at org.apache.maven.surefire.booter.ForkedBooter.execute(ForkedBooter.java:162)
	at org.apache.maven.surefire.booter.ForkedBooter.run(ForkedBooter.java:507)
	at org.apache.maven.surefire.booter.ForkedBooter.main(ForkedBooter.java:495)
]]></failure>
    <system-out><![CDATA[2025-05-28T19:16:18.889Z DEBUG 169147 --- [           main] o.s.web.client.RestTemplate              : HTTP GET http://localhost:32797/api/bus/1
2025-05-28T19:16:18.889Z DEBUG 169147 --- [           main] o.s.web.client.RestTemplate              : Accept=[text/plain, application/json, application/*+json, */*]
2025-05-28T19:16:18.891Z DEBUG 169147 --- [or-http-epoll-2] o.s.w.s.adapter.HttpWebHandlerAdapter    : [c0b41c79-7] HTTP GET "/api/bus/1"
2025-05-28T19:16:18.917Z DEBUG 169147 --- [           main] o.s.web.client.RestTemplate              : Response 200 OK
2025-05-28T19:16:18.918Z DEBUG 169147 --- [           main] o.s.web.client.RestTemplate              : Reading to [java.lang.String] as "application/json"
2025-05-28T19:16:18.918Z DEBUG 169147 --- [or-http-epoll-2] o.s.w.s.adapter.HttpWebHandlerAdapter    : [c0b41c79-7] Completed 200 OK
200 OK Status code for Admin retrieving food
]]></system-out>
  </testcase>
  <testcase name="backend_testGetAllBuses" classname="com.examly.apigateway.ApigatewayApplicationTests" time="0.032">
    <system-out><![CDATA[2025-05-28T19:16:18.930Z DEBUG 169147 --- [           main] o.s.web.client.RestTemplate              : HTTP GET http://localhost:32797/api/bus
2025-05-28T19:16:18.931Z DEBUG 169147 --- [           main] o.s.web.client.RestTemplate              : Accept=[text/plain, application/json, application/*+json, */*]
2025-05-28T19:16:18.932Z DEBUG 169147 --- [or-http-epoll-2] o.s.w.s.adapter.HttpWebHandlerAdapter    : [c0b41c79-8] HTTP GET "/api/bus"
2025-05-28T19:16:18.944Z DEBUG 169147 --- [           main] o.s.web.client.RestTemplate              : Response 200 OK
2025-05-28T19:16:18.944Z DEBUG 169147 --- [or-http-epoll-2] o.s.w.s.adapter.HttpWebHandlerAdapter    : [c0b41c79-8] Completed 200 OK
2025-05-28T19:16:18.944Z DEBUG 169147 --- [           main] o.s.web.client.RestTemplate              : Reading to [java.lang.String] as "application/json"
200 OK Status code for Admin getting all buses
2025-05-28T19:16:18.946Z DEBUG 169147 --- [           main] o.s.web.client.RestTemplate              : HTTP GET http://localhost:32797/api/bus
2025-05-28T19:16:18.946Z DEBUG 169147 --- [           main] o.s.web.client.RestTemplate              : Accept=[text/plain, application/json, application/*+json, */*]
2025-05-28T19:16:18.947Z DEBUG 169147 --- [or-http-epoll-2] o.s.w.s.adapter.HttpWebHandlerAdapter    : [c0b41c79-9] HTTP GET "/api/bus"
2025-05-28T19:16:18.957Z DEBUG 169147 --- [           main] o.s.web.client.RestTemplate              : Response 200 OK
2025-05-28T19:16:18.957Z DEBUG 169147 --- [           main] o.s.web.client.RestTemplate              : Reading to [java.lang.String] as "application/json"
2025-05-28T19:16:18.957Z DEBUG 169147 --- [or-http-epoll-2] o.s.w.s.adapter.HttpWebHandlerAdapter    : [c0b41c79-9] Completed 200 OK
200 OK Status code for User getting all buses
]]></system-out>
  </testcase>
  <testcase name="backend_testUpdateBusWithRoleValidation" classname="com.examly.apigateway.ApigatewayApplicationTests" time="0.033">
    <system-out><![CDATA[2025-05-28T19:16:18.964Z DEBUG 169147 --- [           main] o.s.web.client.RestTemplate              : HTTP PUT http://localhost:32797/api/bus/1
2025-05-28T19:16:18.965Z DEBUG 169147 --- [           main] o.s.web.client.RestTemplate              : Accept=[text/plain, application/json, application/*+json, */*]
2025-05-28T19:16:18.965Z DEBUG 169147 --- [           main] o.s.web.client.RestTemplate              : Writing [{"busId": 1,"busName": "Updated Express Bus","source": "Los Angeles","destination": "San Francisco","departureTime": "2025-04-05T10:00","arrivalTime": "2025-04-05T15:00","totalSeats": 45,"availableSeats": 40,"busType": "Sleeper","fare": 35.0,"photo": "updatedBase64String","user": {"userId": 1}}] as "application/json"
2025-05-28T19:16:18.966Z DEBUG 169147 --- [or-http-epoll-2] o.s.w.s.adapter.HttpWebHandlerAdapter    : [c0b41c79-10] HTTP PUT "/api/bus/1"
2025-05-28T19:16:18.978Z DEBUG 169147 --- [           main] o.s.web.client.RestTemplate              : Response 200 OK
2025-05-28T19:16:18.978Z DEBUG 169147 --- [or-http-epoll-2] o.s.w.s.adapter.HttpWebHandlerAdapter    : [c0b41c79-10] Completed 200 OK
2025-05-28T19:16:18.978Z DEBUG 169147 --- [           main] o.s.web.client.RestTemplate              : Reading to [java.lang.String] as "application/json"
200 OK Status code for Admin updating bus
Admin Update Response JSON: {"busId":1,"busName":"Updated Express Bus","source":"Los Angeles","destination":"San Francisco","departureTime":"2025-04-05T10:00:00","arrivalTime":"2025-04-05T15:00:00","totalSeats":45,"availableSeats":40,"fare":35.0,"busType":"Sleeper","photo":"updatedBase64String"}
2025-05-28T19:16:18.982Z DEBUG 169147 --- [           main] o.s.web.client.RestTemplate              : HTTP PUT http://localhost:32797/api/bus/1
2025-05-28T19:16:18.983Z DEBUG 169147 --- [           main] o.s.web.client.RestTemplate              : Accept=[text/plain, application/json, application/*+json, */*]
2025-05-28T19:16:18.983Z DEBUG 169147 --- [           main] o.s.web.client.RestTemplate              : Writing [{"busId": 1,"busName": "Updated Express Bus","source": "Los Angeles","destination": "San Francisco","departureTime": "2025-04-05T10:00","arrivalTime": "2025-04-05T15:00","totalSeats": 45,"availableSeats": 40,"busType": "Sleeper","fare": 35.0,"photo": "updatedBase64String","user": {"userId": 1}}] as "application/json"
2025-05-28T19:16:18.984Z DEBUG 169147 --- [or-http-epoll-2] o.s.w.s.adapter.HttpWebHandlerAdapter    : [c0b41c79-11] HTTP PUT "/api/bus/1"
2025-05-28T19:16:18.992Z DEBUG 169147 --- [           main] o.s.web.client.RestTemplate              : Response 403 FORBIDDEN
2025-05-28T19:16:18.992Z DEBUG 169147 --- [           main] o.s.web.client.RestTemplate              : Reading to [java.lang.String] as "application/json"
2025-05-28T19:16:18.992Z DEBUG 169147 --- [or-http-epoll-2] o.s.w.s.adapter.HttpWebHandlerAdapter    : [c0b41c79-11] Completed 403 FORBIDDEN
403 FORBIDDEN Status code for User trying to update bus
]]></system-out>
  </testcase>
  <testcase name="backend_testUserCanAddBooking" classname="com.examly.apigateway.ApigatewayApplicationTests" time="0.063">
    <system-out><![CDATA[2025-05-28T19:16:18.997Z DEBUG 169147 --- [           main] o.s.web.client.RestTemplate              : HTTP POST http://localhost:32797/api/bookings
2025-05-28T19:16:18.997Z DEBUG 169147 --- [           main] o.s.web.client.RestTemplate              : Accept=[text/plain, application/json, application/*+json, */*]
2025-05-28T19:16:18.997Z DEBUG 169147 --- [           main] o.s.web.client.RestTemplate              : Writing [{"bookingDate": "2025-04-10","numberOfSeats": 2,"seatNumbers": [5, 6],"status": "CONFIRMED","user": {"userId": 2},"bus": {"busId": 1}}] as "application/json"
2025-05-28T19:16:18.998Z DEBUG 169147 --- [or-http-epoll-2] o.s.w.s.adapter.HttpWebHandlerAdapter    : [c0b41c79-12] HTTP POST "/api/bookings"
2025-05-28T19:16:19.044Z DEBUG 169147 --- [           main] o.s.web.client.RestTemplate              : Response 201 CREATED
2025-05-28T19:16:19.044Z DEBUG 169147 --- [           main] o.s.web.client.RestTemplate              : Reading to [java.lang.String] as "application/json"
2025-05-28T19:16:19.045Z DEBUG 169147 --- [or-http-epoll-2] o.s.w.s.adapter.HttpWebHandlerAdapter    : [c0b41c79-12] Completed 201 CREATED
201 CREATED Status code for User adding booking
2025-05-28T19:16:19.046Z DEBUG 169147 --- [           main] o.s.web.client.RestTemplate              : HTTP POST http://localhost:32797/api/bookings
2025-05-28T19:16:19.046Z DEBUG 169147 --- [           main] o.s.web.client.RestTemplate              : Accept=[text/plain, application/json, application/*+json, */*]
2025-05-28T19:16:19.046Z DEBUG 169147 --- [           main] o.s.web.client.RestTemplate              : Writing [{"bookingDate": "2025-04-10","numberOfSeats": 2,"seatNumbers": [5, 6],"status": "CONFIRMED","user": {"userId": 2},"bus": {"busId": 1}}] as "application/json"
2025-05-28T19:16:19.047Z DEBUG 169147 --- [or-http-epoll-2] o.s.w.s.adapter.HttpWebHandlerAdapter    : [c0b41c79-13] HTTP POST "/api/bookings"
2025-05-28T19:16:19.056Z DEBUG 169147 --- [           main] o.s.web.client.RestTemplate              : Response 403 FORBIDDEN
2025-05-28T19:16:19.056Z DEBUG 169147 --- [or-http-epoll-2] o.s.w.s.adapter.HttpWebHandlerAdapter    : [c0b41c79-13] Completed 403 FORBIDDEN
2025-05-28T19:16:19.056Z DEBUG 169147 --- [           main] o.s.web.client.RestTemplate              : Reading to [java.lang.String] as "application/json"
403 FORBIDDEN Status code for Admin trying to add a booking
]]></system-out>
  </testcase>
  <testcase name="backend_testAdminCanUpdateBooking" classname="com.examly.apigateway.ApigatewayApplicationTests" time="0.034">
    <failure message="expected: &lt;200 OK&gt; but was: &lt;500 INTERNAL_SERVER_ERROR&gt;" type="org.opentest4j.AssertionFailedError"><![CDATA[org.opentest4j.AssertionFailedError: expected: <200 OK> but was: <500 INTERNAL_SERVER_ERROR>
	at org.junit.jupiter.api.AssertionFailureBuilder.build(AssertionFailureBuilder.java:151)
	at org.junit.jupiter.api.AssertionFailureBuilder.buildAndThrow(AssertionFailureBuilder.java:132)
	at org.junit.jupiter.api.AssertEquals.failNotEqual(AssertEquals.java:197)
	at org.junit.jupiter.api.AssertEquals.assertEquals(AssertEquals.java:182)
	at org.junit.jupiter.api.AssertEquals.assertEquals(AssertEquals.java:177)
	at org.junit.jupiter.api.Assertions.assertEquals(Assertions.java:1142)
	at com.examly.apigateway.ApigatewayApplicationTests.backend_testAdminCanUpdateBooking(ApigatewayApplicationTests.java:367)
	at java.base/jdk.internal.reflect.NativeMethodAccessorImpl.invoke0(Native Method)
	at java.base/jdk.internal.reflect.NativeMethodAccessorImpl.invoke(NativeMethodAccessorImpl.java:77)
	at java.base/jdk.internal.reflect.DelegatingMethodAccessorImpl.invoke(DelegatingMethodAccessorImpl.java:43)
	at java.base/java.lang.reflect.Method.invoke(Method.java:569)
	at org.junit.platform.commons.util.ReflectionUtils.invokeMethod(ReflectionUtils.java:727)
	at org.junit.jupiter.engine.execution.MethodInvocation.proceed(MethodInvocation.java:60)
	at org.junit.jupiter.engine.execution.InvocationInterceptorChain$ValidatingInvocation.proceed(InvocationInterceptorChain.java:131)
	at org.junit.jupiter.engine.extension.TimeoutExtension.intercept(TimeoutExtension.java:156)
	at org.junit.jupiter.engine.extension.TimeoutExtension.interceptTestableMethod(TimeoutExtension.java:147)
	at org.junit.jupiter.engine.extension.TimeoutExtension.interceptTestMethod(TimeoutExtension.java:86)
	at org.junit.jupiter.engine.execution.InterceptingExecutableInvoker$ReflectiveInterceptorCall.lambda$ofVoidMethod$0(InterceptingExecutableInvoker.java:103)
	at org.junit.jupiter.engine.execution.InterceptingExecutableInvoker.lambda$invoke$0(InterceptingExecutableInvoker.java:93)
	at org.junit.jupiter.engine.execution.InvocationInterceptorChain$InterceptedInvocation.proceed(InvocationInterceptorChain.java:106)
	at org.junit.jupiter.engine.execution.InvocationInterceptorChain.proceed(InvocationInterceptorChain.java:64)
	at org.junit.jupiter.engine.execution.InvocationInterceptorChain.chainAndInvoke(InvocationInterceptorChain.java:45)
	at org.junit.jupiter.engine.execution.InvocationInterceptorChain.invoke(InvocationInterceptorChain.java:37)
	at org.junit.jupiter.engine.execution.InterceptingExecutableInvoker.invoke(InterceptingExecutableInvoker.java:92)
	at org.junit.jupiter.engine.execution.InterceptingExecutableInvoker.invoke(InterceptingExecutableInvoker.java:86)
	at org.junit.jupiter.engine.descriptor.TestMethodTestDescriptor.lambda$invokeTestMethod$7(TestMethodTestDescriptor.java:217)
	at org.junit.platform.engine.support.hierarchical.ThrowableCollector.execute(ThrowableCollector.java:73)
	at org.junit.jupiter.engine.descriptor.TestMethodTestDescriptor.invokeTestMethod(TestMethodTestDescriptor.java:213)
	at org.junit.jupiter.engine.descriptor.TestMethodTestDescriptor.execute(TestMethodTestDescriptor.java:138)
	at org.junit.jupiter.engine.descriptor.TestMethodTestDescriptor.execute(TestMethodTestDescriptor.java:68)
	at org.junit.platform.engine.support.hierarchical.NodeTestTask.lambda$executeRecursively$6(NodeTestTask.java:151)
	at org.junit.platform.engine.support.hierarchical.ThrowableCollector.execute(ThrowableCollector.java:73)
	at org.junit.platform.engine.support.hierarchical.NodeTestTask.lambda$executeRecursively$8(NodeTestTask.java:141)
	at org.junit.platform.engine.support.hierarchical.Node.around(Node.java:137)
	at org.junit.platform.engine.support.hierarchical.NodeTestTask.lambda$executeRecursively$9(NodeTestTask.java:139)
	at org.junit.platform.engine.support.hierarchical.ThrowableCollector.execute(ThrowableCollector.java:73)
	at org.junit.platform.engine.support.hierarchical.NodeTestTask.executeRecursively(NodeTestTask.java:138)
	at org.junit.platform.engine.support.hierarchical.NodeTestTask.execute(NodeTestTask.java:95)
	at java.base/java.util.ArrayList.forEach(ArrayList.java:1511)
	at org.junit.platform.engine.support.hierarchical.SameThreadHierarchicalTestExecutorService.invokeAll(SameThreadHierarchicalTestExecutorService.java:41)
	at org.junit.platform.engine.support.hierarchical.NodeTestTask.lambda$executeRecursively$6(NodeTestTask.java:155)
	at org.junit.platform.engine.support.hierarchical.ThrowableCollector.execute(ThrowableCollector.java:73)
	at org.junit.platform.engine.support.hierarchical.NodeTestTask.lambda$executeRecursively$8(NodeTestTask.java:141)
	at org.junit.platform.engine.support.hierarchical.Node.around(Node.java:137)
	at org.junit.platform.engine.support.hierarchical.NodeTestTask.lambda$executeRecursively$9(NodeTestTask.java:139)
	at org.junit.platform.engine.support.hierarchical.ThrowableCollector.execute(ThrowableCollector.java:73)
	at org.junit.platform.engine.support.hierarchical.NodeTestTask.executeRecursively(NodeTestTask.java:138)
	at org.junit.platform.engine.support.hierarchical.NodeTestTask.execute(NodeTestTask.java:95)
	at java.base/java.util.ArrayList.forEach(ArrayList.java:1511)
	at org.junit.platform.engine.support.hierarchical.SameThreadHierarchicalTestExecutorService.invokeAll(SameThreadHierarchicalTestExecutorService.java:41)
	at org.junit.platform.engine.support.hierarchical.NodeTestTask.lambda$executeRecursively$6(NodeTestTask.java:155)
	at org.junit.platform.engine.support.hierarchical.ThrowableCollector.execute(ThrowableCollector.java:73)
	at org.junit.platform.engine.support.hierarchical.NodeTestTask.lambda$executeRecursively$8(NodeTestTask.java:141)
	at org.junit.platform.engine.support.hierarchical.Node.around(Node.java:137)
	at org.junit.platform.engine.support.hierarchical.NodeTestTask.lambda$executeRecursively$9(NodeTestTask.java:139)
	at org.junit.platform.engine.support.hierarchical.ThrowableCollector.execute(ThrowableCollector.java:73)
	at org.junit.platform.engine.support.hierarchical.NodeTestTask.executeRecursively(NodeTestTask.java:138)
	at org.junit.platform.engine.support.hierarchical.NodeTestTask.execute(NodeTestTask.java:95)
	at org.junit.platform.engine.support.hierarchical.SameThreadHierarchicalTestExecutorService.submit(SameThreadHierarchicalTestExecutorService.java:35)
	at org.junit.platform.engine.support.hierarchical.HierarchicalTestExecutor.execute(HierarchicalTestExecutor.java:57)
	at org.junit.platform.engine.support.hierarchical.HierarchicalTestEngine.execute(HierarchicalTestEngine.java:54)
	at org.junit.platform.launcher.core.EngineExecutionOrchestrator.execute(EngineExecutionOrchestrator.java:147)
	at org.junit.platform.launcher.core.EngineExecutionOrchestrator.execute(EngineExecutionOrchestrator.java:127)
	at org.junit.platform.launcher.core.EngineExecutionOrchestrator.execute(EngineExecutionOrchestrator.java:90)
	at org.junit.platform.launcher.core.EngineExecutionOrchestrator.lambda$execute$0(EngineExecutionOrchestrator.java:55)
	at org.junit.platform.launcher.core.EngineExecutionOrchestrator.withInterceptedStreams(EngineExecutionOrchestrator.java:102)
	at org.junit.platform.launcher.core.EngineExecutionOrchestrator.execute(EngineExecutionOrchestrator.java:54)
	at org.junit.platform.launcher.core.DefaultLauncher.execute(DefaultLauncher.java:114)
	at org.junit.platform.launcher.core.DefaultLauncher.execute(DefaultLauncher.java:86)
	at org.junit.platform.launcher.core.DefaultLauncherSession$DelegatingLauncher.execute(DefaultLauncherSession.java:86)
	at org.apache.maven.surefire.junitplatform.LazyLauncher.execute(LazyLauncher.java:50)
	at org.apache.maven.surefire.junitplatform.JUnitPlatformProvider.execute(JUnitPlatformProvider.java:184)
	at org.apache.maven.surefire.junitplatform.JUnitPlatformProvider.invokeAllTests(JUnitPlatformProvider.java:148)
	at org.apache.maven.surefire.junitplatform.JUnitPlatformProvider.invoke(JUnitPlatformProvider.java:122)
	at org.apache.maven.surefire.booter.ForkedBooter.runSuitesInProcess(ForkedBooter.java:385)
	at org.apache.maven.surefire.booter.ForkedBooter.execute(ForkedBooter.java:162)
	at org.apache.maven.surefire.booter.ForkedBooter.run(ForkedBooter.java:507)
	at org.apache.maven.surefire.booter.ForkedBooter.main(ForkedBooter.java:495)
]]></failure>
    <system-out><![CDATA[2025-05-28T19:16:19.063Z DEBUG 169147 --- [           main] o.s.web.client.RestTemplate              : HTTP PUT http://localhost:32797/api/bookings/1
2025-05-28T19:16:19.063Z DEBUG 169147 --- [           main] o.s.web.client.RestTemplate              : Accept=[text/plain, application/json, application/*+json, */*]
2025-05-28T19:16:19.063Z DEBUG 169147 --- [           main] o.s.web.client.RestTemplate              : Writing [{"bookingId": 1,"bookingDate": "2025-04-15","numberOfSeats": 3,"seatNumbers": [7, 8, 9],"status": "CONFIRMED","user": {"userId": 1}}] as "application/json"
2025-05-28T19:16:19.065Z DEBUG 169147 --- [or-http-epoll-2] o.s.w.s.adapter.HttpWebHandlerAdapter    : [c0b41c79-14] HTTP PUT "/api/bookings/1"
2025-05-28T19:16:19.086Z DEBUG 169147 --- [           main] o.s.web.client.RestTemplate              : Response 500 INTERNAL_SERVER_ERROR
2025-05-28T19:16:19.088Z DEBUG 169147 --- [           main] o.s.web.client.RestTemplate              : Reading to [java.lang.String] as "application/json"
2025-05-28T19:16:19.089Z DEBUG 169147 --- [or-http-epoll-2] o.s.w.s.adapter.HttpWebHandlerAdapter    : [c0b41c79-14] Completed 500 INTERNAL_SERVER_ERROR
500 INTERNAL_SERVER_ERROR Status code for Admin updating booking
]]></system-out>
  </testcase>
  <testcase name="backend_testRoleBasedAccessForViewingAllBookings" classname="com.examly.apigateway.ApigatewayApplicationTests" time="0.034">
    <system-out><![CDATA[2025-05-28T19:16:19.096Z DEBUG 169147 --- [           main] o.s.web.client.RestTemplate              : HTTP GET http://localhost:32797/api/bookings
2025-05-28T19:16:19.097Z DEBUG 169147 --- [           main] o.s.web.client.RestTemplate              : Accept=[text/plain, application/json, application/*+json, */*]
2025-05-28T19:16:19.098Z DEBUG 169147 --- [or-http-epoll-2] o.s.w.s.adapter.HttpWebHandlerAdapter    : [c0b41c79-15] HTTP GET "/api/bookings"
2025-05-28T19:16:19.115Z DEBUG 169147 --- [           main] o.s.web.client.RestTemplate              : Response 200 OK
2025-05-28T19:16:19.115Z DEBUG 169147 --- [           main] o.s.web.client.RestTemplate              : Reading to [java.lang.String] as "application/json"
2025-05-28T19:16:19.115Z DEBUG 169147 --- [or-http-epoll-2] o.s.w.s.adapter.HttpWebHandlerAdapter    : [c0b41c79-15] Completed 200 OK
200 OK Status code for Admin viewing all bookings
Admin View Bookings Response JSON: [{"bookingId":1,"bookingDate":"2025-04-10","numberOfSeats":2,"seatNumbers":[5,6],"status":"CONFIRMED","user":null,"bus":{"busId":1,"busName":"Updated Express Bus","source":"Los Angeles","destination":"San Francisco","departureTime":"2025-04-05T10:00:00","arrivalTime":"2025-04-05T15:00:00","totalSeats":45,"availableSeats":40,"fare":35.0,"busType":"Sleeper","photo":"updatedBase64String"}},{"bookingId":2,"bookingDate":"2025-04-10","numberOfSeats":2,"seatNumbers":[5,6],"status":"CONFIRMED","user":null,"bus":{"busId":1,"busName":"Updated Express Bus","source":"Los Angeles","destination":"San Francisco","departureTime":"2025-04-05T10:00:00","arrivalTime":"2025-04-05T15:00:00","totalSeats":45,"availableSeats":40,"fare":35.0,"busType":"Sleeper","photo":"updatedBase64String"}},{"bookingId":3,"bookingDate":"2025-04-10","numberOfSeats":2,"seatNumbers":[5,6],"status":"CONFIRMED","user":null,"bus":{"busId":1,"busName":"Updated Express Bus","source":"Los Angeles","destination":"San Francisco","departureTime":"2025-04-05T10:00:00","arrivalTime":"2025-04-05T15:00:00","totalSeats":45,"availableSeats":40,"fare":35.0,"busType":"Sleeper","photo":"updatedBase64String"}},{"bookingId":4,"bookingDate":"2025-04-10","numberOfSeats":2,"seatNumbers":[5,6],"status":"CONFIRMED","user":null,"bus":{"busId":1,"busName":"Updated Express Bus","source":"Los Angeles","destination":"San Francisco","departureTime":"2025-04-05T10:00:00","arrivalTime":"2025-04-05T15:00:00","totalSeats":45,"availableSeats":40,"fare":35.0,"busType":"Sleeper","photo":"updatedBase64String"}},{"bookingId":52,"bookingDate":"2025-04-10","numberOfSeats":2,"seatNumbers":[5,6],"status":"CONFIRMED","user":null,"bus":{"busId":1,"busName":"Updated Express Bus","source":"Los Angeles","destination":"San Francisco","departureTime":"2025-04-05T10:00:00","arrivalTime":"2025-04-05T15:00:00","totalSeats":45,"availableSeats":40,"fare":35.0,"busType":"Sleeper","photo":"updatedBase64String"}},{"bookingId":53,"bookingDate":"2025-04-10","numberOfSeats":2,"seatNumbers":[5,6],"status":"CONFIRMED","user":null,"bus":{"busId":1,"busName":"Updated Express Bus","source":"Los Angeles","destination":"San Francisco","departureTime":"2025-04-05T10:00:00","arrivalTime":"2025-04-05T15:00:00","totalSeats":45,"availableSeats":40,"fare":35.0,"busType":"Sleeper","photo":"updatedBase64String"}}]
2025-05-28T19:16:19.117Z DEBUG 169147 --- [           main] o.s.web.client.RestTemplate              : HTTP GET http://localhost:32797/api/bookings
2025-05-28T19:16:19.117Z DEBUG 169147 --- [           main] o.s.web.client.RestTemplate              : Accept=[text/plain, application/json, application/*+json, */*]
2025-05-28T19:16:19.118Z DEBUG 169147 --- [or-http-epoll-2] o.s.w.s.adapter.HttpWebHandlerAdapter    : [c0b41c79-16] HTTP GET "/api/bookings"
2025-05-28T19:16:19.126Z DEBUG 169147 --- [           main] o.s.web.client.RestTemplate              : Response 403 FORBIDDEN
2025-05-28T19:16:19.126Z DEBUG 169147 --- [           main] o.s.web.client.RestTemplate              : Reading to [java.lang.String] as "application/json"
2025-05-28T19:16:19.126Z DEBUG 169147 --- [or-http-epoll-2] o.s.w.s.adapter.HttpWebHandlerAdapter    : [c0b41c79-16] Completed 403 FORBIDDEN
403 FORBIDDEN Status code for User trying to view all bookings
]]></system-out>
  </testcase>
  <testcase name="backend_testUserCanViewOwnBookings" classname="com.examly.apigateway.ApigatewayApplicationTests" time="0.029">
    <system-out><![CDATA[2025-05-28T19:16:19.131Z DEBUG 169147 --- [           main] o.s.web.client.RestTemplate              : HTTP GET http://localhost:32797/api/bookings/user/2
2025-05-28T19:16:19.132Z DEBUG 169147 --- [           main] o.s.web.client.RestTemplate              : Accept=[text/plain, application/json, application/*+json, */*]
2025-05-28T19:16:19.134Z DEBUG 169147 --- [or-http-epoll-2] o.s.w.s.adapter.HttpWebHandlerAdapter    : [c0b41c79-17] HTTP GET "/api/bookings/user/2"
2025-05-28T19:16:19.147Z DEBUG 169147 --- [           main] o.s.web.client.RestTemplate              : Response 200 OK
2025-05-28T19:16:19.147Z DEBUG 169147 --- [or-http-epoll-2] o.s.w.s.adapter.HttpWebHandlerAdapter    : [c0b41c79-17] Completed 200 OK
2025-05-28T19:16:19.148Z DEBUG 169147 --- [           main] o.s.web.client.RestTemplate              : Reading to [java.lang.String] as "application/json"
200 OK Status code for User viewing their own bookings
User View Own Bookings Response JSON: []
2025-05-28T19:16:19.148Z DEBUG 169147 --- [           main] o.s.web.client.RestTemplate              : HTTP GET http://localhost:32797/api/bookings/user/2
2025-05-28T19:16:19.149Z DEBUG 169147 --- [           main] o.s.web.client.RestTemplate              : Accept=[text/plain, application/json, application/*+json, */*]
2025-05-28T19:16:19.150Z DEBUG 169147 --- [or-http-epoll-2] o.s.w.s.adapter.HttpWebHandlerAdapter    : [c0b41c79-18] HTTP GET "/api/bookings/user/2"
2025-05-28T19:16:19.156Z DEBUG 169147 --- [           main] o.s.web.client.RestTemplate              : Response 403 FORBIDDEN
2025-05-28T19:16:19.156Z DEBUG 169147 --- [or-http-epoll-2] o.s.w.s.adapter.HttpWebHandlerAdapter    : [c0b41c79-18] Completed 403 FORBIDDEN
2025-05-28T19:16:19.156Z DEBUG 169147 --- [           main] o.s.web.client.RestTemplate              : Reading to [java.lang.String] as "application/json"
403 FORBIDDEN Status code for Admin trying to add a booking
]]></system-out>
  </testcase>
  <testcase name="backend_testAddFeedbackWithRoleValidation" classname="com.examly.apigateway.ApigatewayApplicationTests" time="0.033">
    <failure message="expected: &lt;201 CREATED&gt; but was: &lt;500 INTERNAL_SERVER_ERROR&gt;" type="org.opentest4j.AssertionFailedError"><![CDATA[org.opentest4j.AssertionFailedError: expected: <201 CREATED> but was: <500 INTERNAL_SERVER_ERROR>
	at org.junit.jupiter.api.AssertionFailureBuilder.build(AssertionFailureBuilder.java:151)
	at org.junit.jupiter.api.AssertionFailureBuilder.buildAndThrow(AssertionFailureBuilder.java:132)
	at org.junit.jupiter.api.AssertEquals.failNotEqual(AssertEquals.java:197)
	at org.junit.jupiter.api.AssertEquals.assertEquals(AssertEquals.java:182)
	at org.junit.jupiter.api.AssertEquals.assertEquals(AssertEquals.java:177)
	at org.junit.jupiter.api.Assertions.assertEquals(Assertions.java:1142)
	at com.examly.apigateway.ApigatewayApplicationTests.backend_testAddFeedbackWithRoleValidation(ApigatewayApplicationTests.java:483)
	at java.base/jdk.internal.reflect.NativeMethodAccessorImpl.invoke0(Native Method)
	at java.base/jdk.internal.reflect.NativeMethodAccessorImpl.invoke(NativeMethodAccessorImpl.java:77)
	at java.base/jdk.internal.reflect.DelegatingMethodAccessorImpl.invoke(DelegatingMethodAccessorImpl.java:43)
	at java.base/java.lang.reflect.Method.invoke(Method.java:569)
	at org.junit.platform.commons.util.ReflectionUtils.invokeMethod(ReflectionUtils.java:727)
	at org.junit.jupiter.engine.execution.MethodInvocation.proceed(MethodInvocation.java:60)
	at org.junit.jupiter.engine.execution.InvocationInterceptorChain$ValidatingInvocation.proceed(InvocationInterceptorChain.java:131)
	at org.junit.jupiter.engine.extension.TimeoutExtension.intercept(TimeoutExtension.java:156)
	at org.junit.jupiter.engine.extension.TimeoutExtension.interceptTestableMethod(TimeoutExtension.java:147)
	at org.junit.jupiter.engine.extension.TimeoutExtension.interceptTestMethod(TimeoutExtension.java:86)
	at org.junit.jupiter.engine.execution.InterceptingExecutableInvoker$ReflectiveInterceptorCall.lambda$ofVoidMethod$0(InterceptingExecutableInvoker.java:103)
	at org.junit.jupiter.engine.execution.InterceptingExecutableInvoker.lambda$invoke$0(InterceptingExecutableInvoker.java:93)
	at org.junit.jupiter.engine.execution.InvocationInterceptorChain$InterceptedInvocation.proceed(InvocationInterceptorChain.java:106)
	at org.junit.jupiter.engine.execution.InvocationInterceptorChain.proceed(InvocationInterceptorChain.java:64)
	at org.junit.jupiter.engine.execution.InvocationInterceptorChain.chainAndInvoke(InvocationInterceptorChain.java:45)
	at org.junit.jupiter.engine.execution.InvocationInterceptorChain.invoke(InvocationInterceptorChain.java:37)
	at org.junit.jupiter.engine.execution.InterceptingExecutableInvoker.invoke(InterceptingExecutableInvoker.java:92)
	at org.junit.jupiter.engine.execution.InterceptingExecutableInvoker.invoke(InterceptingExecutableInvoker.java:86)
	at org.junit.jupiter.engine.descriptor.TestMethodTestDescriptor.lambda$invokeTestMethod$7(TestMethodTestDescriptor.java:217)
	at org.junit.platform.engine.support.hierarchical.ThrowableCollector.execute(ThrowableCollector.java:73)
	at org.junit.jupiter.engine.descriptor.TestMethodTestDescriptor.invokeTestMethod(TestMethodTestDescriptor.java:213)
	at org.junit.jupiter.engine.descriptor.TestMethodTestDescriptor.execute(TestMethodTestDescriptor.java:138)
	at org.junit.jupiter.engine.descriptor.TestMethodTestDescriptor.execute(TestMethodTestDescriptor.java:68)
	at org.junit.platform.engine.support.hierarchical.NodeTestTask.lambda$executeRecursively$6(NodeTestTask.java:151)
	at org.junit.platform.engine.support.hierarchical.ThrowableCollector.execute(ThrowableCollector.java:73)
	at org.junit.platform.engine.support.hierarchical.NodeTestTask.lambda$executeRecursively$8(NodeTestTask.java:141)
	at org.junit.platform.engine.support.hierarchical.Node.around(Node.java:137)
	at org.junit.platform.engine.support.hierarchical.NodeTestTask.lambda$executeRecursively$9(NodeTestTask.java:139)
	at org.junit.platform.engine.support.hierarchical.ThrowableCollector.execute(ThrowableCollector.java:73)
	at org.junit.platform.engine.support.hierarchical.NodeTestTask.executeRecursively(NodeTestTask.java:138)
	at org.junit.platform.engine.support.hierarchical.NodeTestTask.execute(NodeTestTask.java:95)
	at java.base/java.util.ArrayList.forEach(ArrayList.java:1511)
	at org.junit.platform.engine.support.hierarchical.SameThreadHierarchicalTestExecutorService.invokeAll(SameThreadHierarchicalTestExecutorService.java:41)
	at org.junit.platform.engine.support.hierarchical.NodeTestTask.lambda$executeRecursively$6(NodeTestTask.java:155)
	at org.junit.platform.engine.support.hierarchical.ThrowableCollector.execute(ThrowableCollector.java:73)
	at org.junit.platform.engine.support.hierarchical.NodeTestTask.lambda$executeRecursively$8(NodeTestTask.java:141)
	at org.junit.platform.engine.support.hierarchical.Node.around(Node.java:137)
	at org.junit.platform.engine.support.hierarchical.NodeTestTask.lambda$executeRecursively$9(NodeTestTask.java:139)
	at org.junit.platform.engine.support.hierarchical.ThrowableCollector.execute(ThrowableCollector.java:73)
	at org.junit.platform.engine.support.hierarchical.NodeTestTask.executeRecursively(NodeTestTask.java:138)
	at org.junit.platform.engine.support.hierarchical.NodeTestTask.execute(NodeTestTask.java:95)
	at java.base/java.util.ArrayList.forEach(ArrayList.java:1511)
	at org.junit.platform.engine.support.hierarchical.SameThreadHierarchicalTestExecutorService.invokeAll(SameThreadHierarchicalTestExecutorService.java:41)
	at org.junit.platform.engine.support.hierarchical.NodeTestTask.lambda$executeRecursively$6(NodeTestTask.java:155)
	at org.junit.platform.engine.support.hierarchical.ThrowableCollector.execute(ThrowableCollector.java:73)
	at org.junit.platform.engine.support.hierarchical.NodeTestTask.lambda$executeRecursively$8(NodeTestTask.java:141)
	at org.junit.platform.engine.support.hierarchical.Node.around(Node.java:137)
	at org.junit.platform.engine.support.hierarchical.NodeTestTask.lambda$executeRecursively$9(NodeTestTask.java:139)
	at org.junit.platform.engine.support.hierarchical.ThrowableCollector.execute(ThrowableCollector.java:73)
	at org.junit.platform.engine.support.hierarchical.NodeTestTask.executeRecursively(NodeTestTask.java:138)
	at org.junit.platform.engine.support.hierarchical.NodeTestTask.execute(NodeTestTask.java:95)
	at org.junit.platform.engine.support.hierarchical.SameThreadHierarchicalTestExecutorService.submit(SameThreadHierarchicalTestExecutorService.java:35)
	at org.junit.platform.engine.support.hierarchical.HierarchicalTestExecutor.execute(HierarchicalTestExecutor.java:57)
	at org.junit.platform.engine.support.hierarchical.HierarchicalTestEngine.execute(HierarchicalTestEngine.java:54)
	at org.junit.platform.launcher.core.EngineExecutionOrchestrator.execute(EngineExecutionOrchestrator.java:147)
	at org.junit.platform.launcher.core.EngineExecutionOrchestrator.execute(EngineExecutionOrchestrator.java:127)
	at org.junit.platform.launcher.core.EngineExecutionOrchestrator.execute(EngineExecutionOrchestrator.java:90)
	at org.junit.platform.launcher.core.EngineExecutionOrchestrator.lambda$execute$0(EngineExecutionOrchestrator.java:55)
	at org.junit.platform.launcher.core.EngineExecutionOrchestrator.withInterceptedStreams(EngineExecutionOrchestrator.java:102)
	at org.junit.platform.launcher.core.EngineExecutionOrchestrator.execute(EngineExecutionOrchestrator.java:54)
	at org.junit.platform.launcher.core.DefaultLauncher.execute(DefaultLauncher.java:114)
	at org.junit.platform.launcher.core.DefaultLauncher.execute(DefaultLauncher.java:86)
	at org.junit.platform.launcher.core.DefaultLauncherSession$DelegatingLauncher.execute(DefaultLauncherSession.java:86)
	at org.apache.maven.surefire.junitplatform.LazyLauncher.execute(LazyLauncher.java:50)
	at org.apache.maven.surefire.junitplatform.JUnitPlatformProvider.execute(JUnitPlatformProvider.java:184)
	at org.apache.maven.surefire.junitplatform.JUnitPlatformProvider.invokeAllTests(JUnitPlatformProvider.java:148)
	at org.apache.maven.surefire.junitplatform.JUnitPlatformProvider.invoke(JUnitPlatformProvider.java:122)
	at org.apache.maven.surefire.booter.ForkedBooter.runSuitesInProcess(ForkedBooter.java:385)
	at org.apache.maven.surefire.booter.ForkedBooter.execute(ForkedBooter.java:162)
	at org.apache.maven.surefire.booter.ForkedBooter.run(ForkedBooter.java:507)
	at org.apache.maven.surefire.booter.ForkedBooter.main(ForkedBooter.java:495)
]]></failure>
    <system-out><![CDATA[2025-05-28T19:16:19.162Z DEBUG 169147 --- [           main] o.s.web.client.RestTemplate              : HTTP POST http://localhost:32797/api/feedback
2025-05-28T19:16:19.162Z DEBUG 169147 --- [           main] o.s.web.client.RestTemplate              : Accept=[text/plain, application/json, application/*+json, */*]
2025-05-28T19:16:19.162Z DEBUG 169147 --- [           main] o.s.web.client.RestTemplate              : Writing [{"feedbackId": 1,"comments": "Great service!","rating": 5,"user": { "userId": 2 },"bus": { "busId": 1 },"date": "2025-02-27"}] as "application/json"
2025-05-28T19:16:19.163Z DEBUG 169147 --- [or-http-epoll-2] o.s.w.s.adapter.HttpWebHandlerAdapter    : [c0b41c79-19] HTTP POST "/api/feedback"
2025-05-28T19:16:19.187Z DEBUG 169147 --- [           main] o.s.web.client.RestTemplate              : Response 500 INTERNAL_SERVER_ERROR
2025-05-28T19:16:19.188Z DEBUG 169147 --- [           main] o.s.web.client.RestTemplate              : Reading to [java.lang.String] as "application/json"
2025-05-28T19:16:19.188Z DEBUG 169147 --- [or-http-epoll-2] o.s.w.s.adapter.HttpWebHandlerAdapter    : [c0b41c79-19] Completed 500 INTERNAL_SERVER_ERROR
500 INTERNAL_SERVER_ERROR Status code for User adding feedback
]]></system-out>
  </testcase>
  <testcase name="backend_testGetAllFeedbackWithRoleValidation" classname="com.examly.apigateway.ApigatewayApplicationTests" time="0.027">
    <system-out><![CDATA[2025-05-28T19:16:19.195Z DEBUG 169147 --- [           main] o.s.web.client.RestTemplate              : HTTP GET http://localhost:32797/api/feedback
2025-05-28T19:16:19.196Z DEBUG 169147 --- [           main] o.s.web.client.RestTemplate              : Accept=[text/plain, application/json, application/*+json, */*]
2025-05-28T19:16:19.197Z DEBUG 169147 --- [or-http-epoll-2] o.s.w.s.adapter.HttpWebHandlerAdapter    : [c0b41c79-20] HTTP GET "/api/feedback"
2025-05-28T19:16:19.208Z DEBUG 169147 --- [           main] o.s.web.client.RestTemplate              : Response 200 OK
2025-05-28T19:16:19.208Z DEBUG 169147 --- [or-http-epoll-2] o.s.w.s.adapter.HttpWebHandlerAdapter    : [c0b41c79-20] Completed 200 OK
2025-05-28T19:16:19.208Z DEBUG 169147 --- [           main] o.s.web.client.RestTemplate              : Reading to [java.lang.String] as "application/json"
2025-05-28T19:16:19.209Z DEBUG 169147 --- [           main] o.s.web.client.RestTemplate              : HTTP GET http://localhost:32797/api/feedback
2025-05-28T19:16:19.209Z DEBUG 169147 --- [           main] o.s.web.client.RestTemplate              : Accept=[text/plain, application/json, application/*+json, */*]
2025-05-28T19:16:19.210Z DEBUG 169147 --- [or-http-epoll-2] o.s.w.s.adapter.HttpWebHandlerAdapter    : [c0b41c79-21] HTTP GET "/api/feedback"
2025-05-28T19:16:19.217Z DEBUG 169147 --- [           main] o.s.web.client.RestTemplate              : Response 403 FORBIDDEN
2025-05-28T19:16:19.218Z DEBUG 169147 --- [or-http-epoll-2] o.s.w.s.adapter.HttpWebHandlerAdapter    : [c0b41c79-21] Completed 403 FORBIDDEN
2025-05-28T19:16:19.218Z DEBUG 169147 --- [           main] o.s.web.client.RestTemplate              : Reading to [java.lang.String] as "application/json"
]]></system-out>
  </testcase>
  <testcase name="backend_testGetFeedbackByUserIdWithRoleValidation" classname="com.examly.apigateway.ApigatewayApplicationTests" time="0.021">
    <failure message="expected: &lt;200 OK&gt; but was: &lt;500 INTERNAL_SERVER_ERROR&gt;" type="org.opentest4j.AssertionFailedError"><![CDATA[org.opentest4j.AssertionFailedError: expected: <200 OK> but was: <500 INTERNAL_SERVER_ERROR>
	at org.junit.jupiter.api.AssertionFailureBuilder.build(AssertionFailureBuilder.java:151)
	at org.junit.jupiter.api.AssertionFailureBuilder.buildAndThrow(AssertionFailureBuilder.java:132)
	at org.junit.jupiter.api.AssertEquals.failNotEqual(AssertEquals.java:197)
	at org.junit.jupiter.api.AssertEquals.assertEquals(AssertEquals.java:182)
	at org.junit.jupiter.api.AssertEquals.assertEquals(AssertEquals.java:177)
	at org.junit.jupiter.api.Assertions.assertEquals(Assertions.java:1142)
	at com.examly.apigateway.ApigatewayApplicationTests.backend_testGetFeedbackByUserIdWithRoleValidation(ApigatewayApplicationTests.java:536)
	at java.base/jdk.internal.reflect.NativeMethodAccessorImpl.invoke0(Native Method)
	at java.base/jdk.internal.reflect.NativeMethodAccessorImpl.invoke(NativeMethodAccessorImpl.java:77)
	at java.base/jdk.internal.reflect.DelegatingMethodAccessorImpl.invoke(DelegatingMethodAccessorImpl.java:43)
	at java.base/java.lang.reflect.Method.invoke(Method.java:569)
	at org.junit.platform.commons.util.ReflectionUtils.invokeMethod(ReflectionUtils.java:727)
	at org.junit.jupiter.engine.execution.MethodInvocation.proceed(MethodInvocation.java:60)
	at org.junit.jupiter.engine.execution.InvocationInterceptorChain$ValidatingInvocation.proceed(InvocationInterceptorChain.java:131)
	at org.junit.jupiter.engine.extension.TimeoutExtension.intercept(TimeoutExtension.java:156)
	at org.junit.jupiter.engine.extension.TimeoutExtension.interceptTestableMethod(TimeoutExtension.java:147)
	at org.junit.jupiter.engine.extension.TimeoutExtension.interceptTestMethod(TimeoutExtension.java:86)
	at org.junit.jupiter.engine.execution.InterceptingExecutableInvoker$ReflectiveInterceptorCall.lambda$ofVoidMethod$0(InterceptingExecutableInvoker.java:103)
	at org.junit.jupiter.engine.execution.InterceptingExecutableInvoker.lambda$invoke$0(InterceptingExecutableInvoker.java:93)
	at org.junit.jupiter.engine.execution.InvocationInterceptorChain$InterceptedInvocation.proceed(InvocationInterceptorChain.java:106)
	at org.junit.jupiter.engine.execution.InvocationInterceptorChain.proceed(InvocationInterceptorChain.java:64)
	at org.junit.jupiter.engine.execution.InvocationInterceptorChain.chainAndInvoke(InvocationInterceptorChain.java:45)
	at org.junit.jupiter.engine.execution.InvocationInterceptorChain.invoke(InvocationInterceptorChain.java:37)
	at org.junit.jupiter.engine.execution.InterceptingExecutableInvoker.invoke(InterceptingExecutableInvoker.java:92)
	at org.junit.jupiter.engine.execution.InterceptingExecutableInvoker.invoke(InterceptingExecutableInvoker.java:86)
	at org.junit.jupiter.engine.descriptor.TestMethodTestDescriptor.lambda$invokeTestMethod$7(TestMethodTestDescriptor.java:217)
	at org.junit.platform.engine.support.hierarchical.ThrowableCollector.execute(ThrowableCollector.java:73)
	at org.junit.jupiter.engine.descriptor.TestMethodTestDescriptor.invokeTestMethod(TestMethodTestDescriptor.java:213)
	at org.junit.jupiter.engine.descriptor.TestMethodTestDescriptor.execute(TestMethodTestDescriptor.java:138)
	at org.junit.jupiter.engine.descriptor.TestMethodTestDescriptor.execute(TestMethodTestDescriptor.java:68)
	at org.junit.platform.engine.support.hierarchical.NodeTestTask.lambda$executeRecursively$6(NodeTestTask.java:151)
	at org.junit.platform.engine.support.hierarchical.ThrowableCollector.execute(ThrowableCollector.java:73)
	at org.junit.platform.engine.support.hierarchical.NodeTestTask.lambda$executeRecursively$8(NodeTestTask.java:141)
	at org.junit.platform.engine.support.hierarchical.Node.around(Node.java:137)
	at org.junit.platform.engine.support.hierarchical.NodeTestTask.lambda$executeRecursively$9(NodeTestTask.java:139)
	at org.junit.platform.engine.support.hierarchical.ThrowableCollector.execute(ThrowableCollector.java:73)
	at org.junit.platform.engine.support.hierarchical.NodeTestTask.executeRecursively(NodeTestTask.java:138)
	at org.junit.platform.engine.support.hierarchical.NodeTestTask.execute(NodeTestTask.java:95)
	at java.base/java.util.ArrayList.forEach(ArrayList.java:1511)
	at org.junit.platform.engine.support.hierarchical.SameThreadHierarchicalTestExecutorService.invokeAll(SameThreadHierarchicalTestExecutorService.java:41)
	at org.junit.platform.engine.support.hierarchical.NodeTestTask.lambda$executeRecursively$6(NodeTestTask.java:155)
	at org.junit.platform.engine.support.hierarchical.ThrowableCollector.execute(ThrowableCollector.java:73)
	at org.junit.platform.engine.support.hierarchical.NodeTestTask.lambda$executeRecursively$8(NodeTestTask.java:141)
	at org.junit.platform.engine.support.hierarchical.Node.around(Node.java:137)
	at org.junit.platform.engine.support.hierarchical.NodeTestTask.lambda$executeRecursively$9(NodeTestTask.java:139)
	at org.junit.platform.engine.support.hierarchical.ThrowableCollector.execute(ThrowableCollector.java:73)
	at org.junit.platform.engine.support.hierarchical.NodeTestTask.executeRecursively(NodeTestTask.java:138)
	at org.junit.platform.engine.support.hierarchical.NodeTestTask.execute(NodeTestTask.java:95)
	at java.base/java.util.ArrayList.forEach(ArrayList.java:1511)
	at org.junit.platform.engine.support.hierarchical.SameThreadHierarchicalTestExecutorService.invokeAll(SameThreadHierarchicalTestExecutorService.java:41)
	at org.junit.platform.engine.support.hierarchical.NodeTestTask.lambda$executeRecursively$6(NodeTestTask.java:155)
	at org.junit.platform.engine.support.hierarchical.ThrowableCollector.execute(ThrowableCollector.java:73)
	at org.junit.platform.engine.support.hierarchical.NodeTestTask.lambda$executeRecursively$8(NodeTestTask.java:141)
	at org.junit.platform.engine.support.hierarchical.Node.around(Node.java:137)
	at org.junit.platform.engine.support.hierarchical.NodeTestTask.lambda$executeRecursively$9(NodeTestTask.java:139)
	at org.junit.platform.engine.support.hierarchical.ThrowableCollector.execute(ThrowableCollector.java:73)
	at org.junit.platform.engine.support.hierarchical.NodeTestTask.executeRecursively(NodeTestTask.java:138)
	at org.junit.platform.engine.support.hierarchical.NodeTestTask.execute(NodeTestTask.java:95)
	at org.junit.platform.engine.support.hierarchical.SameThreadHierarchicalTestExecutorService.submit(SameThreadHierarchicalTestExecutorService.java:35)
	at org.junit.platform.engine.support.hierarchical.HierarchicalTestExecutor.execute(HierarchicalTestExecutor.java:57)
	at org.junit.platform.engine.support.hierarchical.HierarchicalTestEngine.execute(HierarchicalTestEngine.java:54)
	at org.junit.platform.launcher.core.EngineExecutionOrchestrator.execute(EngineExecutionOrchestrator.java:147)
	at org.junit.platform.launcher.core.EngineExecutionOrchestrator.execute(EngineExecutionOrchestrator.java:127)
	at org.junit.platform.launcher.core.EngineExecutionOrchestrator.execute(EngineExecutionOrchestrator.java:90)
	at org.junit.platform.launcher.core.EngineExecutionOrchestrator.lambda$execute$0(EngineExecutionOrchestrator.java:55)
	at org.junit.platform.launcher.core.EngineExecutionOrchestrator.withInterceptedStreams(EngineExecutionOrchestrator.java:102)
	at org.junit.platform.launcher.core.EngineExecutionOrchestrator.execute(EngineExecutionOrchestrator.java:54)
	at org.junit.platform.launcher.core.DefaultLauncher.execute(DefaultLauncher.java:114)
	at org.junit.platform.launcher.core.DefaultLauncher.execute(DefaultLauncher.java:86)
	at org.junit.platform.launcher.core.DefaultLauncherSession$DelegatingLauncher.execute(DefaultLauncherSession.java:86)
	at org.apache.maven.surefire.junitplatform.LazyLauncher.execute(LazyLauncher.java:50)
	at org.apache.maven.surefire.junitplatform.JUnitPlatformProvider.execute(JUnitPlatformProvider.java:184)
	at org.apache.maven.surefire.junitplatform.JUnitPlatformProvider.invokeAllTests(JUnitPlatformProvider.java:148)
	at org.apache.maven.surefire.junitplatform.JUnitPlatformProvider.invoke(JUnitPlatformProvider.java:122)
	at org.apache.maven.surefire.booter.ForkedBooter.runSuitesInProcess(ForkedBooter.java:385)
	at org.apache.maven.surefire.booter.ForkedBooter.execute(ForkedBooter.java:162)
	at org.apache.maven.surefire.booter.ForkedBooter.run(ForkedBooter.java:507)
	at org.apache.maven.surefire.booter.ForkedBooter.main(ForkedBooter.java:495)
]]></failure>
    <system-out><![CDATA[2025-05-28T19:16:19.224Z DEBUG 169147 --- [           main] o.s.web.client.RestTemplate              : HTTP GET http://localhost:32797/api/feedback/user/2
2025-05-28T19:16:19.224Z DEBUG 169147 --- [           main] o.s.web.client.RestTemplate              : Accept=[text/plain, application/json, application/*+json, */*]
2025-05-28T19:16:19.225Z DEBUG 169147 --- [or-http-epoll-2] o.s.w.s.adapter.HttpWebHandlerAdapter    : [c0b41c79-22] HTTP GET "/api/feedback/user/2"
2025-05-28T19:16:19.239Z DEBUG 169147 --- [           main] o.s.web.client.RestTemplate              : Response 500 INTERNAL_SERVER_ERROR
2025-05-28T19:16:19.239Z DEBUG 169147 --- [           main] o.s.web.client.RestTemplate              : Reading to [java.lang.String] as "application/json"
2025-05-28T19:16:19.239Z DEBUG 169147 --- [or-http-epoll-2] o.s.w.s.adapter.HttpWebHandlerAdapter    : [c0b41c79-22] Completed 500 INTERNAL_SERVER_ERROR
]]></system-out>
  </testcase>
</testsuite>