<?xml version="1.0" encoding="UTF-8"?>
<testsuite xmlns:xsi="http://www.w3.org/2001/XMLSchema-instance" xsi:noNamespaceSchemaLocation="https://maven.apache.org/surefire/maven-surefire-plugin/xsd/surefire-test-report-3.0.xsd" version="3.0" name="com.examly.apigateway.ApigatewayApplicationTests" time="6.582" tests="15" errors="0" skipped="0" failures="0">
  <properties>
[...]
</properties>
  <testcase name="backend_testRegisterAdmin" classname="com.examly.apigateway.ApigatewayApplicationTests" time="1.112">
    <system-out><![CDATA[12:02:21.484 [main] INFO org.springframework.test.context.support.AnnotationConfigContextLoaderUtils -- Could not detect default configuration classes for test class [com.examly.apigateway.ApigatewayApplicationTests]: ApigatewayApplicationTests does not declare any static, non-private, non-final, nested classes annotated with @Configuration.
12:02:21.576 [main] INFO org.springframework.boot.test.context.SpringBootTestContextBootstrapper -- Found @SpringBootConfiguration com.examly.apigateway.ApigatewayApplication for test class com.examly.apigateway.ApigatewayApplicationTests

  .   ____          _            __ _ _
 /\\ / ___'_ __ _ _(_)_ __  __ _ \ \ \ \
( ( )\___ | '_ | '_| | '_ \/ _` | \ \ \ \
 \\/  ___)| |_)| | | | | || (_| |  ) ) ) )
  '  |____| .__|_| |_|_| |_\__, | / / / /
 =========|_|==============|___/=/_/_/_/
 :: Spring Boot ::               (v3.1.10)

2025-05-30T12:02:21.961Z  INFO 3986 --- [           main] c.e.a.ApigatewayApplicationTests         : Starting ApigatewayApplicationTests using Java 17.0.14 with PID 3986 (started by coder in /home/coder/project/workspace/apigateway)
2025-05-30T12:02:21.963Z  INFO 3986 --- [           main] c.e.a.ApigatewayApplicationTests         : No active profile set, falling back to 1 default profile: "default"
2025-05-30T12:02:22.871Z  INFO 3986 --- [           main] o.s.cloud.context.scope.GenericScope     : BeanFactory id=c069b105-82d6-3fcb-ad26-a2ccbbd6f730
2025-05-30T12:02:22.943Z  INFO 3986 --- [           main] trationDelegate$BeanPostProcessorChecker : Bean 'org.springframework.cloud.client.loadbalancer.reactive.LoadBalancerBeanPostProcessorAutoConfiguration' of type [org.springframework.cloud.client.loadbalancer.reactive.LoadBalancerBeanPostProcessorAutoConfiguration] is not eligible for getting processed by all BeanPostProcessors (for example: not eligible for auto-proxying)
2025-05-30T12:02:22.944Z  INFO 3986 --- [           main] trationDelegate$BeanPostProcessorChecker : Bean 'org.springframework.cloud.client.loadbalancer.reactive.LoadBalancerBeanPostProcessorAutoConfiguration$ReactorDeferringLoadBalancerFilterConfig' of type [org.springframework.cloud.client.loadbalancer.reactive.LoadBalancerBeanPostProcessorAutoConfiguration$ReactorDeferringLoadBalancerFilterConfig] is not eligible for getting processed by all BeanPostProcessors (for example: not eligible for auto-proxying)
2025-05-30T12:02:22.945Z  INFO 3986 --- [           main] trationDelegate$BeanPostProcessorChecker : Bean 'reactorDeferringLoadBalancerExchangeFilterFunction' of type [org.springframework.cloud.client.loadbalancer.reactive.DeferringLoadBalancerExchangeFilterFunction] is not eligible for getting processed by all BeanPostProcessors (for example: not eligible for auto-proxying)
2025-05-30T12:02:23.564Z  INFO 3986 --- [           main] o.s.c.g.r.RouteDefinitionRouteLocator    : Loaded RoutePredicateFactory [After]
2025-05-30T12:02:23.565Z  INFO 3986 --- [           main] o.s.c.g.r.RouteDefinitionRouteLocator    : Loaded RoutePredicateFactory [Before]
2025-05-30T12:02:23.565Z  INFO 3986 --- [           main] o.s.c.g.r.RouteDefinitionRouteLocator    : Loaded RoutePredicateFactory [Between]
2025-05-30T12:02:23.565Z  INFO 3986 --- [           main] o.s.c.g.r.RouteDefinitionRouteLocator    : Loaded RoutePredicateFactory [Cookie]
2025-05-30T12:02:23.565Z  INFO 3986 --- [           main] o.s.c.g.r.RouteDefinitionRouteLocator    : Loaded RoutePredicateFactory [Header]
2025-05-30T12:02:23.565Z  INFO 3986 --- [           main] o.s.c.g.r.RouteDefinitionRouteLocator    : Loaded RoutePredicateFactory [Host]
2025-05-30T12:02:23.565Z  INFO 3986 --- [           main] o.s.c.g.r.RouteDefinitionRouteLocator    : Loaded RoutePredicateFactory [Method]
2025-05-30T12:02:23.565Z  INFO 3986 --- [           main] o.s.c.g.r.RouteDefinitionRouteLocator    : Loaded RoutePredicateFactory [Path]
2025-05-30T12:02:23.566Z  INFO 3986 --- [           main] o.s.c.g.r.RouteDefinitionRouteLocator    : Loaded RoutePredicateFactory [Query]
2025-05-30T12:02:23.566Z  INFO 3986 --- [           main] o.s.c.g.r.RouteDefinitionRouteLocator    : Loaded RoutePredicateFactory [ReadBody]
2025-05-30T12:02:23.566Z  INFO 3986 --- [           main] o.s.c.g.r.RouteDefinitionRouteLocator    : Loaded RoutePredicateFactory [RemoteAddr]
2025-05-30T12:02:23.566Z  INFO 3986 --- [           main] o.s.c.g.r.RouteDefinitionRouteLocator    : Loaded RoutePredicateFactory [XForwardedRemoteAddr]
2025-05-30T12:02:23.566Z  INFO 3986 --- [           main] o.s.c.g.r.RouteDefinitionRouteLocator    : Loaded RoutePredicateFactory [Weight]
2025-05-30T12:02:23.566Z  INFO 3986 --- [           main] o.s.c.g.r.RouteDefinitionRouteLocator    : Loaded RoutePredicateFactory [CloudFoundryRouteService]
2025-05-30T12:02:23.674Z DEBUG 3986 --- [           main] o.s.w.r.handler.SimpleUrlHandlerMapping  : Patterns [/webjars/**, /**] in 'resourceHandlerMapping'
2025-05-30T12:02:23.756Z  INFO 3986 --- [           main] o.s.b.a.e.web.EndpointLinksResolver      : Exposing 1 endpoint(s) beneath base path '/actuator'
2025-05-30T12:02:23.787Z DEBUG 3986 --- [           main] o.s.w.r.r.m.a.ControllerMethodResolver   : ControllerAdvice beans: none
2025-05-30T12:02:23.813Z DEBUG 3986 --- [           main] o.s.w.s.adapter.HttpWebHandlerAdapter    : enableLoggingRequestDetails='false': form data and headers will be masked to prevent unsafe logging of potentially sensitive data
2025-05-30T12:02:23.917Z  INFO 3986 --- [           main] DiscoveryClientOptionalArgsConfiguration : Eureka HTTP Client uses RestTemplate.
2025-05-30T12:02:23.939Z  WARN 3986 --- [           main] iguration$LoadBalancerCaffeineWarnLogger : Spring Cloud LoadBalancer is currently working with the default cache. While this cache implementation is useful for development and tests, it's recommended to use Caffeine cache in production.You can switch to using Caffeine cache, by adding it and org.springframework.cache.caffeine.CaffeineCacheManager to the classpath.
2025-05-30T12:02:24.199Z  INFO 3986 --- [           main] o.s.b.web.embedded.netty.NettyWebServer  : Netty started on port 42721
2025-05-30T12:02:24.201Z  INFO 3986 --- [           main] .s.c.n.e.s.EurekaAutoServiceRegistration : Updating port to 42721
2025-05-30T12:02:24.204Z  INFO 3986 --- [           main] o.s.c.n.eureka.InstanceInfoFactory       : Setting initial instance status as: STARTING
2025-05-30T12:02:24.259Z  INFO 3986 --- [           main] com.netflix.discovery.DiscoveryClient    : Initializing Eureka in region us-east-1
2025-05-30T12:02:24.263Z  INFO 3986 --- [           main] c.n.d.s.r.aws.ConfigClusterResolver      : Resolving eureka endpoints via configuration
2025-05-30T12:02:24.280Z  INFO 3986 --- [           main] com.netflix.discovery.DiscoveryClient    : Disable delta property : false
2025-05-30T12:02:24.280Z  INFO 3986 --- [           main] com.netflix.discovery.DiscoveryClient    : Single vip registry refresh property : null
2025-05-30T12:02:24.280Z  INFO 3986 --- [           main] com.netflix.discovery.DiscoveryClient    : Force full registry fetch : false
2025-05-30T12:02:24.280Z  INFO 3986 --- [           main] com.netflix.discovery.DiscoveryClient    : Application is null : false
2025-05-30T12:02:24.280Z  INFO 3986 --- [           main] com.netflix.discovery.DiscoveryClient    : Registered Applications size is zero : true
2025-05-30T12:02:24.280Z  INFO 3986 --- [           main] com.netflix.discovery.DiscoveryClient    : Application version is -1: true
2025-05-30T12:02:24.281Z  INFO 3986 --- [           main] com.netflix.discovery.DiscoveryClient    : Getting all instance registry info from the eureka server
2025-05-30T12:02:24.303Z DEBUG 3986 --- [           main] o.s.web.client.RestTemplate              : HTTP GET http://localhost:8761/eureka/apps/
2025-05-30T12:02:24.396Z DEBUG 3986 --- [           main] o.s.web.client.RestTemplate              : Accept=[application/json, application/*+json]
2025-05-30T12:02:24.436Z DEBUG 3986 --- [           main] o.s.web.client.RestTemplate              : Response 200 OK
2025-05-30T12:02:24.437Z DEBUG 3986 --- [           main] o.s.web.client.RestTemplate              : Reading to [org.springframework.cloud.netflix.eureka.http.EurekaApplications]
2025-05-30T12:02:24.456Z  INFO 3986 --- [           main] com.netflix.discovery.DiscoveryClient    : The response status is 200
2025-05-30T12:02:24.459Z  INFO 3986 --- [           main] com.netflix.discovery.DiscoveryClient    : Starting heartbeat executor: renew interval is: 30
2025-05-30T12:02:24.461Z  INFO 3986 --- [           main] c.n.discovery.InstanceInfoReplicator     : InstanceInfoReplicator onDemand update allowed rate per min is 4
2025-05-30T12:02:24.465Z  INFO 3986 --- [           main] com.netflix.discovery.DiscoveryClient    : Discovery Client initialized at timestamp 1748606544465 with initial instances count: 3
2025-05-30T12:02:24.467Z  INFO 3986 --- [           main] o.s.c.n.e.s.EurekaServiceRegistry        : Registering application API-GATEWAY with eureka with status UP
2025-05-30T12:02:24.468Z  INFO 3986 --- [           main] com.netflix.discovery.DiscoveryClient    : Saw local status change event StatusChangeEvent [timestamp=1748606544468, current=UP, previous=STARTING]
2025-05-30T12:02:24.469Z  INFO 3986 --- [nfoReplicator-0] com.netflix.discovery.DiscoveryClient    : DiscoveryClient_API-GATEWAY/dbdbeafdabccbbaaabecdfcffdededdedf-0.dbdbeafdabccbbaaabecdfcffdededdedf.ide.svc.cluster.local:api-gateway:0: registering service...
2025-05-30T12:02:24.472Z DEBUG 3986 --- [nfoReplicator-0] o.s.web.client.RestTemplate              : HTTP POST http://localhost:8761/eureka/apps/API-GATEWAY
2025-05-30T12:02:24.474Z DEBUG 3986 --- [nfoReplicator-0] o.s.web.client.RestTemplate              : Accept=[application/json, application/*+json]
2025-05-30T12:02:24.485Z DEBUG 3986 --- [nfoReplicator-0] o.s.web.client.RestTemplate              : Writing [InstanceInfo [instanceId = dbdbeafdabccbbaaabecdfcffdededdedf-0.dbdbeafdabccbbaaabecdfcffdededdedf.ide.svc.cluster.local:api-gateway:0, appName = API-GATEWAY, hostName = dbdbeafdabccbbaaabecdfcffdededdedf-0.dbdbeafdabccbbaaabecdfcffdededdedf.ide.svc.cluster.local, status = UP, ipAddr = 10.244.5.53, port = 42721, securePort = 443, dataCenterInfo = com.netflix.appinfo.MyDataCenterInfo@63e81739] as "application/json"
2025-05-30T12:02:24.504Z DEBUG 3986 --- [nfoReplicator-0] o.s.web.client.RestTemplate              : Response 204 NO_CONTENT
2025-05-30T12:02:24.504Z  INFO 3986 --- [nfoReplicator-0] com.netflix.discovery.DiscoveryClient    : DiscoveryClient_API-GATEWAY/dbdbeafdabccbbaaabecdfcffdededdedf-0.dbdbeafdabccbbaaabecdfcffdededdedf.ide.svc.cluster.local:api-gateway:0 - registration status: 204
2025-05-30T12:02:24.530Z  INFO 3986 --- [           main] c.e.a.ApigatewayApplicationTests         : Started ApigatewayApplicationTests in 2.846 seconds (process running for 3.687)
2025-05-30T12:02:25.186Z DEBUG 3986 --- [           main] o.s.web.client.RestTemplate              : HTTP POST http://localhost:42721/api/register
2025-05-30T12:02:25.186Z DEBUG 3986 --- [           main] o.s.web.client.RestTemplate              : Accept=[text/plain, application/json, application/*+json, */*]
2025-05-30T12:02:25.187Z DEBUG 3986 --- [           main] o.s.web.client.RestTemplate              : Writing [{"userId": 1,"email": "demoadmin@gmail.com", "password": "admin@1234", "username": "admin123", "userRole": "ADMIN", "mobileNumber": "9876543210"}] as "application/json"
2025-05-30T12:02:25.297Z DEBUG 3986 --- [or-http-epoll-2] o.s.w.s.adapter.HttpWebHandlerAdapter    : [95090a78-1] HTTP POST "/api/register"
2025-05-30T12:02:25.637Z DEBUG 3986 --- [           main] o.s.web.client.RestTemplate              : Response 201 CREATED
2025-05-30T12:02:25.638Z DEBUG 3986 --- [           main] o.s.web.client.RestTemplate              : Reading to [java.lang.String] as "application/json"
2025-05-30T12:02:25.639Z DEBUG 3986 --- [or-http-epoll-2] o.s.w.s.adapter.HttpWebHandlerAdapter    : [95090a78-1] Completed 201 CREATED
]]></system-out>
  </testcase>
  <testcase name="backend_testRegisterUser" classname="com.examly.apigateway.ApigatewayApplicationTests" time="0.036">
    <system-out><![CDATA[2025-05-30T12:02:25.656Z DEBUG 3986 --- [           main] o.s.web.client.RestTemplate              : HTTP POST http://localhost:42721/api/register
2025-05-30T12:02:25.657Z DEBUG 3986 --- [           main] o.s.web.client.RestTemplate              : Accept=[text/plain, application/json, application/*+json, */*]
2025-05-30T12:02:25.657Z DEBUG 3986 --- [           main] o.s.web.client.RestTemplate              : Writing [{"userId": 2,"email": "demouser@gmail.com", "password": "user@1234", "username": "user123", "userRole": "USER", "mobileNumber": "1122334455"}] as "application/json"
2025-05-30T12:02:25.658Z DEBUG 3986 --- [or-http-epoll-2] o.s.w.s.adapter.HttpWebHandlerAdapter    : [95090a78-2] HTTP POST "/api/register"
2025-05-30T12:02:25.687Z DEBUG 3986 --- [           main] o.s.web.client.RestTemplate              : Response 201 CREATED
2025-05-30T12:02:25.687Z DEBUG 3986 --- [or-http-epoll-2] o.s.w.s.adapter.HttpWebHandlerAdapter    : [95090a78-2] Completed 201 CREATED
2025-05-30T12:02:25.687Z DEBUG 3986 --- [           main] o.s.web.client.RestTemplate              : Reading to [java.lang.String] as "application/json"
]]></system-out>
  </testcase>
  <testcase name="backend_testLoginAdmin" classname="com.examly.apigateway.ApigatewayApplicationTests" time="0.321">
    <system-out><![CDATA[2025-05-30T12:02:25.692Z DEBUG 3986 --- [           main] o.s.web.client.RestTemplate              : HTTP POST http://localhost:42721/api/login
2025-05-30T12:02:25.693Z DEBUG 3986 --- [           main] o.s.web.client.RestTemplate              : Accept=[text/plain, application/json, application/*+json, */*]
2025-05-30T12:02:25.693Z DEBUG 3986 --- [           main] o.s.web.client.RestTemplate              : Writing [{"email": "demoadmin@gmail.com", "password": "admin@1234"}] as "application/json"
2025-05-30T12:02:25.694Z DEBUG 3986 --- [or-http-epoll-2] o.s.w.s.adapter.HttpWebHandlerAdapter    : [95090a78-3] HTTP POST "/api/login"
2025-05-30T12:02:26.003Z DEBUG 3986 --- [           main] o.s.web.client.RestTemplate              : Response 200 OK
2025-05-30T12:02:26.003Z DEBUG 3986 --- [or-http-epoll-2] o.s.w.s.adapter.HttpWebHandlerAdapter    : [95090a78-3] Completed 200 OK
2025-05-30T12:02:26.003Z DEBUG 3986 --- [           main] o.s.web.client.RestTemplate              : Reading to [java.lang.String] as "application/json"
]]></system-out>
  </testcase>
  <testcase name="backend_testLoginUser" classname="com.examly.apigateway.ApigatewayApplicationTests" time="0.02">
    <system-out><![CDATA[2025-05-30T12:02:26.013Z DEBUG 3986 --- [           main] o.s.web.client.RestTemplate              : HTTP POST http://localhost:42721/api/login
2025-05-30T12:02:26.014Z DEBUG 3986 --- [           main] o.s.web.client.RestTemplate              : Accept=[text/plain, application/json, application/*+json, */*]
2025-05-30T12:02:26.014Z DEBUG 3986 --- [           main] o.s.web.client.RestTemplate              : Writing [{"email": "demouser@gmail.com", "password": "user@1234"}] as "application/json"
2025-05-30T12:02:26.015Z DEBUG 3986 --- [or-http-epoll-2] o.s.w.s.adapter.HttpWebHandlerAdapter    : [95090a78-4] HTTP POST "/api/login"
2025-05-30T12:02:26.027Z DEBUG 3986 --- [           main] o.s.web.client.RestTemplate              : Response 200 OK
2025-05-30T12:02:26.028Z DEBUG 3986 --- [or-http-epoll-2] o.s.w.s.adapter.HttpWebHandlerAdapter    : [95090a78-4] Completed 200 OK
2025-05-30T12:02:26.028Z DEBUG 3986 --- [           main] o.s.web.client.RestTemplate              : Reading to [java.lang.String] as "application/json"
]]></system-out>
  </testcase>
  <testcase name="backend_testAddBusWithRoleValidation" classname="com.examly.apigateway.ApigatewayApplicationTests" time="0.362">
    <system-out><![CDATA[2025-05-30T12:02:26.035Z DEBUG 3986 --- [           main] o.s.web.client.RestTemplate              : HTTP POST http://localhost:42721/api/bus
2025-05-30T12:02:26.035Z DEBUG 3986 --- [           main] o.s.web.client.RestTemplate              : Accept=[text/plain, application/json, application/*+json, */*]
2025-05-30T12:02:26.035Z DEBUG 3986 --- [           main] o.s.web.client.RestTemplate              : Writing [{"busName": "Express Bus","source": "New York","destination": "Washington D.C.","departureTime": "2025-04-01T08:00","arrivalTime": "2025-04-01T12:00","totalSeats": 50,"availableSeats": 50,"busType": "AC","fare": 25.5,"photo": "image_base64_data","user": {"userId": 1}}] as "application/json"
2025-05-30T12:02:26.037Z DEBUG 3986 --- [or-http-epoll-2] o.s.w.s.adapter.HttpWebHandlerAdapter    : [95090a78-5] HTTP POST "/api/bus"
2025-05-30T12:02:26.362Z DEBUG 3986 --- [or-http-epoll-2] o.s.w.s.adapter.HttpWebHandlerAdapter    : [95090a78-5] Completed 201 CREATED
2025-05-30T12:02:26.362Z DEBUG 3986 --- [           main] o.s.web.client.RestTemplate              : Response 201 CREATED
2025-05-30T12:02:26.362Z DEBUG 3986 --- [           main] o.s.web.client.RestTemplate              : Reading to [java.lang.String] as "application/json"
Response Status (Admin): 201 CREATED
Response Body (Admin): {"busId":1,"busName":"Express Bus","source":"New York","destination":"Washington D.C.","departureTime":"2025-04-01T08:00:00","arrivalTime":"2025-04-01T12:00:00","totalSeats":50,"availableSeats":50,"fare":25.5,"busType":"AC","photo":"image_base64_data"}
2025-05-30T12:02:26.364Z DEBUG 3986 --- [           main] o.s.web.client.RestTemplate              : HTTP POST http://localhost:42721/api/bus
2025-05-30T12:02:26.364Z DEBUG 3986 --- [           main] o.s.web.client.RestTemplate              : Accept=[text/plain, application/json, application/*+json, */*]
2025-05-30T12:02:26.365Z DEBUG 3986 --- [           main] o.s.web.client.RestTemplate              : Writing [{"busName": "Express Bus","source": "New York","destination": "Washington D.C.","departureTime": "2025-04-01T08:00","arrivalTime": "2025-04-01T12:00","totalSeats": 50,"availableSeats": 50,"busType": "AC","fare": 25.5,"photo": "image_base64_data","user": {"userId": 1}}] as "application/json"
2025-05-30T12:02:26.366Z DEBUG 3986 --- [or-http-epoll-2] o.s.w.s.adapter.HttpWebHandlerAdapter    : [95090a78-6] HTTP POST "/api/bus"
2025-05-30T12:02:26.390Z DEBUG 3986 --- [           main] o.s.web.client.RestTemplate              : Response 403 FORBIDDEN
2025-05-30T12:02:26.390Z DEBUG 3986 --- [or-http-epoll-2] o.s.w.s.adapter.HttpWebHandlerAdapter    : [95090a78-6] Completed 403 FORBIDDEN
2025-05-30T12:02:26.391Z DEBUG 3986 --- [           main] o.s.web.client.RestTemplate              : Reading to [java.lang.String] as "application/json"
Response Status (User): 403 FORBIDDEN
Response Body (User): {"timestamp":"2025-05-30T12:02:26.383+00:00","status":403,"error":"Forbidden","message":"Forbidden","path":"/api/bus"}
]]></system-out>
  </testcase>
  <testcase name="backend_testGetBusByIdWithRoleValidation" classname="com.examly.apigateway.ApigatewayApplicationTests" time="0.083">
    <system-out><![CDATA[2025-05-30T12:02:26.397Z DEBUG 3986 --- [           main] o.s.web.client.RestTemplate              : HTTP GET http://localhost:42721/api/bus/1
2025-05-30T12:02:26.397Z DEBUG 3986 --- [           main] o.s.web.client.RestTemplate              : Accept=[text/plain, application/json, application/*+json, */*]
2025-05-30T12:02:26.400Z DEBUG 3986 --- [or-http-epoll-2] o.s.w.s.adapter.HttpWebHandlerAdapter    : [95090a78-7] HTTP GET "/api/bus/1"
2025-05-30T12:02:26.454Z DEBUG 3986 --- [           main] o.s.web.client.RestTemplate              : Response 200 OK
2025-05-30T12:02:26.454Z DEBUG 3986 --- [           main] o.s.web.client.RestTemplate              : Reading to [java.lang.String] as "application/json"
2025-05-30T12:02:26.454Z DEBUG 3986 --- [or-http-epoll-2] o.s.w.s.adapter.HttpWebHandlerAdapter    : [95090a78-7] Completed 200 OK
200 OK Status code for Admin retrieving food
Admin Response JSON: {"busId":1,"busName":"Express Bus","source":"New York","destination":"Washington D.C.","departureTime":"2025-04-01T08:00:00","arrivalTime":"2025-04-01T12:00:00","totalSeats":50,"availableSeats":50,"fare":25.5,"busType":"AC","photo":"image_base64_data"}
2025-05-30T12:02:26.458Z DEBUG 3986 --- [           main] o.s.web.client.RestTemplate              : HTTP GET http://localhost:42721/api/bus/1
2025-05-30T12:02:26.458Z DEBUG 3986 --- [           main] o.s.web.client.RestTemplate              : Accept=[text/plain, application/json, application/*+json, */*]
2025-05-30T12:02:26.460Z DEBUG 3986 --- [or-http-epoll-2] o.s.w.s.adapter.HttpWebHandlerAdapter    : [95090a78-8] HTTP GET "/api/bus/1"
2025-05-30T12:02:26.474Z DEBUG 3986 --- [           main] o.s.web.client.RestTemplate              : Response 200 OK
2025-05-30T12:02:26.475Z DEBUG 3986 --- [or-http-epoll-2] o.s.w.s.adapter.HttpWebHandlerAdapter    : [95090a78-8] Completed 200 OK
2025-05-30T12:02:26.475Z DEBUG 3986 --- [           main] o.s.web.client.RestTemplate              : Reading to [java.lang.String] as "application/json"
200 OK Status code for User retrieving food
]]></system-out>
  </testcase>
  <testcase name="backend_testGetAllBuses" classname="com.examly.apigateway.ApigatewayApplicationTests" time="0.086">
    <system-out><![CDATA[2025-05-30T12:02:26.481Z DEBUG 3986 --- [           main] o.s.web.client.RestTemplate              : HTTP GET http://localhost:42721/api/bus
2025-05-30T12:02:26.482Z DEBUG 3986 --- [           main] o.s.web.client.RestTemplate              : Accept=[text/plain, application/json, application/*+json, */*]
2025-05-30T12:02:26.483Z DEBUG 3986 --- [or-http-epoll-2] o.s.w.s.adapter.HttpWebHandlerAdapter    : [95090a78-9] HTTP GET "/api/bus"
2025-05-30T12:02:26.542Z DEBUG 3986 --- [           main] o.s.web.client.RestTemplate              : Response 200 OK
2025-05-30T12:02:26.542Z DEBUG 3986 --- [or-http-epoll-2] o.s.w.s.adapter.HttpWebHandlerAdapter    : [95090a78-9] Completed 200 OK
2025-05-30T12:02:26.542Z DEBUG 3986 --- [           main] o.s.web.client.RestTemplate              : Reading to [java.lang.String] as "application/json"
200 OK Status code for Admin getting all buses
2025-05-30T12:02:26.544Z DEBUG 3986 --- [           main] o.s.web.client.RestTemplate              : HTTP GET http://localhost:42721/api/bus
2025-05-30T12:02:26.544Z DEBUG 3986 --- [           main] o.s.web.client.RestTemplate              : Accept=[text/plain, application/json, application/*+json, */*]
2025-05-30T12:02:26.546Z DEBUG 3986 --- [or-http-epoll-2] o.s.w.s.adapter.HttpWebHandlerAdapter    : [95090a78-10] HTTP GET "/api/bus"
2025-05-30T12:02:26.560Z DEBUG 3986 --- [           main] o.s.web.client.RestTemplate              : Response 200 OK
2025-05-30T12:02:26.561Z DEBUG 3986 --- [           main] o.s.web.client.RestTemplate              : Reading to [java.lang.String] as "application/json"
2025-05-30T12:02:26.562Z DEBUG 3986 --- [or-http-epoll-2] o.s.w.s.adapter.HttpWebHandlerAdapter    : [95090a78-10] Completed 200 OK
200 OK Status code for User getting all buses
]]></system-out>
  </testcase>
  <testcase name="backend_testUpdateBusWithRoleValidation" classname="com.examly.apigateway.ApigatewayApplicationTests" time="0.047">
    <system-out><![CDATA[2025-05-30T12:02:26.568Z DEBUG 3986 --- [           main] o.s.web.client.RestTemplate              : HTTP PUT http://localhost:42721/api/bus/1
2025-05-30T12:02:26.568Z DEBUG 3986 --- [           main] o.s.web.client.RestTemplate              : Accept=[text/plain, application/json, application/*+json, */*]
2025-05-30T12:02:26.568Z DEBUG 3986 --- [           main] o.s.web.client.RestTemplate              : Writing [{"busId": 1,"busName": "Updated Express Bus","source": "Los Angeles","destination": "San Francisco","departureTime": "2025-04-05T10:00","arrivalTime": "2025-04-05T15:00","totalSeats": 45,"availableSeats": 40,"busType": "Sleeper","fare": 35.0,"photo": "updatedBase64String","user": {"userId": 1}}] as "application/json"
2025-05-30T12:02:26.569Z DEBUG 3986 --- [or-http-epoll-2] o.s.w.s.adapter.HttpWebHandlerAdapter    : [95090a78-11] HTTP PUT "/api/bus/1"
2025-05-30T12:02:26.595Z DEBUG 3986 --- [           main] o.s.web.client.RestTemplate              : Response 200 OK
2025-05-30T12:02:26.595Z DEBUG 3986 --- [or-http-epoll-2] o.s.w.s.adapter.HttpWebHandlerAdapter    : [95090a78-11] Completed 200 OK
2025-05-30T12:02:26.595Z DEBUG 3986 --- [           main] o.s.web.client.RestTemplate              : Reading to [java.lang.String] as "application/json"
200 OK Status code for Admin updating bus
Admin Update Response JSON: {"busId":1,"busName":"Updated Express Bus","source":"Los Angeles","destination":"San Francisco","departureTime":"2025-04-05T10:00:00","arrivalTime":"2025-04-05T15:00:00","totalSeats":45,"availableSeats":40,"fare":35.0,"busType":"Sleeper","photo":"updatedBase64String"}
2025-05-30T12:02:26.597Z DEBUG 3986 --- [           main] o.s.web.client.RestTemplate              : HTTP PUT http://localhost:42721/api/bus/1
2025-05-30T12:02:26.597Z DEBUG 3986 --- [           main] o.s.web.client.RestTemplate              : Accept=[text/plain, application/json, application/*+json, */*]
2025-05-30T12:02:26.597Z DEBUG 3986 --- [           main] o.s.web.client.RestTemplate              : Writing [{"busId": 1,"busName": "Updated Express Bus","source": "Los Angeles","destination": "San Francisco","departureTime": "2025-04-05T10:00","arrivalTime": "2025-04-05T15:00","totalSeats": 45,"availableSeats": 40,"busType": "Sleeper","fare": 35.0,"photo": "updatedBase64String","user": {"userId": 1}}] as "application/json"
2025-05-30T12:02:26.598Z DEBUG 3986 --- [or-http-epoll-2] o.s.w.s.adapter.HttpWebHandlerAdapter    : [95090a78-12] HTTP PUT "/api/bus/1"
2025-05-30T12:02:26.610Z DEBUG 3986 --- [           main] o.s.web.client.RestTemplate              : Response 403 FORBIDDEN
2025-05-30T12:02:26.610Z DEBUG 3986 --- [           main] o.s.web.client.RestTemplate              : Reading to [java.lang.String] as "application/json"
2025-05-30T12:02:26.610Z DEBUG 3986 --- [or-http-epoll-2] o.s.w.s.adapter.HttpWebHandlerAdapter    : [95090a78-12] Completed 403 FORBIDDEN
403 FORBIDDEN Status code for User trying to update bus
]]></system-out>
  </testcase>
  <testcase name="backend_testUserCanAddBooking" classname="com.examly.apigateway.ApigatewayApplicationTests" time="0.533">
    <system-out><![CDATA[2025-05-30T12:02:26.615Z DEBUG 3986 --- [           main] o.s.web.client.RestTemplate              : HTTP POST http://localhost:42721/api/bookings
2025-05-30T12:02:26.616Z DEBUG 3986 --- [           main] o.s.web.client.RestTemplate              : Accept=[text/plain, application/json, application/*+json, */*]
2025-05-30T12:02:26.616Z DEBUG 3986 --- [           main] o.s.web.client.RestTemplate              : Writing [{"bookingDate": "2025-04-10","numberOfSeats": 2,"seatNumbers": [5, 6],"status": "CONFIRMED","user": {"userId": 2},"bus": {"busId": 1}}] as "application/json"
2025-05-30T12:02:26.618Z DEBUG 3986 --- [or-http-epoll-2] o.s.w.s.adapter.HttpWebHandlerAdapter    : [95090a78-13] HTTP POST "/api/bookings"
2025-05-30T12:02:27.130Z DEBUG 3986 --- [           main] o.s.web.client.RestTemplate              : Response 201 CREATED
2025-05-30T12:02:27.130Z DEBUG 3986 --- [or-http-epoll-2] o.s.w.s.adapter.HttpWebHandlerAdapter    : [95090a78-13] Completed 201 CREATED
2025-05-30T12:02:27.130Z DEBUG 3986 --- [           main] o.s.web.client.RestTemplate              : Reading to [java.lang.String] as "application/json"
201 CREATED Status code for User adding booking
2025-05-30T12:02:27.131Z DEBUG 3986 --- [           main] o.s.web.client.RestTemplate              : HTTP POST http://localhost:42721/api/bookings
2025-05-30T12:02:27.132Z DEBUG 3986 --- [           main] o.s.web.client.RestTemplate              : Accept=[text/plain, application/json, application/*+json, */*]
2025-05-30T12:02:27.132Z DEBUG 3986 --- [           main] o.s.web.client.RestTemplate              : Writing [{"bookingDate": "2025-04-10","numberOfSeats": 2,"seatNumbers": [5, 6],"status": "CONFIRMED","user": {"userId": 2},"bus": {"busId": 1}}] as "application/json"
2025-05-30T12:02:27.133Z DEBUG 3986 --- [or-http-epoll-2] o.s.w.s.adapter.HttpWebHandlerAdapter    : [95090a78-14] HTTP POST "/api/bookings"
2025-05-30T12:02:27.143Z DEBUG 3986 --- [           main] o.s.web.client.RestTemplate              : Response 403 FORBIDDEN
2025-05-30T12:02:27.143Z DEBUG 3986 --- [           main] o.s.web.client.RestTemplate              : Reading to [java.lang.String] as "application/json"
2025-05-30T12:02:27.143Z DEBUG 3986 --- [or-http-epoll-2] o.s.w.s.adapter.HttpWebHandlerAdapter    : [95090a78-14] Completed 403 FORBIDDEN
403 FORBIDDEN Status code for Admin trying to add a booking
]]></system-out>
  </testcase>
  <testcase name="backend_testAdminCanUpdateBooking" classname="com.examly.apigateway.ApigatewayApplicationTests" time="0.063">
    <system-out><![CDATA[2025-05-30T12:02:27.149Z DEBUG 3986 --- [           main] o.s.web.client.RestTemplate              : HTTP PUT http://localhost:42721/api/bookings/1
2025-05-30T12:02:27.149Z DEBUG 3986 --- [           main] o.s.web.client.RestTemplate              : Accept=[text/plain, application/json, application/*+json, */*]
2025-05-30T12:02:27.149Z DEBUG 3986 --- [           main] o.s.web.client.RestTemplate              : Writing [{"bookingId": 1,"bookingDate": "2025-04-15","numberOfSeats": 3,"seatNumbers": [7, 8, 9],"status": "CONFIRMED","user": {"userId": 1}}] as "application/json"
2025-05-30T12:02:27.151Z DEBUG 3986 --- [or-http-epoll-2] o.s.w.s.adapter.HttpWebHandlerAdapter    : [95090a78-15] HTTP PUT "/api/bookings/1"
2025-05-30T12:02:27.194Z DEBUG 3986 --- [           main] o.s.web.client.RestTemplate              : Response 200 OK
2025-05-30T12:02:27.195Z DEBUG 3986 --- [           main] o.s.web.client.RestTemplate              : Reading to [java.lang.String] as "application/json"
2025-05-30T12:02:27.195Z DEBUG 3986 --- [or-http-epoll-2] o.s.w.s.adapter.HttpWebHandlerAdapter    : [95090a78-15] Completed 200 OK
200 OK Status code for Admin updating booking
Admin Update Response JSON: {"bookingId":1,"bookingDate":"2025-04-15","numberOfSeats":3,"seatNumbers":[7,8,9],"status":"CONFIRMED","userId":2,"user":{"userId":1,"email":null,"password":null,"username":null,"mobileNumber":null,"userRole":null},"bus":null}
2025-05-30T12:02:27.196Z DEBUG 3986 --- [           main] o.s.web.client.RestTemplate              : HTTP PUT http://localhost:42721/api/bookings/1
2025-05-30T12:02:27.196Z DEBUG 3986 --- [           main] o.s.web.client.RestTemplate              : Accept=[text/plain, application/json, application/*+json, */*]
2025-05-30T12:02:27.196Z DEBUG 3986 --- [           main] o.s.web.client.RestTemplate              : Writing [{"bookingId": 1,"bookingDate": "2025-04-15","numberOfSeats": 3,"seatNumbers": [7, 8, 9],"status": "CONFIRMED","user": {"userId": 1}}] as "application/json"
2025-05-30T12:02:27.198Z DEBUG 3986 --- [or-http-epoll-2] o.s.w.s.adapter.HttpWebHandlerAdapter    : [95090a78-16] HTTP PUT "/api/bookings/1"
2025-05-30T12:02:27.207Z DEBUG 3986 --- [           main] o.s.web.client.RestTemplate              : Response 403 FORBIDDEN
2025-05-30T12:02:27.207Z DEBUG 3986 --- [           main] o.s.web.client.RestTemplate              : Reading to [java.lang.String] as "application/json"
2025-05-30T12:02:27.207Z DEBUG 3986 --- [or-http-epoll-2] o.s.w.s.adapter.HttpWebHandlerAdapter    : [95090a78-16] Completed 403 FORBIDDEN
403 FORBIDDEN Status code for User trying to update bus
]]></system-out>
  </testcase>
  <testcase name="backend_testRoleBasedAccessForViewingAllBookings" classname="com.examly.apigateway.ApigatewayApplicationTests" time="0.037">
    <system-out><![CDATA[2025-05-30T12:02:27.212Z DEBUG 3986 --- [           main] o.s.web.client.RestTemplate              : HTTP GET http://localhost:42721/api/bookings
2025-05-30T12:02:27.212Z DEBUG 3986 --- [           main] o.s.web.client.RestTemplate              : Accept=[text/plain, application/json, application/*+json, */*]
2025-05-30T12:02:27.214Z DEBUG 3986 --- [or-http-epoll-2] o.s.w.s.adapter.HttpWebHandlerAdapter    : [95090a78-17] HTTP GET "/api/bookings"
2025-05-30T12:02:27.231Z DEBUG 3986 --- [           main] o.s.web.client.RestTemplate              : Response 200 OK
2025-05-30T12:02:27.231Z DEBUG 3986 --- [or-http-epoll-2] o.s.w.s.adapter.HttpWebHandlerAdapter    : [95090a78-17] Completed 200 OK
2025-05-30T12:02:27.231Z DEBUG 3986 --- [           main] o.s.web.client.RestTemplate              : Reading to [java.lang.String] as "application/json"
200 OK Status code for Admin viewing all bookings
Admin View Bookings Response JSON: [{"bookingId":1,"bookingDate":"2025-04-15","numberOfSeats":3,"seatNumbers":[7,8,9],"status":"CONFIRMED","userId":2,"user":null,"bus":null}]
2025-05-30T12:02:27.233Z DEBUG 3986 --- [           main] o.s.web.client.RestTemplate              : HTTP GET http://localhost:42721/api/bookings
2025-05-30T12:02:27.233Z DEBUG 3986 --- [           main] o.s.web.client.RestTemplate              : Accept=[text/plain, application/json, application/*+json, */*]
2025-05-30T12:02:27.234Z DEBUG 3986 --- [or-http-epoll-2] o.s.w.s.adapter.HttpWebHandlerAdapter    : [95090a78-18] HTTP GET "/api/bookings"
2025-05-30T12:02:27.245Z DEBUG 3986 --- [           main] o.s.web.client.RestTemplate              : Response 403 FORBIDDEN
2025-05-30T12:02:27.245Z DEBUG 3986 --- [or-http-epoll-2] o.s.w.s.adapter.HttpWebHandlerAdapter    : [95090a78-18] Completed 403 FORBIDDEN
2025-05-30T12:02:27.245Z DEBUG 3986 --- [           main] o.s.web.client.RestTemplate              : Reading to [java.lang.String] as "application/json"
403 FORBIDDEN Status code for User trying to view all bookings
]]></system-out>
  </testcase>
  <testcase name="backend_testUserCanViewOwnBookings" classname="com.examly.apigateway.ApigatewayApplicationTests" time="0.047">
    <system-out><![CDATA[2025-05-30T12:02:27.250Z DEBUG 3986 --- [           main] o.s.web.client.RestTemplate              : HTTP GET http://localhost:42721/api/bookings/user/2
2025-05-30T12:02:27.250Z DEBUG 3986 --- [           main] o.s.web.client.RestTemplate              : Accept=[text/plain, application/json, application/*+json, */*]
2025-05-30T12:02:27.252Z DEBUG 3986 --- [or-http-epoll-2] o.s.w.s.adapter.HttpWebHandlerAdapter    : [95090a78-19] HTTP GET "/api/bookings/user/2"
2025-05-30T12:02:27.278Z DEBUG 3986 --- [           main] o.s.web.client.RestTemplate              : Response 200 OK
2025-05-30T12:02:27.279Z DEBUG 3986 --- [           main] o.s.web.client.RestTemplate              : Reading to [java.lang.String] as "application/json"
2025-05-30T12:02:27.279Z DEBUG 3986 --- [or-http-epoll-2] o.s.w.s.adapter.HttpWebHandlerAdapter    : [95090a78-19] Completed 200 OK
200 OK Status code for User viewing their own bookings
User View Own Bookings Response JSON: [{"bookingId":1,"bookingDate":"2025-04-15","numberOfSeats":3,"seatNumbers":[7,8,9],"status":"CONFIRMED","userId":2,"user":null,"bus":null}]
2025-05-30T12:02:27.280Z DEBUG 3986 --- [           main] o.s.web.client.RestTemplate              : HTTP GET http://localhost:42721/api/bookings/user/2
2025-05-30T12:02:27.280Z DEBUG 3986 --- [           main] o.s.web.client.RestTemplate              : Accept=[text/plain, application/json, application/*+json, */*]
2025-05-30T12:02:27.281Z DEBUG 3986 --- [or-http-epoll-2] o.s.w.s.adapter.HttpWebHandlerAdapter    : [95090a78-20] HTTP GET "/api/bookings/user/2"
2025-05-30T12:02:27.292Z DEBUG 3986 --- [           main] o.s.web.client.RestTemplate              : Response 403 FORBIDDEN
2025-05-30T12:02:27.293Z DEBUG 3986 --- [or-http-epoll-2] o.s.w.s.adapter.HttpWebHandlerAdapter    : [95090a78-20] Completed 403 FORBIDDEN
2025-05-30T12:02:27.293Z DEBUG 3986 --- [           main] o.s.web.client.RestTemplate              : Reading to [java.lang.String] as "application/json"
403 FORBIDDEN Status code for Admin trying to add a booking
]]></system-out>
  </testcase>
  <testcase name="backend_testAddFeedbackWithRoleValidation" classname="com.examly.apigateway.ApigatewayApplicationTests" time="0.484">
    <system-out><![CDATA[2025-05-30T12:02:27.299Z DEBUG 3986 --- [           main] o.s.web.client.RestTemplate              : HTTP POST http://localhost:42721/api/feedback
2025-05-30T12:02:27.299Z DEBUG 3986 --- [           main] o.s.web.client.RestTemplate              : Accept=[text/plain, application/json, application/*+json, */*]
2025-05-30T12:02:27.299Z DEBUG 3986 --- [           main] o.s.web.client.RestTemplate              : Writing [{"feedbackId": 1,"comments": "Great service!","rating": 5,"user": { "userId": 2 },"bus": { "busId": 1 },"date": "2025-02-27"}] as "application/json"
2025-05-30T12:02:27.301Z DEBUG 3986 --- [or-http-epoll-2] o.s.w.s.adapter.HttpWebHandlerAdapter    : [95090a78-21] HTTP POST "/api/feedback"
2025-05-30T12:02:27.757Z DEBUG 3986 --- [           main] o.s.web.client.RestTemplate              : Response 201 CREATED
2025-05-30T12:02:27.757Z DEBUG 3986 --- [or-http-epoll-2] o.s.w.s.adapter.HttpWebHandlerAdapter    : [95090a78-21] Completed 201 CREATED
2025-05-30T12:02:27.757Z DEBUG 3986 --- [           main] o.s.web.client.RestTemplate              : Reading to [java.lang.String] as "application/json"
201 CREATED Status code for User adding feedback
2025-05-30T12:02:27.758Z DEBUG 3986 --- [           main] o.s.web.client.RestTemplate              : HTTP POST http://localhost:42721/api/feedback
2025-05-30T12:02:27.758Z DEBUG 3986 --- [           main] o.s.web.client.RestTemplate              : Accept=[text/plain, application/json, application/*+json, */*]
2025-05-30T12:02:27.758Z DEBUG 3986 --- [           main] o.s.web.client.RestTemplate              : Writing [{"feedbackId": 1,"comments": "Great service!","rating": 5,"user": { "userId": 2 },"bus": { "busId": 1 },"date": "2025-02-27"}] as "application/json"
2025-05-30T12:02:27.759Z DEBUG 3986 --- [or-http-epoll-2] o.s.w.s.adapter.HttpWebHandlerAdapter    : [95090a78-22] HTTP POST "/api/feedback"
2025-05-30T12:02:27.777Z DEBUG 3986 --- [           main] o.s.web.client.RestTemplate              : Response 403 FORBIDDEN
2025-05-30T12:02:27.778Z DEBUG 3986 --- [or-http-epoll-2] o.s.w.s.adapter.HttpWebHandlerAdapter    : [95090a78-22] Completed 403 FORBIDDEN
2025-05-30T12:02:27.778Z DEBUG 3986 --- [           main] o.s.web.client.RestTemplate              : Reading to [java.lang.String] as "application/json"
403 FORBIDDEN Status code for Admin trying to add a Feedback
]]></system-out>
  </testcase>
  <testcase name="backend_testGetAllFeedbackWithRoleValidation" classname="com.examly.apigateway.ApigatewayApplicationTests" time="0.081">
    <system-out><![CDATA[2025-05-30T12:02:27.783Z DEBUG 3986 --- [           main] o.s.web.client.RestTemplate              : HTTP GET http://localhost:42721/api/feedback
2025-05-30T12:02:27.783Z DEBUG 3986 --- [           main] o.s.web.client.RestTemplate              : Accept=[text/plain, application/json, application/*+json, */*]
2025-05-30T12:02:27.784Z DEBUG 3986 --- [or-http-epoll-2] o.s.w.s.adapter.HttpWebHandlerAdapter    : [95090a78-23] HTTP GET "/api/feedback"
2025-05-30T12:02:27.845Z DEBUG 3986 --- [           main] o.s.web.client.RestTemplate              : Response 200 OK
2025-05-30T12:02:27.845Z DEBUG 3986 --- [or-http-epoll-2] o.s.w.s.adapter.HttpWebHandlerAdapter    : [95090a78-23] Completed 200 OK
2025-05-30T12:02:27.845Z DEBUG 3986 --- [           main] o.s.web.client.RestTemplate              : Reading to [java.lang.String] as "application/json"
2025-05-30T12:02:27.846Z DEBUG 3986 --- [           main] o.s.web.client.RestTemplate              : HTTP GET http://localhost:42721/api/feedback
2025-05-30T12:02:27.846Z DEBUG 3986 --- [           main] o.s.web.client.RestTemplate              : Accept=[text/plain, application/json, application/*+json, */*]
2025-05-30T12:02:27.847Z DEBUG 3986 --- [or-http-epoll-2] o.s.w.s.adapter.HttpWebHandlerAdapter    : [95090a78-24] HTTP GET "/api/feedback"
2025-05-30T12:02:27.858Z DEBUG 3986 --- [           main] o.s.web.client.RestTemplate              : Response 403 FORBIDDEN
2025-05-30T12:02:27.858Z DEBUG 3986 --- [           main] o.s.web.client.RestTemplate              : Reading to [java.lang.String] as "application/json"
2025-05-30T12:02:27.858Z DEBUG 3986 --- [or-http-epoll-2] o.s.w.s.adapter.HttpWebHandlerAdapter    : [95090a78-24] Completed 403 FORBIDDEN
]]></system-out>
  </testcase>
  <testcase name="backend_testGetFeedbackByUserIdWithRoleValidation" classname="com.examly.apigateway.ApigatewayApplicationTests" time="0.055">
    <system-out><![CDATA[2025-05-30T12:02:27.866Z DEBUG 3986 --- [           main] o.s.web.client.RestTemplate              : HTTP GET http://localhost:42721/api/feedback/user/2
2025-05-30T12:02:27.866Z DEBUG 3986 --- [           main] o.s.web.client.RestTemplate              : Accept=[text/plain, application/json, application/*+json, */*]
2025-05-30T12:02:27.867Z DEBUG 3986 --- [or-http-epoll-2] o.s.w.s.adapter.HttpWebHandlerAdapter    : [95090a78-25] HTTP GET "/api/feedback/user/2"
2025-05-30T12:02:27.899Z DEBUG 3986 --- [           main] o.s.web.client.RestTemplate              : Response 200 OK
2025-05-30T12:02:27.899Z DEBUG 3986 --- [or-http-epoll-2] o.s.w.s.adapter.HttpWebHandlerAdapter    : [95090a78-25] Completed 200 OK
2025-05-30T12:02:27.899Z DEBUG 3986 --- [           main] o.s.web.client.RestTemplate              : Reading to [java.lang.String] as "application/json"
2025-05-30T12:02:27.900Z DEBUG 3986 --- [           main] o.s.web.client.RestTemplate              : HTTP GET http://localhost:42721/api/feedback/user/2
2025-05-30T12:02:27.900Z DEBUG 3986 --- [           main] o.s.web.client.RestTemplate              : Accept=[text/plain, application/json, application/*+json, */*]
2025-05-30T12:02:27.902Z DEBUG 3986 --- [or-http-epoll-2] o.s.w.s.adapter.HttpWebHandlerAdapter    : [95090a78-26] HTTP GET "/api/feedback/user/2"
2025-05-30T12:02:27.915Z DEBUG 3986 --- [           main] o.s.web.client.RestTemplate              : Response 403 FORBIDDEN
2025-05-30T12:02:27.916Z DEBUG 3986 --- [           main] o.s.web.client.RestTemplate              : Reading to [java.lang.String] as "application/json"
2025-05-30T12:02:27.916Z DEBUG 3986 --- [or-http-epoll-2] o.s.w.s.adapter.HttpWebHandlerAdapter    : [95090a78-26] Completed 403 FORBIDDEN
403 FORBIDDEN Status code for Admin trying to get user feedback
]]></system-out>
  </testcase>
</testsuite>