<?xml version="1.0" encoding="UTF-8"?>
<testsuite xmlns:xsi="http://www.w3.org/2001/XMLSchema-instance" xsi:noNamespaceSchemaLocation="https://maven.apache.org/surefire/maven-surefire-plugin/xsd/surefire-test-report-3.0.xsd" version="3.0" name="com.examly.apigateway.ApigatewayApplicationTests" time="6.551" tests="15" errors="0" skipped="0" failures="0">
  <properties>
[...]
</properties>
  <testcase name="backend_testRegisterAdmin" classname="com.examly.apigateway.ApigatewayApplicationTests" time="1.033">
    <system-out><![CDATA[08:21:21.763 [main] INFO org.springframework.test.context.support.AnnotationConfigContextLoaderUtils -- Could not detect default configuration classes for test class [com.examly.apigateway.ApigatewayApplicationTests]: ApigatewayApplicationTests does not declare any static, non-private, non-final, nested classes annotated with @Configuration.
08:21:21.843 [main] INFO org.springframework.boot.test.context.SpringBootTestContextBootstrapper -- Found @SpringBootConfiguration com.examly.apigateway.ApigatewayApplication for test class com.examly.apigateway.ApigatewayApplicationTests

  .   ____          _            __ _ _
 /\\ / ___'_ __ _ _(_)_ __  __ _ \ \ \ \
( ( )\___ | '_ | '_| | '_ \/ _` | \ \ \ \
 \\/  ___)| |_)| | | | | || (_| |  ) ) ) )
  '  |____| .__|_| |_|_| |_\__, | / / / /
 =========|_|==============|___/=/_/_/_/
 :: Spring Boot ::               (v3.1.10)

2025-05-30T08:21:22.250Z  INFO 6081 --- [           main] c.e.a.ApigatewayApplicationTests         : Starting ApigatewayApplicationTests using Java 17.0.14 with PID 6081 (started by coder in /home/coder/project/workspace/apigateway)
2025-05-30T08:21:22.252Z  INFO 6081 --- [           main] c.e.a.ApigatewayApplicationTests         : No active profile set, falling back to 1 default profile: "default"
2025-05-30T08:21:23.129Z  INFO 6081 --- [           main] o.s.cloud.context.scope.GenericScope     : BeanFactory id=c069b105-82d6-3fcb-ad26-a2ccbbd6f730
2025-05-30T08:21:23.205Z  INFO 6081 --- [           main] trationDelegate$BeanPostProcessorChecker : Bean 'org.springframework.cloud.client.loadbalancer.reactive.LoadBalancerBeanPostProcessorAutoConfiguration' of type [org.springframework.cloud.client.loadbalancer.reactive.LoadBalancerBeanPostProcessorAutoConfiguration] is not eligible for getting processed by all BeanPostProcessors (for example: not eligible for auto-proxying)
2025-05-30T08:21:23.207Z  INFO 6081 --- [           main] trationDelegate$BeanPostProcessorChecker : Bean 'org.springframework.cloud.client.loadbalancer.reactive.LoadBalancerBeanPostProcessorAutoConfiguration$ReactorDeferringLoadBalancerFilterConfig' of type [org.springframework.cloud.client.loadbalancer.reactive.LoadBalancerBeanPostProcessorAutoConfiguration$ReactorDeferringLoadBalancerFilterConfig] is not eligible for getting processed by all BeanPostProcessors (for example: not eligible for auto-proxying)
2025-05-30T08:21:23.208Z  INFO 6081 --- [           main] trationDelegate$BeanPostProcessorChecker : Bean 'reactorDeferringLoadBalancerExchangeFilterFunction' of type [org.springframework.cloud.client.loadbalancer.reactive.DeferringLoadBalancerExchangeFilterFunction] is not eligible for getting processed by all BeanPostProcessors (for example: not eligible for auto-proxying)
2025-05-30T08:21:23.822Z  INFO 6081 --- [           main] o.s.c.g.r.RouteDefinitionRouteLocator    : Loaded RoutePredicateFactory [After]
2025-05-30T08:21:23.823Z  INFO 6081 --- [           main] o.s.c.g.r.RouteDefinitionRouteLocator    : Loaded RoutePredicateFactory [Before]
2025-05-30T08:21:23.823Z  INFO 6081 --- [           main] o.s.c.g.r.RouteDefinitionRouteLocator    : Loaded RoutePredicateFactory [Between]
2025-05-30T08:21:23.823Z  INFO 6081 --- [           main] o.s.c.g.r.RouteDefinitionRouteLocator    : Loaded RoutePredicateFactory [Cookie]
2025-05-30T08:21:23.823Z  INFO 6081 --- [           main] o.s.c.g.r.RouteDefinitionRouteLocator    : Loaded RoutePredicateFactory [Header]
2025-05-30T08:21:23.823Z  INFO 6081 --- [           main] o.s.c.g.r.RouteDefinitionRouteLocator    : Loaded RoutePredicateFactory [Host]
2025-05-30T08:21:23.823Z  INFO 6081 --- [           main] o.s.c.g.r.RouteDefinitionRouteLocator    : Loaded RoutePredicateFactory [Method]
2025-05-30T08:21:23.823Z  INFO 6081 --- [           main] o.s.c.g.r.RouteDefinitionRouteLocator    : Loaded RoutePredicateFactory [Path]
2025-05-30T08:21:23.823Z  INFO 6081 --- [           main] o.s.c.g.r.RouteDefinitionRouteLocator    : Loaded RoutePredicateFactory [Query]
2025-05-30T08:21:23.823Z  INFO 6081 --- [           main] o.s.c.g.r.RouteDefinitionRouteLocator    : Loaded RoutePredicateFactory [ReadBody]
2025-05-30T08:21:23.823Z  INFO 6081 --- [           main] o.s.c.g.r.RouteDefinitionRouteLocator    : Loaded RoutePredicateFactory [RemoteAddr]
2025-05-30T08:21:23.823Z  INFO 6081 --- [           main] o.s.c.g.r.RouteDefinitionRouteLocator    : Loaded RoutePredicateFactory [XForwardedRemoteAddr]
2025-05-30T08:21:23.824Z  INFO 6081 --- [           main] o.s.c.g.r.RouteDefinitionRouteLocator    : Loaded RoutePredicateFactory [Weight]
2025-05-30T08:21:23.824Z  INFO 6081 --- [           main] o.s.c.g.r.RouteDefinitionRouteLocator    : Loaded RoutePredicateFactory [CloudFoundryRouteService]
2025-05-30T08:21:23.929Z DEBUG 6081 --- [           main] o.s.w.r.handler.SimpleUrlHandlerMapping  : Patterns [/webjars/**, /**] in 'resourceHandlerMapping'
2025-05-30T08:21:24.030Z  INFO 6081 --- [           main] o.s.b.a.e.web.EndpointLinksResolver      : Exposing 1 endpoint(s) beneath base path '/actuator'
2025-05-30T08:21:24.069Z DEBUG 6081 --- [           main] o.s.w.r.r.m.a.ControllerMethodResolver   : ControllerAdvice beans: none
2025-05-30T08:21:24.101Z DEBUG 6081 --- [           main] o.s.w.s.adapter.HttpWebHandlerAdapter    : enableLoggingRequestDetails='false': form data and headers will be masked to prevent unsafe logging of potentially sensitive data
2025-05-30T08:21:24.206Z  INFO 6081 --- [           main] DiscoveryClientOptionalArgsConfiguration : Eureka HTTP Client uses RestTemplate.
2025-05-30T08:21:24.231Z  WARN 6081 --- [           main] iguration$LoadBalancerCaffeineWarnLogger : Spring Cloud LoadBalancer is currently working with the default cache. While this cache implementation is useful for development and tests, it's recommended to use Caffeine cache in production.You can switch to using Caffeine cache, by adding it and org.springframework.cache.caffeine.CaffeineCacheManager to the classpath.
2025-05-30T08:21:24.566Z  INFO 6081 --- [           main] o.s.b.web.embedded.netty.NettyWebServer  : Netty started on port 38789
2025-05-30T08:21:24.568Z  INFO 6081 --- [           main] .s.c.n.e.s.EurekaAutoServiceRegistration : Updating port to 38789
2025-05-30T08:21:24.571Z  INFO 6081 --- [           main] o.s.c.n.eureka.InstanceInfoFactory       : Setting initial instance status as: STARTING
2025-05-30T08:21:24.631Z  INFO 6081 --- [           main] com.netflix.discovery.DiscoveryClient    : Initializing Eureka in region us-east-1
2025-05-30T08:21:24.636Z  INFO 6081 --- [           main] c.n.d.s.r.aws.ConfigClusterResolver      : Resolving eureka endpoints via configuration
2025-05-30T08:21:24.653Z  INFO 6081 --- [           main] com.netflix.discovery.DiscoveryClient    : Disable delta property : false
2025-05-30T08:21:24.654Z  INFO 6081 --- [           main] com.netflix.discovery.DiscoveryClient    : Single vip registry refresh property : null
2025-05-30T08:21:24.654Z  INFO 6081 --- [           main] com.netflix.discovery.DiscoveryClient    : Force full registry fetch : false
2025-05-30T08:21:24.654Z  INFO 6081 --- [           main] com.netflix.discovery.DiscoveryClient    : Application is null : false
2025-05-30T08:21:24.654Z  INFO 6081 --- [           main] com.netflix.discovery.DiscoveryClient    : Registered Applications size is zero : true
2025-05-30T08:21:24.654Z  INFO 6081 --- [           main] com.netflix.discovery.DiscoveryClient    : Application version is -1: true
2025-05-30T08:21:24.654Z  INFO 6081 --- [           main] com.netflix.discovery.DiscoveryClient    : Getting all instance registry info from the eureka server
2025-05-30T08:21:24.686Z DEBUG 6081 --- [           main] o.s.web.client.RestTemplate              : HTTP GET http://localhost:8761/eureka/apps/
2025-05-30T08:21:24.767Z DEBUG 6081 --- [           main] o.s.web.client.RestTemplate              : Accept=[application/json, application/*+json]
2025-05-30T08:21:24.802Z DEBUG 6081 --- [           main] o.s.web.client.RestTemplate              : Response 200 OK
2025-05-30T08:21:24.803Z DEBUG 6081 --- [           main] o.s.web.client.RestTemplate              : Reading to [org.springframework.cloud.netflix.eureka.http.EurekaApplications]
2025-05-30T08:21:24.821Z  INFO 6081 --- [           main] com.netflix.discovery.DiscoveryClient    : The response status is 200
2025-05-30T08:21:24.824Z  INFO 6081 --- [           main] com.netflix.discovery.DiscoveryClient    : Starting heartbeat executor: renew interval is: 30
2025-05-30T08:21:24.826Z  INFO 6081 --- [           main] c.n.discovery.InstanceInfoReplicator     : InstanceInfoReplicator onDemand update allowed rate per min is 4
2025-05-30T08:21:24.830Z  INFO 6081 --- [           main] com.netflix.discovery.DiscoveryClient    : Discovery Client initialized at timestamp 1748593284830 with initial instances count: 3
2025-05-30T08:21:24.833Z  INFO 6081 --- [           main] o.s.c.n.e.s.EurekaServiceRegistry        : Registering application API-GATEWAY with eureka with status UP
2025-05-30T08:21:24.833Z  INFO 6081 --- [           main] com.netflix.discovery.DiscoveryClient    : Saw local status change event StatusChangeEvent [timestamp=1748593284833, current=UP, previous=STARTING]
2025-05-30T08:21:24.834Z  INFO 6081 --- [nfoReplicator-0] com.netflix.discovery.DiscoveryClient    : DiscoveryClient_API-GATEWAY/dbdbeafdabccbbaaabecdfcffdededdedf-0.dbdbeafdabccbbaaabecdfcffdededdedf.ide.svc.cluster.local:api-gateway:0: registering service...
2025-05-30T08:21:24.837Z DEBUG 6081 --- [nfoReplicator-0] o.s.web.client.RestTemplate              : HTTP POST http://localhost:8761/eureka/apps/API-GATEWAY
2025-05-30T08:21:24.839Z DEBUG 6081 --- [nfoReplicator-0] o.s.web.client.RestTemplate              : Accept=[application/json, application/*+json]
2025-05-30T08:21:24.850Z DEBUG 6081 --- [nfoReplicator-0] o.s.web.client.RestTemplate              : Writing [InstanceInfo [instanceId = dbdbeafdabccbbaaabecdfcffdededdedf-0.dbdbeafdabccbbaaabecdfcffdededdedf.ide.svc.cluster.local:api-gateway:0, appName = API-GATEWAY, hostName = dbdbeafdabccbbaaabecdfcffdededdedf-0.dbdbeafdabccbbaaabecdfcffdededdedf.ide.svc.cluster.local, status = UP, ipAddr = 10.244.5.53, port = 38789, securePort = 443, dataCenterInfo = com.netflix.appinfo.MyDataCenterInfo@143ca921] as "application/json"
2025-05-30T08:21:24.869Z DEBUG 6081 --- [nfoReplicator-0] o.s.web.client.RestTemplate              : Response 204 NO_CONTENT
2025-05-30T08:21:24.870Z  INFO 6081 --- [nfoReplicator-0] com.netflix.discovery.DiscoveryClient    : DiscoveryClient_API-GATEWAY/dbdbeafdabccbbaaabecdfcffdededdedf-0.dbdbeafdabccbbaaabecdfcffdededdedf.ide.svc.cluster.local:api-gateway:0 - registration status: 204
2025-05-30T08:21:24.899Z  INFO 6081 --- [           main] c.e.a.ApigatewayApplicationTests         : Started ApigatewayApplicationTests in 2.954 seconds (process running for 3.778)
2025-05-30T08:21:25.545Z DEBUG 6081 --- [           main] o.s.web.client.RestTemplate              : HTTP POST http://localhost:38789/api/register
2025-05-30T08:21:25.545Z DEBUG 6081 --- [           main] o.s.web.client.RestTemplate              : Accept=[text/plain, application/json, application/*+json, */*]
2025-05-30T08:21:25.546Z DEBUG 6081 --- [           main] o.s.web.client.RestTemplate              : Writing [{"userId": 1,"email": "demoadmin@gmail.com", "password": "admin@1234", "username": "admin123", "userRole": "ADMIN", "mobileNumber": "9876543210"}] as "application/json"
2025-05-30T08:21:25.635Z DEBUG 6081 --- [or-http-epoll-2] o.s.w.s.adapter.HttpWebHandlerAdapter    : [81d26337-1] HTTP POST "/api/register"
2025-05-30T08:21:25.925Z DEBUG 6081 --- [           main] o.s.web.client.RestTemplate              : Response 201 CREATED
2025-05-30T08:21:25.926Z DEBUG 6081 --- [           main] o.s.web.client.RestTemplate              : Reading to [java.lang.String] as "application/json"
2025-05-30T08:21:25.927Z DEBUG 6081 --- [or-http-epoll-2] o.s.w.s.adapter.HttpWebHandlerAdapter    : [81d26337-1] Completed 201 CREATED
]]></system-out>
  </testcase>
  <testcase name="backend_testRegisterUser" classname="com.examly.apigateway.ApigatewayApplicationTests" time="0.022">
    <system-out><![CDATA[2025-05-30T08:21:25.946Z DEBUG 6081 --- [           main] o.s.web.client.RestTemplate              : HTTP POST http://localhost:38789/api/register
2025-05-30T08:21:25.946Z DEBUG 6081 --- [           main] o.s.web.client.RestTemplate              : Accept=[text/plain, application/json, application/*+json, */*]
2025-05-30T08:21:25.946Z DEBUG 6081 --- [           main] o.s.web.client.RestTemplate              : Writing [{"userId": 2,"email": "demouser@gmail.com", "password": "user@1234", "username": "user123", "userRole": "USER", "mobileNumber": "1122334455"}] as "application/json"
2025-05-30T08:21:25.948Z DEBUG 6081 --- [or-http-epoll-2] o.s.w.s.adapter.HttpWebHandlerAdapter    : [81d26337-2] HTTP POST "/api/register"
2025-05-30T08:21:25.962Z DEBUG 6081 --- [           main] o.s.web.client.RestTemplate              : Response 201 CREATED
2025-05-30T08:21:25.962Z DEBUG 6081 --- [or-http-epoll-2] o.s.w.s.adapter.HttpWebHandlerAdapter    : [81d26337-2] Completed 201 CREATED
2025-05-30T08:21:25.962Z DEBUG 6081 --- [           main] o.s.web.client.RestTemplate              : Reading to [java.lang.String] as "application/json"
]]></system-out>
  </testcase>
  <testcase name="backend_testLoginAdmin" classname="com.examly.apigateway.ApigatewayApplicationTests" time="0.293">
    <system-out><![CDATA[2025-05-30T08:21:25.969Z DEBUG 6081 --- [           main] o.s.web.client.RestTemplate              : HTTP POST http://localhost:38789/api/login
2025-05-30T08:21:25.969Z DEBUG 6081 --- [           main] o.s.web.client.RestTemplate              : Accept=[text/plain, application/json, application/*+json, */*]
2025-05-30T08:21:25.969Z DEBUG 6081 --- [           main] o.s.web.client.RestTemplate              : Writing [{"email": "demoadmin@gmail.com", "password": "admin@1234"}] as "application/json"
2025-05-30T08:21:25.970Z DEBUG 6081 --- [or-http-epoll-2] o.s.w.s.adapter.HttpWebHandlerAdapter    : [81d26337-3] HTTP POST "/api/login"
2025-05-30T08:21:26.251Z DEBUG 6081 --- [           main] o.s.web.client.RestTemplate              : Response 200 OK
2025-05-30T08:21:26.252Z DEBUG 6081 --- [or-http-epoll-2] o.s.w.s.adapter.HttpWebHandlerAdapter    : [81d26337-3] Completed 200 OK
2025-05-30T08:21:26.252Z DEBUG 6081 --- [           main] o.s.web.client.RestTemplate              : Reading to [java.lang.String] as "application/json"
]]></system-out>
  </testcase>
  <testcase name="backend_testLoginUser" classname="com.examly.apigateway.ApigatewayApplicationTests" time="0.02">
    <system-out><![CDATA[2025-05-30T08:21:26.261Z DEBUG 6081 --- [           main] o.s.web.client.RestTemplate              : HTTP POST http://localhost:38789/api/login
2025-05-30T08:21:26.262Z DEBUG 6081 --- [           main] o.s.web.client.RestTemplate              : Accept=[text/plain, application/json, application/*+json, */*]
2025-05-30T08:21:26.262Z DEBUG 6081 --- [           main] o.s.web.client.RestTemplate              : Writing [{"email": "demouser@gmail.com", "password": "user@1234"}] as "application/json"
2025-05-30T08:21:26.264Z DEBUG 6081 --- [or-http-epoll-2] o.s.w.s.adapter.HttpWebHandlerAdapter    : [81d26337-4] HTTP POST "/api/login"
2025-05-30T08:21:26.276Z DEBUG 6081 --- [           main] o.s.web.client.RestTemplate              : Response 200 OK
2025-05-30T08:21:26.277Z DEBUG 6081 --- [           main] o.s.web.client.RestTemplate              : Reading to [java.lang.String] as "application/json"
2025-05-30T08:21:26.277Z DEBUG 6081 --- [or-http-epoll-2] o.s.w.s.adapter.HttpWebHandlerAdapter    : [81d26337-4] Completed 200 OK
]]></system-out>
  </testcase>
  <testcase name="backend_testAddBusWithRoleValidation" classname="com.examly.apigateway.ApigatewayApplicationTests" time="0.37">
    <system-out><![CDATA[2025-05-30T08:21:26.282Z DEBUG 6081 --- [           main] o.s.web.client.RestTemplate              : HTTP POST http://localhost:38789/api/bus
2025-05-30T08:21:26.283Z DEBUG 6081 --- [           main] o.s.web.client.RestTemplate              : Accept=[text/plain, application/json, application/*+json, */*]
2025-05-30T08:21:26.283Z DEBUG 6081 --- [           main] o.s.web.client.RestTemplate              : Writing [{"busName": "Express Bus","source": "New York","destination": "Washington D.C.","departureTime": "2025-04-01T08:00","arrivalTime": "2025-04-01T12:00","totalSeats": 50,"availableSeats": 50,"busType": "AC","fare": 25.5,"photo": "image_base64_data","user": {"userId": 1}}] as "application/json"
2025-05-30T08:21:26.285Z DEBUG 6081 --- [or-http-epoll-2] o.s.w.s.adapter.HttpWebHandlerAdapter    : [81d26337-5] HTTP POST "/api/bus"
2025-05-30T08:21:26.612Z DEBUG 6081 --- [           main] o.s.web.client.RestTemplate              : Response 201 CREATED
2025-05-30T08:21:26.612Z DEBUG 6081 --- [or-http-epoll-2] o.s.w.s.adapter.HttpWebHandlerAdapter    : [81d26337-5] Completed 201 CREATED
2025-05-30T08:21:26.613Z DEBUG 6081 --- [           main] o.s.web.client.RestTemplate              : Reading to [java.lang.String] as "application/json"
Response Status (Admin): 201 CREATED
Response Body (Admin): {"busId":1,"busName":"Express Bus","source":"New York","destination":"Washington D.C.","departureTime":"2025-04-01T08:00:00","arrivalTime":"2025-04-01T12:00:00","totalSeats":50,"availableSeats":50,"fare":25.5,"busType":"AC","photo":"image_base64_data"}
2025-05-30T08:21:26.615Z DEBUG 6081 --- [           main] o.s.web.client.RestTemplate              : HTTP POST http://localhost:38789/api/bus
2025-05-30T08:21:26.615Z DEBUG 6081 --- [           main] o.s.web.client.RestTemplate              : Accept=[text/plain, application/json, application/*+json, */*]
2025-05-30T08:21:26.615Z DEBUG 6081 --- [           main] o.s.web.client.RestTemplate              : Writing [{"busName": "Express Bus","source": "New York","destination": "Washington D.C.","departureTime": "2025-04-01T08:00","arrivalTime": "2025-04-01T12:00","totalSeats": 50,"availableSeats": 50,"busType": "AC","fare": 25.5,"photo": "image_base64_data","user": {"userId": 1}}] as "application/json"
2025-05-30T08:21:26.617Z DEBUG 6081 --- [or-http-epoll-2] o.s.w.s.adapter.HttpWebHandlerAdapter    : [81d26337-6] HTTP POST "/api/bus"
2025-05-30T08:21:26.646Z DEBUG 6081 --- [           main] o.s.web.client.RestTemplate              : Response 403 FORBIDDEN
2025-05-30T08:21:26.647Z DEBUG 6081 --- [           main] o.s.web.client.RestTemplate              : Reading to [java.lang.String] as "application/json"
2025-05-30T08:21:26.647Z DEBUG 6081 --- [or-http-epoll-2] o.s.w.s.adapter.HttpWebHandlerAdapter    : [81d26337-6] Completed 403 FORBIDDEN
Response Status (User): 403 FORBIDDEN
Response Body (User): {"timestamp":"2025-05-30T08:21:26.640+00:00","status":403,"error":"Forbidden","message":"Forbidden","path":"/api/bus"}
]]></system-out>
  </testcase>
  <testcase name="backend_testGetBusByIdWithRoleValidation" classname="com.examly.apigateway.ApigatewayApplicationTests" time="0.077">
    <system-out><![CDATA[2025-05-30T08:21:26.653Z DEBUG 6081 --- [           main] o.s.web.client.RestTemplate              : HTTP GET http://localhost:38789/api/bus/1
2025-05-30T08:21:26.653Z DEBUG 6081 --- [           main] o.s.web.client.RestTemplate              : Accept=[text/plain, application/json, application/*+json, */*]
2025-05-30T08:21:26.655Z DEBUG 6081 --- [or-http-epoll-2] o.s.w.s.adapter.HttpWebHandlerAdapter    : [81d26337-7] HTTP GET "/api/bus/1"
2025-05-30T08:21:26.700Z DEBUG 6081 --- [           main] o.s.web.client.RestTemplate              : Response 200 OK
2025-05-30T08:21:26.701Z DEBUG 6081 --- [           main] o.s.web.client.RestTemplate              : Reading to [java.lang.String] as "application/json"
2025-05-30T08:21:26.701Z DEBUG 6081 --- [or-http-epoll-2] o.s.w.s.adapter.HttpWebHandlerAdapter    : [81d26337-7] Completed 200 OK
200 OK Status code for Admin retrieving food
Admin Response JSON: {"busId":1,"busName":"Express Bus","source":"New York","destination":"Washington D.C.","departureTime":"2025-04-01T08:00:00","arrivalTime":"2025-04-01T12:00:00","totalSeats":50,"availableSeats":50,"fare":25.5,"busType":"AC","photo":"image_base64_data"}
2025-05-30T08:21:26.705Z DEBUG 6081 --- [           main] o.s.web.client.RestTemplate              : HTTP GET http://localhost:38789/api/bus/1
2025-05-30T08:21:26.706Z DEBUG 6081 --- [           main] o.s.web.client.RestTemplate              : Accept=[text/plain, application/json, application/*+json, */*]
2025-05-30T08:21:26.707Z DEBUG 6081 --- [or-http-epoll-2] o.s.w.s.adapter.HttpWebHandlerAdapter    : [81d26337-8] HTTP GET "/api/bus/1"
2025-05-30T08:21:26.724Z DEBUG 6081 --- [           main] o.s.web.client.RestTemplate              : Response 200 OK
2025-05-30T08:21:26.724Z DEBUG 6081 --- [or-http-epoll-2] o.s.w.s.adapter.HttpWebHandlerAdapter    : [81d26337-8] Completed 200 OK
2025-05-30T08:21:26.724Z DEBUG 6081 --- [           main] o.s.web.client.RestTemplate              : Reading to [java.lang.String] as "application/json"
200 OK Status code for User retrieving food
]]></system-out>
  </testcase>
  <testcase name="backend_testGetAllBuses" classname="com.examly.apigateway.ApigatewayApplicationTests" time="0.079">
    <system-out><![CDATA[2025-05-30T08:21:26.729Z DEBUG 6081 --- [           main] o.s.web.client.RestTemplate              : HTTP GET http://localhost:38789/api/bus
2025-05-30T08:21:26.730Z DEBUG 6081 --- [           main] o.s.web.client.RestTemplate              : Accept=[text/plain, application/json, application/*+json, */*]
2025-05-30T08:21:26.731Z DEBUG 6081 --- [or-http-epoll-2] o.s.w.s.adapter.HttpWebHandlerAdapter    : [81d26337-9] HTTP GET "/api/bus"
2025-05-30T08:21:26.786Z DEBUG 6081 --- [           main] o.s.web.client.RestTemplate              : Response 200 OK
2025-05-30T08:21:26.786Z DEBUG 6081 --- [or-http-epoll-2] o.s.w.s.adapter.HttpWebHandlerAdapter    : [81d26337-9] Completed 200 OK
2025-05-30T08:21:26.786Z DEBUG 6081 --- [           main] o.s.web.client.RestTemplate              : Reading to [java.lang.String] as "application/json"
200 OK Status code for Admin getting all buses
2025-05-30T08:21:26.788Z DEBUG 6081 --- [           main] o.s.web.client.RestTemplate              : HTTP GET http://localhost:38789/api/bus
2025-05-30T08:21:26.789Z DEBUG 6081 --- [           main] o.s.web.client.RestTemplate              : Accept=[text/plain, application/json, application/*+json, */*]
2025-05-30T08:21:26.790Z DEBUG 6081 --- [or-http-epoll-2] o.s.w.s.adapter.HttpWebHandlerAdapter    : [81d26337-10] HTTP GET "/api/bus"
2025-05-30T08:21:26.803Z DEBUG 6081 --- [           main] o.s.web.client.RestTemplate              : Response 200 OK
2025-05-30T08:21:26.803Z DEBUG 6081 --- [or-http-epoll-2] o.s.w.s.adapter.HttpWebHandlerAdapter    : [81d26337-10] Completed 200 OK
2025-05-30T08:21:26.803Z DEBUG 6081 --- [           main] o.s.web.client.RestTemplate              : Reading to [java.lang.String] as "application/json"
200 OK Status code for User getting all buses
]]></system-out>
  </testcase>
  <testcase name="backend_testUpdateBusWithRoleValidation" classname="com.examly.apigateway.ApigatewayApplicationTests" time="0.052">
    <system-out><![CDATA[2025-05-30T08:21:26.809Z DEBUG 6081 --- [           main] o.s.web.client.RestTemplate              : HTTP PUT http://localhost:38789/api/bus/1
2025-05-30T08:21:26.810Z DEBUG 6081 --- [           main] o.s.web.client.RestTemplate              : Accept=[text/plain, application/json, application/*+json, */*]
2025-05-30T08:21:26.810Z DEBUG 6081 --- [           main] o.s.web.client.RestTemplate              : Writing [{"busId": 1,"busName": "Updated Express Bus","source": "Los Angeles","destination": "San Francisco","departureTime": "2025-04-05T10:00","arrivalTime": "2025-04-05T15:00","totalSeats": 45,"availableSeats": 40,"busType": "Sleeper","fare": 35.0,"photo": "updatedBase64String","user": {"userId": 1}}] as "application/json"
2025-05-30T08:21:26.811Z DEBUG 6081 --- [or-http-epoll-2] o.s.w.s.adapter.HttpWebHandlerAdapter    : [81d26337-11] HTTP PUT "/api/bus/1"
2025-05-30T08:21:26.841Z DEBUG 6081 --- [           main] o.s.web.client.RestTemplate              : Response 200 OK
2025-05-30T08:21:26.841Z DEBUG 6081 --- [or-http-epoll-2] o.s.w.s.adapter.HttpWebHandlerAdapter    : [81d26337-11] Completed 200 OK
2025-05-30T08:21:26.841Z DEBUG 6081 --- [           main] o.s.web.client.RestTemplate              : Reading to [java.lang.String] as "application/json"
200 OK Status code for Admin updating bus
Admin Update Response JSON: {"busId":1,"busName":"Updated Express Bus","source":"Los Angeles","destination":"San Francisco","departureTime":"2025-04-05T10:00:00","arrivalTime":"2025-04-05T15:00:00","totalSeats":45,"availableSeats":40,"fare":35.0,"busType":"Sleeper","photo":"updatedBase64String"}
2025-05-30T08:21:26.842Z DEBUG 6081 --- [           main] o.s.web.client.RestTemplate              : HTTP PUT http://localhost:38789/api/bus/1
2025-05-30T08:21:26.842Z DEBUG 6081 --- [           main] o.s.web.client.RestTemplate              : Accept=[text/plain, application/json, application/*+json, */*]
2025-05-30T08:21:26.842Z DEBUG 6081 --- [           main] o.s.web.client.RestTemplate              : Writing [{"busId": 1,"busName": "Updated Express Bus","source": "Los Angeles","destination": "San Francisco","departureTime": "2025-04-05T10:00","arrivalTime": "2025-04-05T15:00","totalSeats": 45,"availableSeats": 40,"busType": "Sleeper","fare": 35.0,"photo": "updatedBase64String","user": {"userId": 1}}] as "application/json"
2025-05-30T08:21:26.844Z DEBUG 6081 --- [or-http-epoll-2] o.s.w.s.adapter.HttpWebHandlerAdapter    : [81d26337-12] HTTP PUT "/api/bus/1"
2025-05-30T08:21:26.855Z DEBUG 6081 --- [           main] o.s.web.client.RestTemplate              : Response 403 FORBIDDEN
2025-05-30T08:21:26.855Z DEBUG 6081 --- [or-http-epoll-2] o.s.w.s.adapter.HttpWebHandlerAdapter    : [81d26337-12] Completed 403 FORBIDDEN
2025-05-30T08:21:26.855Z DEBUG 6081 --- [           main] o.s.web.client.RestTemplate              : Reading to [java.lang.String] as "application/json"
403 FORBIDDEN Status code for User trying to update bus
]]></system-out>
  </testcase>
  <testcase name="backend_testUserCanAddBooking" classname="com.examly.apigateway.ApigatewayApplicationTests" time="0.512">
    <system-out><![CDATA[2025-05-30T08:21:26.861Z DEBUG 6081 --- [           main] o.s.web.client.RestTemplate              : HTTP POST http://localhost:38789/api/bookings
2025-05-30T08:21:26.861Z DEBUG 6081 --- [           main] o.s.web.client.RestTemplate              : Accept=[text/plain, application/json, application/*+json, */*]
2025-05-30T08:21:26.861Z DEBUG 6081 --- [           main] o.s.web.client.RestTemplate              : Writing [{"bookingDate": "2025-04-10","numberOfSeats": 2,"seatNumbers": [5, 6],"status": "CONFIRMED","user": {"userId": 2},"bus": {"busId": 1}}] as "application/json"
2025-05-30T08:21:26.863Z DEBUG 6081 --- [or-http-epoll-2] o.s.w.s.adapter.HttpWebHandlerAdapter    : [81d26337-13] HTTP POST "/api/bookings"
2025-05-30T08:21:27.351Z DEBUG 6081 --- [           main] o.s.web.client.RestTemplate              : Response 201 CREATED
2025-05-30T08:21:27.352Z DEBUG 6081 --- [           main] o.s.web.client.RestTemplate              : Reading to [java.lang.String] as "application/json"
2025-05-30T08:21:27.352Z DEBUG 6081 --- [or-http-epoll-2] o.s.w.s.adapter.HttpWebHandlerAdapter    : [81d26337-13] Completed 201 CREATED
201 CREATED Status code for User adding booking
2025-05-30T08:21:27.353Z DEBUG 6081 --- [           main] o.s.web.client.RestTemplate              : HTTP POST http://localhost:38789/api/bookings
2025-05-30T08:21:27.354Z DEBUG 6081 --- [           main] o.s.web.client.RestTemplate              : Accept=[text/plain, application/json, application/*+json, */*]
2025-05-30T08:21:27.354Z DEBUG 6081 --- [           main] o.s.web.client.RestTemplate              : Writing [{"bookingDate": "2025-04-10","numberOfSeats": 2,"seatNumbers": [5, 6],"status": "CONFIRMED","user": {"userId": 2},"bus": {"busId": 1}}] as "application/json"
2025-05-30T08:21:27.355Z DEBUG 6081 --- [or-http-epoll-2] o.s.w.s.adapter.HttpWebHandlerAdapter    : [81d26337-14] HTTP POST "/api/bookings"
2025-05-30T08:21:27.366Z DEBUG 6081 --- [           main] o.s.web.client.RestTemplate              : Response 403 FORBIDDEN
2025-05-30T08:21:27.367Z DEBUG 6081 --- [or-http-epoll-2] o.s.w.s.adapter.HttpWebHandlerAdapter    : [81d26337-14] Completed 403 FORBIDDEN
2025-05-30T08:21:27.367Z DEBUG 6081 --- [           main] o.s.web.client.RestTemplate              : Reading to [java.lang.String] as "application/json"
403 FORBIDDEN Status code for Admin trying to add a booking
]]></system-out>
  </testcase>
  <testcase name="backend_testAdminCanUpdateBooking" classname="com.examly.apigateway.ApigatewayApplicationTests" time="0.062">
    <system-out><![CDATA[2025-05-30T08:21:27.374Z DEBUG 6081 --- [           main] o.s.web.client.RestTemplate              : HTTP PUT http://localhost:38789/api/bookings/1
2025-05-30T08:21:27.374Z DEBUG 6081 --- [           main] o.s.web.client.RestTemplate              : Accept=[text/plain, application/json, application/*+json, */*]
2025-05-30T08:21:27.374Z DEBUG 6081 --- [           main] o.s.web.client.RestTemplate              : Writing [{"bookingId": 1,"bookingDate": "2025-04-15","numberOfSeats": 3,"seatNumbers": [7, 8, 9],"status": "CONFIRMED","user": {"userId": 1}}] as "application/json"
2025-05-30T08:21:27.376Z DEBUG 6081 --- [or-http-epoll-2] o.s.w.s.adapter.HttpWebHandlerAdapter    : [81d26337-15] HTTP PUT "/api/bookings/1"
2025-05-30T08:21:27.417Z DEBUG 6081 --- [           main] o.s.web.client.RestTemplate              : Response 200 OK
2025-05-30T08:21:27.417Z DEBUG 6081 --- [or-http-epoll-2] o.s.w.s.adapter.HttpWebHandlerAdapter    : [81d26337-15] Completed 200 OK
2025-05-30T08:21:27.418Z DEBUG 6081 --- [           main] o.s.web.client.RestTemplate              : Reading to [java.lang.String] as "application/json"
200 OK Status code for Admin updating booking
Admin Update Response JSON: {"bookingId":1,"bookingDate":"2025-04-15","numberOfSeats":3,"seatNumbers":[7,8,9],"status":"CONFIRMED","userId":2,"user":{"userId":1,"email":null,"password":null,"username":null,"mobileNumber":null,"userRole":null},"bus":null}
2025-05-30T08:21:27.419Z DEBUG 6081 --- [           main] o.s.web.client.RestTemplate              : HTTP PUT http://localhost:38789/api/bookings/1
2025-05-30T08:21:27.419Z DEBUG 6081 --- [           main] o.s.web.client.RestTemplate              : Accept=[text/plain, application/json, application/*+json, */*]
2025-05-30T08:21:27.419Z DEBUG 6081 --- [           main] o.s.web.client.RestTemplate              : Writing [{"bookingId": 1,"bookingDate": "2025-04-15","numberOfSeats": 3,"seatNumbers": [7, 8, 9],"status": "CONFIRMED","user": {"userId": 1}}] as "application/json"
2025-05-30T08:21:27.420Z DEBUG 6081 --- [or-http-epoll-2] o.s.w.s.adapter.HttpWebHandlerAdapter    : [81d26337-16] HTTP PUT "/api/bookings/1"
2025-05-30T08:21:27.430Z DEBUG 6081 --- [           main] o.s.web.client.RestTemplate              : Response 403 FORBIDDEN
2025-05-30T08:21:27.430Z DEBUG 6081 --- [or-http-epoll-2] o.s.w.s.adapter.HttpWebHandlerAdapter    : [81d26337-16] Completed 403 FORBIDDEN
2025-05-30T08:21:27.430Z DEBUG 6081 --- [           main] o.s.web.client.RestTemplate              : Reading to [java.lang.String] as "application/json"
403 FORBIDDEN Status code for User trying to update bus
]]></system-out>
  </testcase>
  <testcase name="backend_testRoleBasedAccessForViewingAllBookings" classname="com.examly.apigateway.ApigatewayApplicationTests" time="0.04">
    <system-out><![CDATA[2025-05-30T08:21:27.436Z DEBUG 6081 --- [           main] o.s.web.client.RestTemplate              : HTTP GET http://localhost:38789/api/bookings
2025-05-30T08:21:27.436Z DEBUG 6081 --- [           main] o.s.web.client.RestTemplate              : Accept=[text/plain, application/json, application/*+json, */*]
2025-05-30T08:21:27.438Z DEBUG 6081 --- [or-http-epoll-2] o.s.w.s.adapter.HttpWebHandlerAdapter    : [81d26337-17] HTTP GET "/api/bookings"
2025-05-30T08:21:27.457Z DEBUG 6081 --- [           main] o.s.web.client.RestTemplate              : Response 200 OK
2025-05-30T08:21:27.457Z DEBUG 6081 --- [or-http-epoll-2] o.s.w.s.adapter.HttpWebHandlerAdapter    : [81d26337-17] Completed 200 OK
2025-05-30T08:21:27.457Z DEBUG 6081 --- [           main] o.s.web.client.RestTemplate              : Reading to [java.lang.String] as "application/json"
200 OK Status code for Admin viewing all bookings
Admin View Bookings Response JSON: [{"bookingId":1,"bookingDate":"2025-04-15","numberOfSeats":3,"seatNumbers":[7,8,9],"status":"CONFIRMED","userId":2,"user":null,"bus":null}]
2025-05-30T08:21:27.458Z DEBUG 6081 --- [           main] o.s.web.client.RestTemplate              : HTTP GET http://localhost:38789/api/bookings
2025-05-30T08:21:27.459Z DEBUG 6081 --- [           main] o.s.web.client.RestTemplate              : Accept=[text/plain, application/json, application/*+json, */*]
2025-05-30T08:21:27.460Z DEBUG 6081 --- [or-http-epoll-2] o.s.w.s.adapter.HttpWebHandlerAdapter    : [81d26337-18] HTTP GET "/api/bookings"
2025-05-30T08:21:27.472Z DEBUG 6081 --- [           main] o.s.web.client.RestTemplate              : Response 403 FORBIDDEN
2025-05-30T08:21:27.472Z DEBUG 6081 --- [           main] o.s.web.client.RestTemplate              : Reading to [java.lang.String] as "application/json"
2025-05-30T08:21:27.472Z DEBUG 6081 --- [or-http-epoll-2] o.s.w.s.adapter.HttpWebHandlerAdapter    : [81d26337-18] Completed 403 FORBIDDEN
403 FORBIDDEN Status code for User trying to view all bookings
]]></system-out>
  </testcase>
  <testcase name="backend_testUserCanViewOwnBookings" classname="com.examly.apigateway.ApigatewayApplicationTests" time="0.047">
    <system-out><![CDATA[2025-05-30T08:21:27.477Z DEBUG 6081 --- [           main] o.s.web.client.RestTemplate              : HTTP GET http://localhost:38789/api/bookings/user/2
2025-05-30T08:21:27.477Z DEBUG 6081 --- [           main] o.s.web.client.RestTemplate              : Accept=[text/plain, application/json, application/*+json, */*]
2025-05-30T08:21:27.480Z DEBUG 6081 --- [or-http-epoll-2] o.s.w.s.adapter.HttpWebHandlerAdapter    : [81d26337-19] HTTP GET "/api/bookings/user/2"
2025-05-30T08:21:27.506Z DEBUG 6081 --- [           main] o.s.web.client.RestTemplate              : Response 200 OK
2025-05-30T08:21:27.506Z DEBUG 6081 --- [or-http-epoll-2] o.s.w.s.adapter.HttpWebHandlerAdapter    : [81d26337-19] Completed 200 OK
2025-05-30T08:21:27.506Z DEBUG 6081 --- [           main] o.s.web.client.RestTemplate              : Reading to [java.lang.String] as "application/json"
200 OK Status code for User viewing their own bookings
User View Own Bookings Response JSON: [{"bookingId":1,"bookingDate":"2025-04-15","numberOfSeats":3,"seatNumbers":[7,8,9],"status":"CONFIRMED","userId":2,"user":null,"bus":null}]
2025-05-30T08:21:27.507Z DEBUG 6081 --- [           main] o.s.web.client.RestTemplate              : HTTP GET http://localhost:38789/api/bookings/user/2
2025-05-30T08:21:27.508Z DEBUG 6081 --- [           main] o.s.web.client.RestTemplate              : Accept=[text/plain, application/json, application/*+json, */*]
2025-05-30T08:21:27.509Z DEBUG 6081 --- [or-http-epoll-2] o.s.w.s.adapter.HttpWebHandlerAdapter    : [81d26337-20] HTTP GET "/api/bookings/user/2"
2025-05-30T08:21:27.519Z DEBUG 6081 --- [           main] o.s.web.client.RestTemplate              : Response 403 FORBIDDEN
2025-05-30T08:21:27.519Z DEBUG 6081 --- [           main] o.s.web.client.RestTemplate              : Reading to [java.lang.String] as "application/json"
2025-05-30T08:21:27.519Z DEBUG 6081 --- [or-http-epoll-2] o.s.w.s.adapter.HttpWebHandlerAdapter    : [81d26337-20] Completed 403 FORBIDDEN
403 FORBIDDEN Status code for Admin trying to add a booking
]]></system-out>
  </testcase>
  <testcase name="backend_testAddFeedbackWithRoleValidation" classname="com.examly.apigateway.ApigatewayApplicationTests" time="0.505">
    <system-out><![CDATA[2025-05-30T08:21:27.525Z DEBUG 6081 --- [           main] o.s.web.client.RestTemplate              : HTTP POST http://localhost:38789/api/feedback
2025-05-30T08:21:27.526Z DEBUG 6081 --- [           main] o.s.web.client.RestTemplate              : Accept=[text/plain, application/json, application/*+json, */*]
2025-05-30T08:21:27.526Z DEBUG 6081 --- [           main] o.s.web.client.RestTemplate              : Writing [{"feedbackId": 1,"comments": "Great service!","rating": 5,"user": { "userId": 2 },"bus": { "busId": 1 },"date": "2025-02-27"}] as "application/json"
2025-05-30T08:21:27.527Z DEBUG 6081 --- [or-http-epoll-2] o.s.w.s.adapter.HttpWebHandlerAdapter    : [81d26337-21] HTTP POST "/api/feedback"
2025-05-30T08:21:27.999Z DEBUG 6081 --- [           main] o.s.web.client.RestTemplate              : Response 201 CREATED
2025-05-30T08:21:27.999Z DEBUG 6081 --- [or-http-epoll-2] o.s.w.s.adapter.HttpWebHandlerAdapter    : [81d26337-21] Completed 201 CREATED
2025-05-30T08:21:27.999Z DEBUG 6081 --- [           main] o.s.web.client.RestTemplate              : Reading to [java.lang.String] as "application/json"
201 CREATED Status code for User adding feedback
2025-05-30T08:21:28.000Z DEBUG 6081 --- [           main] o.s.web.client.RestTemplate              : HTTP POST http://localhost:38789/api/feedback
2025-05-30T08:21:28.001Z DEBUG 6081 --- [           main] o.s.web.client.RestTemplate              : Accept=[text/plain, application/json, application/*+json, */*]
2025-05-30T08:21:28.001Z DEBUG 6081 --- [           main] o.s.web.client.RestTemplate              : Writing [{"feedbackId": 1,"comments": "Great service!","rating": 5,"user": { "userId": 2 },"bus": { "busId": 1 },"date": "2025-02-27"}] as "application/json"
2025-05-30T08:21:28.002Z DEBUG 6081 --- [or-http-epoll-2] o.s.w.s.adapter.HttpWebHandlerAdapter    : [81d26337-22] HTTP POST "/api/feedback"
2025-05-30T08:21:28.025Z DEBUG 6081 --- [           main] o.s.web.client.RestTemplate              : Response 403 FORBIDDEN
2025-05-30T08:21:28.025Z DEBUG 6081 --- [           main] o.s.web.client.RestTemplate              : Reading to [java.lang.String] as "application/json"
2025-05-30T08:21:28.025Z DEBUG 6081 --- [or-http-epoll-2] o.s.w.s.adapter.HttpWebHandlerAdapter    : [81d26337-22] Completed 403 FORBIDDEN
403 FORBIDDEN Status code for Admin trying to add a Feedback
]]></system-out>
  </testcase>
  <testcase name="backend_testGetAllFeedbackWithRoleValidation" classname="com.examly.apigateway.ApigatewayApplicationTests" time="0.091">
    <system-out><![CDATA[2025-05-30T08:21:28.031Z DEBUG 6081 --- [           main] o.s.web.client.RestTemplate              : HTTP GET http://localhost:38789/api/feedback
2025-05-30T08:21:28.031Z DEBUG 6081 --- [           main] o.s.web.client.RestTemplate              : Accept=[text/plain, application/json, application/*+json, */*]
2025-05-30T08:21:28.033Z DEBUG 6081 --- [or-http-epoll-2] o.s.w.s.adapter.HttpWebHandlerAdapter    : [81d26337-23] HTTP GET "/api/feedback"
2025-05-30T08:21:28.103Z DEBUG 6081 --- [           main] o.s.web.client.RestTemplate              : Response 200 OK
2025-05-30T08:21:28.103Z DEBUG 6081 --- [or-http-epoll-2] o.s.w.s.adapter.HttpWebHandlerAdapter    : [81d26337-23] Completed 200 OK
2025-05-30T08:21:28.103Z DEBUG 6081 --- [           main] o.s.web.client.RestTemplate              : Reading to [java.lang.String] as "application/json"
2025-05-30T08:21:28.104Z DEBUG 6081 --- [           main] o.s.web.client.RestTemplate              : HTTP GET http://localhost:38789/api/feedback
2025-05-30T08:21:28.104Z DEBUG 6081 --- [           main] o.s.web.client.RestTemplate              : Accept=[text/plain, application/json, application/*+json, */*]
2025-05-30T08:21:28.105Z DEBUG 6081 --- [or-http-epoll-2] o.s.w.s.adapter.HttpWebHandlerAdapter    : [81d26337-24] HTTP GET "/api/feedback"
2025-05-30T08:21:28.117Z DEBUG 6081 --- [           main] o.s.web.client.RestTemplate              : Response 403 FORBIDDEN
2025-05-30T08:21:28.117Z DEBUG 6081 --- [or-http-epoll-2] o.s.w.s.adapter.HttpWebHandlerAdapter    : [81d26337-24] Completed 403 FORBIDDEN
2025-05-30T08:21:28.117Z DEBUG 6081 --- [           main] o.s.web.client.RestTemplate              : Reading to [java.lang.String] as "application/json"
]]></system-out>
  </testcase>
  <testcase name="backend_testGetFeedbackByUserIdWithRoleValidation" classname="com.examly.apigateway.ApigatewayApplicationTests" time="0.05">
    <system-out><![CDATA[2025-05-30T08:21:28.124Z DEBUG 6081 --- [           main] o.s.web.client.RestTemplate              : HTTP GET http://localhost:38789/api/feedback/user/2
2025-05-30T08:21:28.124Z DEBUG 6081 --- [           main] o.s.web.client.RestTemplate              : Accept=[text/plain, application/json, application/*+json, */*]
2025-05-30T08:21:28.126Z DEBUG 6081 --- [or-http-epoll-2] o.s.w.s.adapter.HttpWebHandlerAdapter    : [81d26337-25] HTTP GET "/api/feedback/user/2"
2025-05-30T08:21:28.153Z DEBUG 6081 --- [           main] o.s.web.client.RestTemplate              : Response 200 OK
2025-05-30T08:21:28.153Z DEBUG 6081 --- [           main] o.s.web.client.RestTemplate              : Reading to [java.lang.String] as "application/json"
2025-05-30T08:21:28.153Z DEBUG 6081 --- [or-http-epoll-2] o.s.w.s.adapter.HttpWebHandlerAdapter    : [81d26337-25] Completed 200 OK
2025-05-30T08:21:28.154Z DEBUG 6081 --- [           main] o.s.web.client.RestTemplate              : HTTP GET http://localhost:38789/api/feedback/user/2
2025-05-30T08:21:28.154Z DEBUG 6081 --- [           main] o.s.web.client.RestTemplate              : Accept=[text/plain, application/json, application/*+json, */*]
2025-05-30T08:21:28.155Z DEBUG 6081 --- [or-http-epoll-2] o.s.w.s.adapter.HttpWebHandlerAdapter    : [81d26337-26] HTTP GET "/api/feedback/user/2"
2025-05-30T08:21:28.168Z DEBUG 6081 --- [           main] o.s.web.client.RestTemplate              : Response 403 FORBIDDEN
2025-05-30T08:21:28.169Z DEBUG 6081 --- [           main] o.s.web.client.RestTemplate              : Reading to [java.lang.String] as "application/json"
2025-05-30T08:21:28.169Z DEBUG 6081 --- [or-http-epoll-2] o.s.w.s.adapter.HttpWebHandlerAdapter    : [81d26337-26] Completed 403 FORBIDDEN
403 FORBIDDEN Status code for Admin trying to get user feedback
]]></system-out>
  </testcase>
</testsuite>