<?xml version="1.0" encoding="UTF-8"?>
<testsuite xmlns:xsi="http://www.w3.org/2001/XMLSchema-instance" xsi:noNamespaceSchemaLocation="https://maven.apache.org/surefire/maven-surefire-plugin/xsd/surefire-test-report-3.0.xsd" version="3.0" name="com.examly.apigateway.ApigatewayApplicationTests" time="6.199" tests="15" errors="0" skipped="0" failures="0">
  <properties>
[...]
</properties>
  <testcase name="backend_testRegisterAdmin" classname="com.examly.apigateway.ApigatewayApplicationTests" time="1.004">
    <system-out><![CDATA[08:28:15.115 [main] INFO org.springframework.test.context.support.AnnotationConfigContextLoaderUtils -- Could not detect default configuration classes for test class [com.examly.apigateway.ApigatewayApplicationTests]: ApigatewayApplicationTests does not declare any static, non-private, non-final, nested classes annotated with @Configuration.
08:28:15.189 [main] INFO org.springframework.boot.test.context.SpringBootTestContextBootstrapper -- Found @SpringBootConfiguration com.examly.apigateway.ApigatewayApplication for test class com.examly.apigateway.ApigatewayApplicationTests

  .   ____          _            __ _ _
 /\\ / ___'_ __ _ _(_)_ __  __ _ \ \ \ \
( ( )\___ | '_ | '_| | '_ \/ _` | \ \ \ \
 \\/  ___)| |_)| | | | | || (_| |  ) ) ) )
  '  |____| .__|_| |_|_| |_\__, | / / / /
 =========|_|==============|___/=/_/_/_/
 :: Spring Boot ::               (v3.1.10)

2025-05-30T08:28:15.540Z  INFO 11374 --- [           main] c.e.a.ApigatewayApplicationTests         : Starting ApigatewayApplicationTests using Java 17.0.14 with PID 11374 (started by coder in /home/coder/project/workspace/apigateway)
2025-05-30T08:28:15.541Z  INFO 11374 --- [           main] c.e.a.ApigatewayApplicationTests         : No active profile set, falling back to 1 default profile: "default"
2025-05-30T08:28:16.371Z  INFO 11374 --- [           main] o.s.cloud.context.scope.GenericScope     : BeanFactory id=c069b105-82d6-3fcb-ad26-a2ccbbd6f730
2025-05-30T08:28:16.444Z  INFO 11374 --- [           main] trationDelegate$BeanPostProcessorChecker : Bean 'org.springframework.cloud.client.loadbalancer.reactive.LoadBalancerBeanPostProcessorAutoConfiguration' of type [org.springframework.cloud.client.loadbalancer.reactive.LoadBalancerBeanPostProcessorAutoConfiguration] is not eligible for getting processed by all BeanPostProcessors (for example: not eligible for auto-proxying)
2025-05-30T08:28:16.445Z  INFO 11374 --- [           main] trationDelegate$BeanPostProcessorChecker : Bean 'org.springframework.cloud.client.loadbalancer.reactive.LoadBalancerBeanPostProcessorAutoConfiguration$ReactorDeferringLoadBalancerFilterConfig' of type [org.springframework.cloud.client.loadbalancer.reactive.LoadBalancerBeanPostProcessorAutoConfiguration$ReactorDeferringLoadBalancerFilterConfig] is not eligible for getting processed by all BeanPostProcessors (for example: not eligible for auto-proxying)
2025-05-30T08:28:16.446Z  INFO 11374 --- [           main] trationDelegate$BeanPostProcessorChecker : Bean 'reactorDeferringLoadBalancerExchangeFilterFunction' of type [org.springframework.cloud.client.loadbalancer.reactive.DeferringLoadBalancerExchangeFilterFunction] is not eligible for getting processed by all BeanPostProcessors (for example: not eligible for auto-proxying)
2025-05-30T08:28:17.065Z  INFO 11374 --- [           main] o.s.c.g.r.RouteDefinitionRouteLocator    : Loaded RoutePredicateFactory [After]
2025-05-30T08:28:17.065Z  INFO 11374 --- [           main] o.s.c.g.r.RouteDefinitionRouteLocator    : Loaded RoutePredicateFactory [Before]
2025-05-30T08:28:17.065Z  INFO 11374 --- [           main] o.s.c.g.r.RouteDefinitionRouteLocator    : Loaded RoutePredicateFactory [Between]
2025-05-30T08:28:17.065Z  INFO 11374 --- [           main] o.s.c.g.r.RouteDefinitionRouteLocator    : Loaded RoutePredicateFactory [Cookie]
2025-05-30T08:28:17.065Z  INFO 11374 --- [           main] o.s.c.g.r.RouteDefinitionRouteLocator    : Loaded RoutePredicateFactory [Header]
2025-05-30T08:28:17.065Z  INFO 11374 --- [           main] o.s.c.g.r.RouteDefinitionRouteLocator    : Loaded RoutePredicateFactory [Host]
2025-05-30T08:28:17.065Z  INFO 11374 --- [           main] o.s.c.g.r.RouteDefinitionRouteLocator    : Loaded RoutePredicateFactory [Method]
2025-05-30T08:28:17.065Z  INFO 11374 --- [           main] o.s.c.g.r.RouteDefinitionRouteLocator    : Loaded RoutePredicateFactory [Path]
2025-05-30T08:28:17.065Z  INFO 11374 --- [           main] o.s.c.g.r.RouteDefinitionRouteLocator    : Loaded RoutePredicateFactory [Query]
2025-05-30T08:28:17.066Z  INFO 11374 --- [           main] o.s.c.g.r.RouteDefinitionRouteLocator    : Loaded RoutePredicateFactory [ReadBody]
2025-05-30T08:28:17.066Z  INFO 11374 --- [           main] o.s.c.g.r.RouteDefinitionRouteLocator    : Loaded RoutePredicateFactory [RemoteAddr]
2025-05-30T08:28:17.066Z  INFO 11374 --- [           main] o.s.c.g.r.RouteDefinitionRouteLocator    : Loaded RoutePredicateFactory [XForwardedRemoteAddr]
2025-05-30T08:28:17.066Z  INFO 11374 --- [           main] o.s.c.g.r.RouteDefinitionRouteLocator    : Loaded RoutePredicateFactory [Weight]
2025-05-30T08:28:17.066Z  INFO 11374 --- [           main] o.s.c.g.r.RouteDefinitionRouteLocator    : Loaded RoutePredicateFactory [CloudFoundryRouteService]
2025-05-30T08:28:17.168Z DEBUG 11374 --- [           main] o.s.w.r.handler.SimpleUrlHandlerMapping  : Patterns [/webjars/**, /**] in 'resourceHandlerMapping'
2025-05-30T08:28:17.277Z  INFO 11374 --- [           main] o.s.b.a.e.web.EndpointLinksResolver      : Exposing 1 endpoint(s) beneath base path '/actuator'
2025-05-30T08:28:17.313Z DEBUG 11374 --- [           main] o.s.w.r.r.m.a.ControllerMethodResolver   : ControllerAdvice beans: none
2025-05-30T08:28:17.344Z DEBUG 11374 --- [           main] o.s.w.s.adapter.HttpWebHandlerAdapter    : enableLoggingRequestDetails='false': form data and headers will be masked to prevent unsafe logging of potentially sensitive data
2025-05-30T08:28:17.441Z  INFO 11374 --- [           main] DiscoveryClientOptionalArgsConfiguration : Eureka HTTP Client uses RestTemplate.
2025-05-30T08:28:17.464Z  WARN 11374 --- [           main] iguration$LoadBalancerCaffeineWarnLogger : Spring Cloud LoadBalancer is currently working with the default cache. While this cache implementation is useful for development and tests, it's recommended to use Caffeine cache in production.You can switch to using Caffeine cache, by adding it and org.springframework.cache.caffeine.CaffeineCacheManager to the classpath.
2025-05-30T08:28:17.715Z  INFO 11374 --- [           main] o.s.b.web.embedded.netty.NettyWebServer  : Netty started on port 36019
2025-05-30T08:28:17.717Z  INFO 11374 --- [           main] .s.c.n.e.s.EurekaAutoServiceRegistration : Updating port to 36019
2025-05-30T08:28:17.720Z  INFO 11374 --- [           main] o.s.c.n.eureka.InstanceInfoFactory       : Setting initial instance status as: STARTING
2025-05-30T08:28:17.766Z  INFO 11374 --- [           main] com.netflix.discovery.DiscoveryClient    : Initializing Eureka in region us-east-1
2025-05-30T08:28:17.770Z  INFO 11374 --- [           main] c.n.d.s.r.aws.ConfigClusterResolver      : Resolving eureka endpoints via configuration
2025-05-30T08:28:17.783Z  INFO 11374 --- [           main] com.netflix.discovery.DiscoveryClient    : Disable delta property : false
2025-05-30T08:28:17.783Z  INFO 11374 --- [           main] com.netflix.discovery.DiscoveryClient    : Single vip registry refresh property : null
2025-05-30T08:28:17.783Z  INFO 11374 --- [           main] com.netflix.discovery.DiscoveryClient    : Force full registry fetch : false
2025-05-30T08:28:17.783Z  INFO 11374 --- [           main] com.netflix.discovery.DiscoveryClient    : Application is null : false
2025-05-30T08:28:17.783Z  INFO 11374 --- [           main] com.netflix.discovery.DiscoveryClient    : Registered Applications size is zero : true
2025-05-30T08:28:17.783Z  INFO 11374 --- [           main] com.netflix.discovery.DiscoveryClient    : Application version is -1: true
2025-05-30T08:28:17.783Z  INFO 11374 --- [           main] com.netflix.discovery.DiscoveryClient    : Getting all instance registry info from the eureka server
2025-05-30T08:28:17.802Z DEBUG 11374 --- [           main] o.s.web.client.RestTemplate              : HTTP GET http://localhost:8761/eureka/apps/
2025-05-30T08:28:17.881Z DEBUG 11374 --- [           main] o.s.web.client.RestTemplate              : Accept=[application/json, application/*+json]
2025-05-30T08:28:17.918Z DEBUG 11374 --- [           main] o.s.web.client.RestTemplate              : Response 200 OK
2025-05-30T08:28:17.919Z DEBUG 11374 --- [           main] o.s.web.client.RestTemplate              : Reading to [org.springframework.cloud.netflix.eureka.http.EurekaApplications]
2025-05-30T08:28:17.938Z  INFO 11374 --- [           main] com.netflix.discovery.DiscoveryClient    : The response status is 200
2025-05-30T08:28:17.941Z  INFO 11374 --- [           main] com.netflix.discovery.DiscoveryClient    : Starting heartbeat executor: renew interval is: 30
2025-05-30T08:28:17.943Z  INFO 11374 --- [           main] c.n.discovery.InstanceInfoReplicator     : InstanceInfoReplicator onDemand update allowed rate per min is 4
2025-05-30T08:28:17.947Z  INFO 11374 --- [           main] com.netflix.discovery.DiscoveryClient    : Discovery Client initialized at timestamp 1748593697946 with initial instances count: 4
2025-05-30T08:28:17.948Z  INFO 11374 --- [           main] o.s.c.n.e.s.EurekaServiceRegistry        : Registering application API-GATEWAY with eureka with status UP
2025-05-30T08:28:17.949Z  INFO 11374 --- [           main] com.netflix.discovery.DiscoveryClient    : Saw local status change event StatusChangeEvent [timestamp=1748593697949, current=UP, previous=STARTING]
2025-05-30T08:28:17.950Z  INFO 11374 --- [nfoReplicator-0] com.netflix.discovery.DiscoveryClient    : DiscoveryClient_API-GATEWAY/dbdbeafdabccbbaaabecdfcffdededdedf-0.dbdbeafdabccbbaaabecdfcffdededdedf.ide.svc.cluster.local:api-gateway:0: registering service...
2025-05-30T08:28:17.953Z DEBUG 11374 --- [nfoReplicator-0] o.s.web.client.RestTemplate              : HTTP POST http://localhost:8761/eureka/apps/API-GATEWAY
2025-05-30T08:28:17.962Z DEBUG 11374 --- [nfoReplicator-0] o.s.web.client.RestTemplate              : Accept=[application/json, application/*+json]
2025-05-30T08:28:17.977Z DEBUG 11374 --- [nfoReplicator-0] o.s.web.client.RestTemplate              : Writing [InstanceInfo [instanceId = dbdbeafdabccbbaaabecdfcffdededdedf-0.dbdbeafdabccbbaaabecdfcffdededdedf.ide.svc.cluster.local:api-gateway:0, appName = API-GATEWAY, hostName = dbdbeafdabccbbaaabecdfcffdededdedf-0.dbdbeafdabccbbaaabecdfcffdededdedf.ide.svc.cluster.local, status = UP, ipAddr = 10.244.5.53, port = 36019, securePort = 443, dataCenterInfo = com.netflix.appinfo.MyDataCenterInfo@c158c05] as "application/json"
2025-05-30T08:28:17.995Z DEBUG 11374 --- [nfoReplicator-0] o.s.web.client.RestTemplate              : Response 204 NO_CONTENT
2025-05-30T08:28:17.996Z  INFO 11374 --- [nfoReplicator-0] com.netflix.discovery.DiscoveryClient    : DiscoveryClient_API-GATEWAY/dbdbeafdabccbbaaabecdfcffdededdedf-0.dbdbeafdabccbbaaabecdfcffdededdedf.ide.svc.cluster.local:api-gateway:0 - registration status: 204
2025-05-30T08:28:18.018Z  INFO 11374 --- [           main] c.e.a.ApigatewayApplicationTests         : Started ApigatewayApplicationTests in 2.733 seconds (process running for 3.588)
2025-05-30T08:28:18.660Z DEBUG 11374 --- [           main] o.s.web.client.RestTemplate              : HTTP POST http://localhost:36019/api/register
2025-05-30T08:28:18.661Z DEBUG 11374 --- [           main] o.s.web.client.RestTemplate              : Accept=[text/plain, application/json, application/*+json, */*]
2025-05-30T08:28:18.661Z DEBUG 11374 --- [           main] o.s.web.client.RestTemplate              : Writing [{"userId": 1,"email": "demoadmin@gmail.com", "password": "admin@1234", "username": "admin123", "userRole": "ADMIN", "mobileNumber": "9876543210"}] as "application/json"
2025-05-30T08:28:18.732Z DEBUG 11374 --- [or-http-epoll-2] o.s.w.s.adapter.HttpWebHandlerAdapter    : [44ce774e-1] HTTP POST "/api/register"
2025-05-30T08:28:19.017Z DEBUG 11374 --- [           main] o.s.web.client.RestTemplate              : Response 201 CREATED
2025-05-30T08:28:19.018Z DEBUG 11374 --- [           main] o.s.web.client.RestTemplate              : Reading to [java.lang.String] as "application/json"
2025-05-30T08:28:19.019Z DEBUG 11374 --- [or-http-epoll-2] o.s.w.s.adapter.HttpWebHandlerAdapter    : [44ce774e-1] Completed 201 CREATED
]]></system-out>
  </testcase>
  <testcase name="backend_testRegisterUser" classname="com.examly.apigateway.ApigatewayApplicationTests" time="0.037">
    <system-out><![CDATA[2025-05-30T08:28:19.036Z DEBUG 11374 --- [           main] o.s.web.client.RestTemplate              : HTTP POST http://localhost:36019/api/register
2025-05-30T08:28:19.037Z DEBUG 11374 --- [           main] o.s.web.client.RestTemplate              : Accept=[text/plain, application/json, application/*+json, */*]
2025-05-30T08:28:19.037Z DEBUG 11374 --- [           main] o.s.web.client.RestTemplate              : Writing [{"userId": 2,"email": "demouser@gmail.com", "password": "user@1234", "username": "user123", "userRole": "USER", "mobileNumber": "1122334455"}] as "application/json"
2025-05-30T08:28:19.039Z DEBUG 11374 --- [or-http-epoll-2] o.s.w.s.adapter.HttpWebHandlerAdapter    : [44ce774e-2] HTTP POST "/api/register"
2025-05-30T08:28:19.066Z DEBUG 11374 --- [           main] o.s.web.client.RestTemplate              : Response 201 CREATED
2025-05-30T08:28:19.067Z DEBUG 11374 --- [           main] o.s.web.client.RestTemplate              : Reading to [java.lang.String] as "application/json"
2025-05-30T08:28:19.067Z DEBUG 11374 --- [or-http-epoll-2] o.s.w.s.adapter.HttpWebHandlerAdapter    : [44ce774e-2] Completed 201 CREATED
]]></system-out>
  </testcase>
  <testcase name="backend_testLoginAdmin" classname="com.examly.apigateway.ApigatewayApplicationTests" time="0.25">
    <system-out><![CDATA[2025-05-30T08:28:19.073Z DEBUG 11374 --- [           main] o.s.web.client.RestTemplate              : HTTP POST http://localhost:36019/api/login
2025-05-30T08:28:19.073Z DEBUG 11374 --- [           main] o.s.web.client.RestTemplate              : Accept=[text/plain, application/json, application/*+json, */*]
2025-05-30T08:28:19.073Z DEBUG 11374 --- [           main] o.s.web.client.RestTemplate              : Writing [{"email": "demoadmin@gmail.com", "password": "admin@1234"}] as "application/json"
2025-05-30T08:28:19.075Z DEBUG 11374 --- [or-http-epoll-2] o.s.w.s.adapter.HttpWebHandlerAdapter    : [44ce774e-3] HTTP POST "/api/login"
2025-05-30T08:28:19.311Z DEBUG 11374 --- [           main] o.s.web.client.RestTemplate              : Response 200 OK
2025-05-30T08:28:19.311Z DEBUG 11374 --- [or-http-epoll-2] o.s.w.s.adapter.HttpWebHandlerAdapter    : [44ce774e-3] Completed 200 OK
2025-05-30T08:28:19.312Z DEBUG 11374 --- [           main] o.s.web.client.RestTemplate              : Reading to [java.lang.String] as "application/json"
]]></system-out>
  </testcase>
  <testcase name="backend_testLoginUser" classname="com.examly.apigateway.ApigatewayApplicationTests" time="0.021">
    <system-out><![CDATA[2025-05-30T08:28:19.323Z DEBUG 11374 --- [           main] o.s.web.client.RestTemplate              : HTTP POST http://localhost:36019/api/login
2025-05-30T08:28:19.324Z DEBUG 11374 --- [           main] o.s.web.client.RestTemplate              : Accept=[text/plain, application/json, application/*+json, */*]
2025-05-30T08:28:19.324Z DEBUG 11374 --- [           main] o.s.web.client.RestTemplate              : Writing [{"email": "demouser@gmail.com", "password": "user@1234"}] as "application/json"
2025-05-30T08:28:19.326Z DEBUG 11374 --- [or-http-epoll-2] o.s.w.s.adapter.HttpWebHandlerAdapter    : [44ce774e-4] HTTP POST "/api/login"
2025-05-30T08:28:19.339Z DEBUG 11374 --- [           main] o.s.web.client.RestTemplate              : Response 200 OK
2025-05-30T08:28:19.339Z DEBUG 11374 --- [or-http-epoll-2] o.s.w.s.adapter.HttpWebHandlerAdapter    : [44ce774e-4] Completed 200 OK
2025-05-30T08:28:19.339Z DEBUG 11374 --- [           main] o.s.web.client.RestTemplate              : Reading to [java.lang.String] as "application/json"
]]></system-out>
  </testcase>
  <testcase name="backend_testAddBusWithRoleValidation" classname="com.examly.apigateway.ApigatewayApplicationTests" time="0.374">
    <system-out><![CDATA[2025-05-30T08:28:19.346Z DEBUG 11374 --- [           main] o.s.web.client.RestTemplate              : HTTP POST http://localhost:36019/api/bus
2025-05-30T08:28:19.346Z DEBUG 11374 --- [           main] o.s.web.client.RestTemplate              : Accept=[text/plain, application/json, application/*+json, */*]
2025-05-30T08:28:19.346Z DEBUG 11374 --- [           main] o.s.web.client.RestTemplate              : Writing [{"busName": "Express Bus","source": "New York","destination": "Washington D.C.","departureTime": "2025-04-01T08:00","arrivalTime": "2025-04-01T12:00","totalSeats": 50,"availableSeats": 50,"busType": "AC","fare": 25.5,"photo": "image_base64_data","user": {"userId": 1}}] as "application/json"
2025-05-30T08:28:19.348Z DEBUG 11374 --- [or-http-epoll-2] o.s.w.s.adapter.HttpWebHandlerAdapter    : [44ce774e-5] HTTP POST "/api/bus"
2025-05-30T08:28:19.683Z DEBUG 11374 --- [           main] o.s.web.client.RestTemplate              : Response 201 CREATED
2025-05-30T08:28:19.683Z DEBUG 11374 --- [           main] o.s.web.client.RestTemplate              : Reading to [java.lang.String] as "application/json"
2025-05-30T08:28:19.683Z DEBUG 11374 --- [or-http-epoll-2] o.s.w.s.adapter.HttpWebHandlerAdapter    : [44ce774e-5] Completed 201 CREATED
Response Status (Admin): 201 CREATED
Response Body (Admin): {"busId":1,"busName":"Express Bus","source":"New York","destination":"Washington D.C.","departureTime":"2025-04-01T08:00:00","arrivalTime":"2025-04-01T12:00:00","totalSeats":50,"availableSeats":50,"fare":25.5,"busType":"AC","photo":"image_base64_data"}
2025-05-30T08:28:19.685Z DEBUG 11374 --- [           main] o.s.web.client.RestTemplate              : HTTP POST http://localhost:36019/api/bus
2025-05-30T08:28:19.685Z DEBUG 11374 --- [           main] o.s.web.client.RestTemplate              : Accept=[text/plain, application/json, application/*+json, */*]
2025-05-30T08:28:19.685Z DEBUG 11374 --- [           main] o.s.web.client.RestTemplate              : Writing [{"busName": "Express Bus","source": "New York","destination": "Washington D.C.","departureTime": "2025-04-01T08:00","arrivalTime": "2025-04-01T12:00","totalSeats": 50,"availableSeats": 50,"busType": "AC","fare": 25.5,"photo": "image_base64_data","user": {"userId": 1}}] as "application/json"
2025-05-30T08:28:19.687Z DEBUG 11374 --- [or-http-epoll-2] o.s.w.s.adapter.HttpWebHandlerAdapter    : [44ce774e-6] HTTP POST "/api/bus"
2025-05-30T08:28:19.711Z DEBUG 11374 --- [           main] o.s.web.client.RestTemplate              : Response 403 FORBIDDEN
2025-05-30T08:28:19.712Z DEBUG 11374 --- [           main] o.s.web.client.RestTemplate              : Reading to [java.lang.String] as "application/json"
2025-05-30T08:28:19.714Z DEBUG 11374 --- [or-http-epoll-2] o.s.w.s.adapter.HttpWebHandlerAdapter    : [44ce774e-6] Completed 403 FORBIDDEN
Response Status (User): 403 FORBIDDEN
Response Body (User): {"timestamp":"2025-05-30T08:28:19.704+00:00","status":403,"error":"Forbidden","message":"Forbidden","path":"/api/bus"}
]]></system-out>
  </testcase>
  <testcase name="backend_testGetBusByIdWithRoleValidation" classname="com.examly.apigateway.ApigatewayApplicationTests" time="0.069">
    <system-out><![CDATA[2025-05-30T08:28:19.719Z DEBUG 11374 --- [           main] o.s.web.client.RestTemplate              : HTTP GET http://localhost:36019/api/bus/1
2025-05-30T08:28:19.720Z DEBUG 11374 --- [           main] o.s.web.client.RestTemplate              : Accept=[text/plain, application/json, application/*+json, */*]
2025-05-30T08:28:19.722Z DEBUG 11374 --- [or-http-epoll-2] o.s.w.s.adapter.HttpWebHandlerAdapter    : [44ce774e-7] HTTP GET "/api/bus/1"
2025-05-30T08:28:19.762Z DEBUG 11374 --- [           main] o.s.web.client.RestTemplate              : Response 200 OK
2025-05-30T08:28:19.763Z DEBUG 11374 --- [           main] o.s.web.client.RestTemplate              : Reading to [java.lang.String] as "application/json"
2025-05-30T08:28:19.763Z DEBUG 11374 --- [or-http-epoll-2] o.s.w.s.adapter.HttpWebHandlerAdapter    : [44ce774e-7] Completed 200 OK
200 OK Status code for Admin retrieving food
Admin Response JSON: {"busId":1,"busName":"Express Bus","source":"New York","destination":"Washington D.C.","departureTime":"2025-04-01T08:00:00","arrivalTime":"2025-04-01T12:00:00","totalSeats":50,"availableSeats":50,"fare":25.5,"busType":"AC","photo":"image_base64_data"}
2025-05-30T08:28:19.767Z DEBUG 11374 --- [           main] o.s.web.client.RestTemplate              : HTTP GET http://localhost:36019/api/bus/1
2025-05-30T08:28:19.767Z DEBUG 11374 --- [           main] o.s.web.client.RestTemplate              : Accept=[text/plain, application/json, application/*+json, */*]
2025-05-30T08:28:19.769Z DEBUG 11374 --- [or-http-epoll-2] o.s.w.s.adapter.HttpWebHandlerAdapter    : [44ce774e-8] HTTP GET "/api/bus/1"
2025-05-30T08:28:19.783Z DEBUG 11374 --- [           main] o.s.web.client.RestTemplate              : Response 200 OK
2025-05-30T08:28:19.783Z DEBUG 11374 --- [or-http-epoll-2] o.s.w.s.adapter.HttpWebHandlerAdapter    : [44ce774e-8] Completed 200 OK
2025-05-30T08:28:19.783Z DEBUG 11374 --- [           main] o.s.web.client.RestTemplate              : Reading to [java.lang.String] as "application/json"
200 OK Status code for User retrieving food
]]></system-out>
  </testcase>
  <testcase name="backend_testGetAllBuses" classname="com.examly.apigateway.ApigatewayApplicationTests" time="0.181">
    <system-out><![CDATA[2025-05-30T08:28:19.790Z DEBUG 11374 --- [           main] o.s.web.client.RestTemplate              : HTTP GET http://localhost:36019/api/bus
2025-05-30T08:28:19.791Z DEBUG 11374 --- [           main] o.s.web.client.RestTemplate              : Accept=[text/plain, application/json, application/*+json, */*]
2025-05-30T08:28:19.793Z DEBUG 11374 --- [or-http-epoll-2] o.s.w.s.adapter.HttpWebHandlerAdapter    : [44ce774e-9] HTTP GET "/api/bus"
2025-05-30T08:28:19.896Z DEBUG 11374 --- [           main] o.s.web.client.RestTemplate              : Response 200 OK
2025-05-30T08:28:19.897Z DEBUG 11374 --- [or-http-epoll-2] o.s.w.s.adapter.HttpWebHandlerAdapter    : [44ce774e-9] Completed 200 OK
2025-05-30T08:28:19.897Z DEBUG 11374 --- [           main] o.s.web.client.RestTemplate              : Reading to [java.lang.String] as "application/json"
200 OK Status code for Admin getting all buses
2025-05-30T08:28:19.899Z DEBUG 11374 --- [           main] o.s.web.client.RestTemplate              : HTTP GET http://localhost:36019/api/bus
2025-05-30T08:28:19.899Z DEBUG 11374 --- [           main] o.s.web.client.RestTemplate              : Accept=[text/plain, application/json, application/*+json, */*]
2025-05-30T08:28:19.901Z DEBUG 11374 --- [or-http-epoll-2] o.s.w.s.adapter.HttpWebHandlerAdapter    : [44ce774e-10] HTTP GET "/api/bus"
2025-05-30T08:28:19.967Z DEBUG 11374 --- [           main] o.s.web.client.RestTemplate              : Response 200 OK
2025-05-30T08:28:19.967Z DEBUG 11374 --- [or-http-epoll-2] o.s.w.s.adapter.HttpWebHandlerAdapter    : [44ce774e-10] Completed 200 OK
2025-05-30T08:28:19.967Z DEBUG 11374 --- [           main] o.s.web.client.RestTemplate              : Reading to [java.lang.String] as "application/json"
200 OK Status code for User getting all buses
]]></system-out>
  </testcase>
  <testcase name="backend_testUpdateBusWithRoleValidation" classname="com.examly.apigateway.ApigatewayApplicationTests" time="0.054">
    <system-out><![CDATA[2025-05-30T08:28:19.973Z DEBUG 11374 --- [           main] o.s.web.client.RestTemplate              : HTTP PUT http://localhost:36019/api/bus/1
2025-05-30T08:28:19.974Z DEBUG 11374 --- [           main] o.s.web.client.RestTemplate              : Accept=[text/plain, application/json, application/*+json, */*]
2025-05-30T08:28:19.974Z DEBUG 11374 --- [           main] o.s.web.client.RestTemplate              : Writing [{"busId": 1,"busName": "Updated Express Bus","source": "Los Angeles","destination": "San Francisco","departureTime": "2025-04-05T10:00","arrivalTime": "2025-04-05T15:00","totalSeats": 45,"availableSeats": 40,"busType": "Sleeper","fare": 35.0,"photo": "updatedBase64String","user": {"userId": 1}}] as "application/json"
2025-05-30T08:28:19.975Z DEBUG 11374 --- [or-http-epoll-2] o.s.w.s.adapter.HttpWebHandlerAdapter    : [44ce774e-11] HTTP PUT "/api/bus/1"
2025-05-30T08:28:20.004Z DEBUG 11374 --- [           main] o.s.web.client.RestTemplate              : Response 200 OK
2025-05-30T08:28:20.005Z DEBUG 11374 --- [or-http-epoll-2] o.s.w.s.adapter.HttpWebHandlerAdapter    : [44ce774e-11] Completed 200 OK
2025-05-30T08:28:20.005Z DEBUG 11374 --- [           main] o.s.web.client.RestTemplate              : Reading to [java.lang.String] as "application/json"
200 OK Status code for Admin updating bus
Admin Update Response JSON: {"busId":1,"busName":"Updated Express Bus","source":"Los Angeles","destination":"San Francisco","departureTime":"2025-04-05T10:00:00","arrivalTime":"2025-04-05T15:00:00","totalSeats":45,"availableSeats":40,"fare":35.0,"busType":"Sleeper","photo":"updatedBase64String"}
2025-05-30T08:28:20.006Z DEBUG 11374 --- [           main] o.s.web.client.RestTemplate              : HTTP PUT http://localhost:36019/api/bus/1
2025-05-30T08:28:20.007Z DEBUG 11374 --- [           main] o.s.web.client.RestTemplate              : Accept=[text/plain, application/json, application/*+json, */*]
2025-05-30T08:28:20.007Z DEBUG 11374 --- [           main] o.s.web.client.RestTemplate              : Writing [{"busId": 1,"busName": "Updated Express Bus","source": "Los Angeles","destination": "San Francisco","departureTime": "2025-04-05T10:00","arrivalTime": "2025-04-05T15:00","totalSeats": 45,"availableSeats": 40,"busType": "Sleeper","fare": 35.0,"photo": "updatedBase64String","user": {"userId": 1}}] as "application/json"
2025-05-30T08:28:20.008Z DEBUG 11374 --- [or-http-epoll-2] o.s.w.s.adapter.HttpWebHandlerAdapter    : [44ce774e-12] HTTP PUT "/api/bus/1"
2025-05-30T08:28:20.020Z DEBUG 11374 --- [           main] o.s.web.client.RestTemplate              : Response 403 FORBIDDEN
2025-05-30T08:28:20.021Z DEBUG 11374 --- [or-http-epoll-2] o.s.w.s.adapter.HttpWebHandlerAdapter    : [44ce774e-12] Completed 403 FORBIDDEN
2025-05-30T08:28:20.021Z DEBUG 11374 --- [           main] o.s.web.client.RestTemplate              : Reading to [java.lang.String] as "application/json"
403 FORBIDDEN Status code for User trying to update bus
]]></system-out>
  </testcase>
  <testcase name="backend_testUserCanAddBooking" classname="com.examly.apigateway.ApigatewayApplicationTests" time="0.36">
    <system-out><![CDATA[2025-05-30T08:28:20.027Z DEBUG 11374 --- [           main] o.s.web.client.RestTemplate              : HTTP POST http://localhost:36019/api/bookings
2025-05-30T08:28:20.027Z DEBUG 11374 --- [           main] o.s.web.client.RestTemplate              : Accept=[text/plain, application/json, application/*+json, */*]
2025-05-30T08:28:20.027Z DEBUG 11374 --- [           main] o.s.web.client.RestTemplate              : Writing [{"bookingDate": "2025-04-10","numberOfSeats": 2,"seatNumbers": [5, 6],"status": "CONFIRMED","user": {"userId": 2},"bus": {"busId": 1}}] as "application/json"
2025-05-30T08:28:20.029Z DEBUG 11374 --- [or-http-epoll-2] o.s.w.s.adapter.HttpWebHandlerAdapter    : [44ce774e-13] HTTP POST "/api/bookings"
2025-05-30T08:28:20.367Z DEBUG 11374 --- [           main] o.s.web.client.RestTemplate              : Response 201 CREATED
2025-05-30T08:28:20.367Z DEBUG 11374 --- [           main] o.s.web.client.RestTemplate              : Reading to [java.lang.String] as "application/json"
2025-05-30T08:28:20.367Z DEBUG 11374 --- [or-http-epoll-2] o.s.w.s.adapter.HttpWebHandlerAdapter    : [44ce774e-13] Completed 201 CREATED
201 CREATED Status code for User adding booking
2025-05-30T08:28:20.369Z DEBUG 11374 --- [           main] o.s.web.client.RestTemplate              : HTTP POST http://localhost:36019/api/bookings
2025-05-30T08:28:20.369Z DEBUG 11374 --- [           main] o.s.web.client.RestTemplate              : Accept=[text/plain, application/json, application/*+json, */*]
2025-05-30T08:28:20.369Z DEBUG 11374 --- [           main] o.s.web.client.RestTemplate              : Writing [{"bookingDate": "2025-04-10","numberOfSeats": 2,"seatNumbers": [5, 6],"status": "CONFIRMED","user": {"userId": 2},"bus": {"busId": 1}}] as "application/json"
2025-05-30T08:28:20.370Z DEBUG 11374 --- [or-http-epoll-2] o.s.w.s.adapter.HttpWebHandlerAdapter    : [44ce774e-14] HTTP POST "/api/bookings"
2025-05-30T08:28:20.382Z DEBUG 11374 --- [           main] o.s.web.client.RestTemplate              : Response 403 FORBIDDEN
2025-05-30T08:28:20.382Z DEBUG 11374 --- [or-http-epoll-2] o.s.w.s.adapter.HttpWebHandlerAdapter    : [44ce774e-14] Completed 403 FORBIDDEN
2025-05-30T08:28:20.382Z DEBUG 11374 --- [           main] o.s.web.client.RestTemplate              : Reading to [java.lang.String] as "application/json"
403 FORBIDDEN Status code for Admin trying to add a booking
]]></system-out>
  </testcase>
  <testcase name="backend_testAdminCanUpdateBooking" classname="com.examly.apigateway.ApigatewayApplicationTests" time="0.057">
    <system-out><![CDATA[2025-05-30T08:28:20.389Z DEBUG 11374 --- [           main] o.s.web.client.RestTemplate              : HTTP PUT http://localhost:36019/api/bookings/1
2025-05-30T08:28:20.389Z DEBUG 11374 --- [           main] o.s.web.client.RestTemplate              : Accept=[text/plain, application/json, application/*+json, */*]
2025-05-30T08:28:20.389Z DEBUG 11374 --- [           main] o.s.web.client.RestTemplate              : Writing [{"bookingId": 1,"bookingDate": "2025-04-15","numberOfSeats": 3,"seatNumbers": [7, 8, 9],"status": "CONFIRMED","user": {"userId": 1}}] as "application/json"
2025-05-30T08:28:20.391Z DEBUG 11374 --- [or-http-epoll-2] o.s.w.s.adapter.HttpWebHandlerAdapter    : [44ce774e-15] HTTP PUT "/api/bookings/1"
2025-05-30T08:28:20.427Z DEBUG 11374 --- [           main] o.s.web.client.RestTemplate              : Response 200 OK
2025-05-30T08:28:20.427Z DEBUG 11374 --- [or-http-epoll-2] o.s.w.s.adapter.HttpWebHandlerAdapter    : [44ce774e-15] Completed 200 OK
2025-05-30T08:28:20.427Z DEBUG 11374 --- [           main] o.s.web.client.RestTemplate              : Reading to [java.lang.String] as "application/json"
200 OK Status code for Admin updating booking
Admin Update Response JSON: {"bookingId":1,"bookingDate":"2025-04-15","numberOfSeats":3,"seatNumbers":[7,8,9],"status":"CONFIRMED","userId":2,"user":{"userId":1,"email":null,"password":null,"username":null,"mobileNumber":null,"userRole":null},"bus":null}
2025-05-30T08:28:20.428Z DEBUG 11374 --- [           main] o.s.web.client.RestTemplate              : HTTP PUT http://localhost:36019/api/bookings/1
2025-05-30T08:28:20.428Z DEBUG 11374 --- [           main] o.s.web.client.RestTemplate              : Accept=[text/plain, application/json, application/*+json, */*]
2025-05-30T08:28:20.428Z DEBUG 11374 --- [           main] o.s.web.client.RestTemplate              : Writing [{"bookingId": 1,"bookingDate": "2025-04-15","numberOfSeats": 3,"seatNumbers": [7, 8, 9],"status": "CONFIRMED","user": {"userId": 1}}] as "application/json"
2025-05-30T08:28:20.430Z DEBUG 11374 --- [or-http-epoll-2] o.s.w.s.adapter.HttpWebHandlerAdapter    : [44ce774e-16] HTTP PUT "/api/bookings/1"
2025-05-30T08:28:20.440Z DEBUG 11374 --- [           main] o.s.web.client.RestTemplate              : Response 403 FORBIDDEN
2025-05-30T08:28:20.441Z DEBUG 11374 --- [or-http-epoll-2] o.s.w.s.adapter.HttpWebHandlerAdapter    : [44ce774e-16] Completed 403 FORBIDDEN
2025-05-30T08:28:20.441Z DEBUG 11374 --- [           main] o.s.web.client.RestTemplate              : Reading to [java.lang.String] as "application/json"
403 FORBIDDEN Status code for User trying to update bus
]]></system-out>
  </testcase>
  <testcase name="backend_testRoleBasedAccessForViewingAllBookings" classname="com.examly.apigateway.ApigatewayApplicationTests" time="0.043">
    <system-out><![CDATA[2025-05-30T08:28:20.446Z DEBUG 11374 --- [           main] o.s.web.client.RestTemplate              : HTTP GET http://localhost:36019/api/bookings
2025-05-30T08:28:20.446Z DEBUG 11374 --- [           main] o.s.web.client.RestTemplate              : Accept=[text/plain, application/json, application/*+json, */*]
2025-05-30T08:28:20.448Z DEBUG 11374 --- [or-http-epoll-2] o.s.w.s.adapter.HttpWebHandlerAdapter    : [44ce774e-17] HTTP GET "/api/bookings"
2025-05-30T08:28:20.471Z DEBUG 11374 --- [           main] o.s.web.client.RestTemplate              : Response 200 OK
2025-05-30T08:28:20.471Z DEBUG 11374 --- [or-http-epoll-2] o.s.w.s.adapter.HttpWebHandlerAdapter    : [44ce774e-17] Completed 200 OK
2025-05-30T08:28:20.472Z DEBUG 11374 --- [           main] o.s.web.client.RestTemplate              : Reading to [java.lang.String] as "application/json"
200 OK Status code for Admin viewing all bookings
Admin View Bookings Response JSON: [{"bookingId":1,"bookingDate":"2025-04-15","numberOfSeats":3,"seatNumbers":[7,8,9],"status":"CONFIRMED","userId":2,"user":null,"bus":null}]
2025-05-30T08:28:20.473Z DEBUG 11374 --- [           main] o.s.web.client.RestTemplate              : HTTP GET http://localhost:36019/api/bookings
2025-05-30T08:28:20.473Z DEBUG 11374 --- [           main] o.s.web.client.RestTemplate              : Accept=[text/plain, application/json, application/*+json, */*]
2025-05-30T08:28:20.474Z DEBUG 11374 --- [or-http-epoll-2] o.s.w.s.adapter.HttpWebHandlerAdapter    : [44ce774e-18] HTTP GET "/api/bookings"
2025-05-30T08:28:20.484Z DEBUG 11374 --- [           main] o.s.web.client.RestTemplate              : Response 403 FORBIDDEN
2025-05-30T08:28:20.484Z DEBUG 11374 --- [or-http-epoll-2] o.s.w.s.adapter.HttpWebHandlerAdapter    : [44ce774e-18] Completed 403 FORBIDDEN
2025-05-30T08:28:20.484Z DEBUG 11374 --- [           main] o.s.web.client.RestTemplate              : Reading to [java.lang.String] as "application/json"
403 FORBIDDEN Status code for User trying to view all bookings
]]></system-out>
  </testcase>
  <testcase name="backend_testUserCanViewOwnBookings" classname="com.examly.apigateway.ApigatewayApplicationTests" time="0.046">
    <system-out><![CDATA[2025-05-30T08:28:20.489Z DEBUG 11374 --- [           main] o.s.web.client.RestTemplate              : HTTP GET http://localhost:36019/api/bookings/user/2
2025-05-30T08:28:20.489Z DEBUG 11374 --- [           main] o.s.web.client.RestTemplate              : Accept=[text/plain, application/json, application/*+json, */*]
2025-05-30T08:28:20.491Z DEBUG 11374 --- [or-http-epoll-2] o.s.w.s.adapter.HttpWebHandlerAdapter    : [44ce774e-19] HTTP GET "/api/bookings/user/2"
2025-05-30T08:28:20.517Z DEBUG 11374 --- [           main] o.s.web.client.RestTemplate              : Response 200 OK
2025-05-30T08:28:20.517Z DEBUG 11374 --- [or-http-epoll-2] o.s.w.s.adapter.HttpWebHandlerAdapter    : [44ce774e-19] Completed 200 OK
2025-05-30T08:28:20.517Z DEBUG 11374 --- [           main] o.s.web.client.RestTemplate              : Reading to [java.lang.String] as "application/json"
200 OK Status code for User viewing their own bookings
User View Own Bookings Response JSON: [{"bookingId":1,"bookingDate":"2025-04-15","numberOfSeats":3,"seatNumbers":[7,8,9],"status":"CONFIRMED","userId":2,"user":null,"bus":null}]
2025-05-30T08:28:20.518Z DEBUG 11374 --- [           main] o.s.web.client.RestTemplate              : HTTP GET http://localhost:36019/api/bookings/user/2
2025-05-30T08:28:20.518Z DEBUG 11374 --- [           main] o.s.web.client.RestTemplate              : Accept=[text/plain, application/json, application/*+json, */*]
2025-05-30T08:28:20.519Z DEBUG 11374 --- [or-http-epoll-2] o.s.w.s.adapter.HttpWebHandlerAdapter    : [44ce774e-20] HTTP GET "/api/bookings/user/2"
2025-05-30T08:28:20.530Z DEBUG 11374 --- [           main] o.s.web.client.RestTemplate              : Response 403 FORBIDDEN
2025-05-30T08:28:20.530Z DEBUG 11374 --- [or-http-epoll-2] o.s.w.s.adapter.HttpWebHandlerAdapter    : [44ce774e-20] Completed 403 FORBIDDEN
2025-05-30T08:28:20.531Z DEBUG 11374 --- [           main] o.s.web.client.RestTemplate              : Reading to [java.lang.String] as "application/json"
403 FORBIDDEN Status code for Admin trying to add a booking
]]></system-out>
  </testcase>
  <testcase name="backend_testAddFeedbackWithRoleValidation" classname="com.examly.apigateway.ApigatewayApplicationTests" time="0.493">
    <system-out><![CDATA[2025-05-30T08:28:20.535Z DEBUG 11374 --- [           main] o.s.web.client.RestTemplate              : HTTP POST http://localhost:36019/api/feedback
2025-05-30T08:28:20.536Z DEBUG 11374 --- [           main] o.s.web.client.RestTemplate              : Accept=[text/plain, application/json, application/*+json, */*]
2025-05-30T08:28:20.536Z DEBUG 11374 --- [           main] o.s.web.client.RestTemplate              : Writing [{"feedbackId": 1,"comments": "Great service!","rating": 5,"user": { "userId": 2 },"bus": { "busId": 1 },"date": "2025-02-27"}] as "application/json"
2025-05-30T08:28:20.538Z DEBUG 11374 --- [or-http-epoll-2] o.s.w.s.adapter.HttpWebHandlerAdapter    : [44ce774e-21] HTTP POST "/api/feedback"
2025-05-30T08:28:21.000Z DEBUG 11374 --- [           main] o.s.web.client.RestTemplate              : Response 201 CREATED
2025-05-30T08:28:21.000Z DEBUG 11374 --- [or-http-epoll-2] o.s.w.s.adapter.HttpWebHandlerAdapter    : [44ce774e-21] Completed 201 CREATED
2025-05-30T08:28:21.001Z DEBUG 11374 --- [           main] o.s.web.client.RestTemplate              : Reading to [java.lang.String] as "application/json"
201 CREATED Status code for User adding feedback
2025-05-30T08:28:21.002Z DEBUG 11374 --- [           main] o.s.web.client.RestTemplate              : HTTP POST http://localhost:36019/api/feedback
2025-05-30T08:28:21.002Z DEBUG 11374 --- [           main] o.s.web.client.RestTemplate              : Accept=[text/plain, application/json, application/*+json, */*]
2025-05-30T08:28:21.002Z DEBUG 11374 --- [           main] o.s.web.client.RestTemplate              : Writing [{"feedbackId": 1,"comments": "Great service!","rating": 5,"user": { "userId": 2 },"bus": { "busId": 1 },"date": "2025-02-27"}] as "application/json"
2025-05-30T08:28:21.003Z DEBUG 11374 --- [or-http-epoll-2] o.s.w.s.adapter.HttpWebHandlerAdapter    : [44ce774e-22] HTTP POST "/api/feedback"
2025-05-30T08:28:21.023Z DEBUG 11374 --- [           main] o.s.web.client.RestTemplate              : Response 403 FORBIDDEN
2025-05-30T08:28:21.024Z DEBUG 11374 --- [or-http-epoll-2] o.s.w.s.adapter.HttpWebHandlerAdapter    : [44ce774e-22] Completed 403 FORBIDDEN
2025-05-30T08:28:21.024Z DEBUG 11374 --- [           main] o.s.web.client.RestTemplate              : Reading to [java.lang.String] as "application/json"
403 FORBIDDEN Status code for Admin trying to add a Feedback
]]></system-out>
  </testcase>
  <testcase name="backend_testGetAllFeedbackWithRoleValidation" classname="com.examly.apigateway.ApigatewayApplicationTests" time="0.085">
    <system-out><![CDATA[2025-05-30T08:28:21.029Z DEBUG 11374 --- [           main] o.s.web.client.RestTemplate              : HTTP GET http://localhost:36019/api/feedback
2025-05-30T08:28:21.030Z DEBUG 11374 --- [           main] o.s.web.client.RestTemplate              : Accept=[text/plain, application/json, application/*+json, */*]
2025-05-30T08:28:21.031Z DEBUG 11374 --- [or-http-epoll-2] o.s.w.s.adapter.HttpWebHandlerAdapter    : [44ce774e-23] HTTP GET "/api/feedback"
2025-05-30T08:28:21.095Z DEBUG 11374 --- [           main] o.s.web.client.RestTemplate              : Response 200 OK
2025-05-30T08:28:21.095Z DEBUG 11374 --- [or-http-epoll-2] o.s.w.s.adapter.HttpWebHandlerAdapter    : [44ce774e-23] Completed 200 OK
2025-05-30T08:28:21.095Z DEBUG 11374 --- [           main] o.s.web.client.RestTemplate              : Reading to [java.lang.String] as "application/json"
2025-05-30T08:28:21.096Z DEBUG 11374 --- [           main] o.s.web.client.RestTemplate              : HTTP GET http://localhost:36019/api/feedback
2025-05-30T08:28:21.096Z DEBUG 11374 --- [           main] o.s.web.client.RestTemplate              : Accept=[text/plain, application/json, application/*+json, */*]
2025-05-30T08:28:21.097Z DEBUG 11374 --- [or-http-epoll-2] o.s.w.s.adapter.HttpWebHandlerAdapter    : [44ce774e-24] HTTP GET "/api/feedback"
2025-05-30T08:28:21.109Z DEBUG 11374 --- [           main] o.s.web.client.RestTemplate              : Response 403 FORBIDDEN
2025-05-30T08:28:21.110Z DEBUG 11374 --- [or-http-epoll-2] o.s.w.s.adapter.HttpWebHandlerAdapter    : [44ce774e-24] Completed 403 FORBIDDEN
2025-05-30T08:28:21.110Z DEBUG 11374 --- [           main] o.s.web.client.RestTemplate              : Reading to [java.lang.String] as "application/json"
]]></system-out>
  </testcase>
  <testcase name="backend_testGetFeedbackByUserIdWithRoleValidation" classname="com.examly.apigateway.ApigatewayApplicationTests" time="0.051">
    <system-out><![CDATA[2025-05-30T08:28:21.115Z DEBUG 11374 --- [           main] o.s.web.client.RestTemplate              : HTTP GET http://localhost:36019/api/feedback/user/2
2025-05-30T08:28:21.115Z DEBUG 11374 --- [           main] o.s.web.client.RestTemplate              : Accept=[text/plain, application/json, application/*+json, */*]
2025-05-30T08:28:21.116Z DEBUG 11374 --- [or-http-epoll-2] o.s.w.s.adapter.HttpWebHandlerAdapter    : [44ce774e-25] HTTP GET "/api/feedback/user/2"
2025-05-30T08:28:21.147Z DEBUG 11374 --- [           main] o.s.web.client.RestTemplate              : Response 200 OK
2025-05-30T08:28:21.147Z DEBUG 11374 --- [or-http-epoll-2] o.s.w.s.adapter.HttpWebHandlerAdapter    : [44ce774e-25] Completed 200 OK
2025-05-30T08:28:21.147Z DEBUG 11374 --- [           main] o.s.web.client.RestTemplate              : Reading to [java.lang.String] as "application/json"
2025-05-30T08:28:21.148Z DEBUG 11374 --- [           main] o.s.web.client.RestTemplate              : HTTP GET http://localhost:36019/api/feedback/user/2
2025-05-30T08:28:21.148Z DEBUG 11374 --- [           main] o.s.web.client.RestTemplate              : Accept=[text/plain, application/json, application/*+json, */*]
2025-05-30T08:28:21.149Z DEBUG 11374 --- [or-http-epoll-2] o.s.w.s.adapter.HttpWebHandlerAdapter    : [44ce774e-26] HTTP GET "/api/feedback/user/2"
2025-05-30T08:28:21.161Z DEBUG 11374 --- [           main] o.s.web.client.RestTemplate              : Response 403 FORBIDDEN
2025-05-30T08:28:21.161Z DEBUG 11374 --- [or-http-epoll-2] o.s.w.s.adapter.HttpWebHandlerAdapter    : [44ce774e-26] Completed 403 FORBIDDEN
2025-05-30T08:28:21.162Z DEBUG 11374 --- [           main] o.s.web.client.RestTemplate              : Reading to [java.lang.String] as "application/json"
403 FORBIDDEN Status code for Admin trying to get user feedback
]]></system-out>
  </testcase>
</testsuite>