<?xml version="1.0" encoding="UTF-8"?>
<testsuite xmlns:xsi="http://www.w3.org/2001/XMLSchema-instance" xsi:noNamespaceSchemaLocation="https://maven.apache.org/surefire/maven-surefire-plugin/xsd/surefire-test-report-3.0.xsd" version="3.0" name="com.examly.apigateway.ApigatewayApplicationTests" time="4.452" tests="15" errors="0" skipped="0" failures="5">
  <properties>
[...]
</properties>
  <testcase name="backend_testRegisterAdmin" classname="com.examly.apigateway.ApigatewayApplicationTests" time="0.757">
    <system-out><![CDATA[15:17:16.478 [main] INFO org.springframework.test.context.support.AnnotationConfigContextLoaderUtils -- Could not detect default configuration classes for test class [com.examly.apigateway.ApigatewayApplicationTests]: ApigatewayApplicationTests does not declare any static, non-private, non-final, nested classes annotated with @Configuration.
15:17:16.555 [main] INFO org.springframework.boot.test.context.SpringBootTestContextBootstrapper -- Found @SpringBootConfiguration com.examly.apigateway.ApigatewayApplication for test class com.examly.apigateway.ApigatewayApplicationTests

  .   ____          _            __ _ _
 /\\ / ___'_ __ _ _(_)_ __  __ _ \ \ \ \
( ( )\___ | '_ | '_| | '_ \/ _` | \ \ \ \
 \\/  ___)| |_)| | | | | || (_| |  ) ) ) )
  '  |____| .__|_| |_|_| |_\__, | / / / /
 =========|_|==============|___/=/_/_/_/
 :: Spring Boot ::               (v3.1.10)

2025-05-28T15:17:16.862Z  INFO 65287 --- [           main] c.e.a.ApigatewayApplicationTests         : Starting ApigatewayApplicationTests using Java 17.0.14 with PID 65287 (started by coder in /home/coder/project/workspace/apigateway)
2025-05-28T15:17:16.863Z  INFO 65287 --- [           main] c.e.a.ApigatewayApplicationTests         : No active profile set, falling back to 1 default profile: "default"
2025-05-28T15:17:17.768Z  INFO 65287 --- [           main] o.s.cloud.context.scope.GenericScope     : BeanFactory id=c069b105-82d6-3fcb-ad26-a2ccbbd6f730
2025-05-28T15:17:17.831Z  INFO 65287 --- [           main] trationDelegate$BeanPostProcessorChecker : Bean 'org.springframework.cloud.client.loadbalancer.reactive.LoadBalancerBeanPostProcessorAutoConfiguration' of type [org.springframework.cloud.client.loadbalancer.reactive.LoadBalancerBeanPostProcessorAutoConfiguration] is not eligible for getting processed by all BeanPostProcessors (for example: not eligible for auto-proxying)
2025-05-28T15:17:17.832Z  INFO 65287 --- [           main] trationDelegate$BeanPostProcessorChecker : Bean 'org.springframework.cloud.client.loadbalancer.reactive.LoadBalancerBeanPostProcessorAutoConfiguration$ReactorDeferringLoadBalancerFilterConfig' of type [org.springframework.cloud.client.loadbalancer.reactive.LoadBalancerBeanPostProcessorAutoConfiguration$ReactorDeferringLoadBalancerFilterConfig] is not eligible for getting processed by all BeanPostProcessors (for example: not eligible for auto-proxying)
2025-05-28T15:17:17.832Z  INFO 65287 --- [           main] trationDelegate$BeanPostProcessorChecker : Bean 'reactorDeferringLoadBalancerExchangeFilterFunction' of type [org.springframework.cloud.client.loadbalancer.reactive.DeferringLoadBalancerExchangeFilterFunction] is not eligible for getting processed by all BeanPostProcessors (for example: not eligible for auto-proxying)
2025-05-28T15:17:18.344Z  INFO 65287 --- [           main] o.s.c.g.r.RouteDefinitionRouteLocator    : Loaded RoutePredicateFactory [After]
2025-05-28T15:17:18.344Z  INFO 65287 --- [           main] o.s.c.g.r.RouteDefinitionRouteLocator    : Loaded RoutePredicateFactory [Before]
2025-05-28T15:17:18.344Z  INFO 65287 --- [           main] o.s.c.g.r.RouteDefinitionRouteLocator    : Loaded RoutePredicateFactory [Between]
2025-05-28T15:17:18.344Z  INFO 65287 --- [           main] o.s.c.g.r.RouteDefinitionRouteLocator    : Loaded RoutePredicateFactory [Cookie]
2025-05-28T15:17:18.344Z  INFO 65287 --- [           main] o.s.c.g.r.RouteDefinitionRouteLocator    : Loaded RoutePredicateFactory [Header]
2025-05-28T15:17:18.344Z  INFO 65287 --- [           main] o.s.c.g.r.RouteDefinitionRouteLocator    : Loaded RoutePredicateFactory [Host]
2025-05-28T15:17:18.345Z  INFO 65287 --- [           main] o.s.c.g.r.RouteDefinitionRouteLocator    : Loaded RoutePredicateFactory [Method]
2025-05-28T15:17:18.345Z  INFO 65287 --- [           main] o.s.c.g.r.RouteDefinitionRouteLocator    : Loaded RoutePredicateFactory [Path]
2025-05-28T15:17:18.345Z  INFO 65287 --- [           main] o.s.c.g.r.RouteDefinitionRouteLocator    : Loaded RoutePredicateFactory [Query]
2025-05-28T15:17:18.345Z  INFO 65287 --- [           main] o.s.c.g.r.RouteDefinitionRouteLocator    : Loaded RoutePredicateFactory [ReadBody]
2025-05-28T15:17:18.345Z  INFO 65287 --- [           main] o.s.c.g.r.RouteDefinitionRouteLocator    : Loaded RoutePredicateFactory [RemoteAddr]
2025-05-28T15:17:18.345Z  INFO 65287 --- [           main] o.s.c.g.r.RouteDefinitionRouteLocator    : Loaded RoutePredicateFactory [XForwardedRemoteAddr]
2025-05-28T15:17:18.345Z  INFO 65287 --- [           main] o.s.c.g.r.RouteDefinitionRouteLocator    : Loaded RoutePredicateFactory [Weight]
2025-05-28T15:17:18.345Z  INFO 65287 --- [           main] o.s.c.g.r.RouteDefinitionRouteLocator    : Loaded RoutePredicateFactory [CloudFoundryRouteService]
2025-05-28T15:17:18.424Z DEBUG 65287 --- [           main] o.s.w.r.handler.SimpleUrlHandlerMapping  : Patterns [/webjars/**, /**] in 'resourceHandlerMapping'
2025-05-28T15:17:18.510Z  INFO 65287 --- [           main] o.s.b.a.e.web.EndpointLinksResolver      : Exposing 1 endpoint(s) beneath base path '/actuator'
2025-05-28T15:17:18.539Z DEBUG 65287 --- [           main] o.s.w.r.r.m.a.ControllerMethodResolver   : ControllerAdvice beans: none
2025-05-28T15:17:18.563Z DEBUG 65287 --- [           main] o.s.w.s.adapter.HttpWebHandlerAdapter    : enableLoggingRequestDetails='false': form data and headers will be masked to prevent unsafe logging of potentially sensitive data
2025-05-28T15:17:18.649Z  INFO 65287 --- [           main] DiscoveryClientOptionalArgsConfiguration : Eureka HTTP Client uses RestTemplate.
2025-05-28T15:17:18.669Z  WARN 65287 --- [           main] iguration$LoadBalancerCaffeineWarnLogger : Spring Cloud LoadBalancer is currently working with the default cache. While this cache implementation is useful for development and tests, it's recommended to use Caffeine cache in production.You can switch to using Caffeine cache, by adding it and org.springframework.cache.caffeine.CaffeineCacheManager to the classpath.
2025-05-28T15:17:18.909Z  INFO 65287 --- [           main] o.s.b.web.embedded.netty.NettyWebServer  : Netty started on port 44125
2025-05-28T15:17:18.911Z  INFO 65287 --- [           main] .s.c.n.e.s.EurekaAutoServiceRegistration : Updating port to 44125
2025-05-28T15:17:18.914Z  INFO 65287 --- [           main] o.s.c.n.eureka.InstanceInfoFactory       : Setting initial instance status as: STARTING
2025-05-28T15:17:18.969Z  INFO 65287 --- [           main] com.netflix.discovery.DiscoveryClient    : Initializing Eureka in region us-east-1
2025-05-28T15:17:18.973Z  INFO 65287 --- [           main] c.n.d.s.r.aws.ConfigClusterResolver      : Resolving eureka endpoints via configuration
2025-05-28T15:17:18.988Z  INFO 65287 --- [           main] com.netflix.discovery.DiscoveryClient    : Disable delta property : false
2025-05-28T15:17:18.988Z  INFO 65287 --- [           main] com.netflix.discovery.DiscoveryClient    : Single vip registry refresh property : null
2025-05-28T15:17:18.988Z  INFO 65287 --- [           main] com.netflix.discovery.DiscoveryClient    : Force full registry fetch : false
2025-05-28T15:17:18.988Z  INFO 65287 --- [           main] com.netflix.discovery.DiscoveryClient    : Application is null : false
2025-05-28T15:17:18.989Z  INFO 65287 --- [           main] com.netflix.discovery.DiscoveryClient    : Registered Applications size is zero : true
2025-05-28T15:17:18.989Z  INFO 65287 --- [           main] com.netflix.discovery.DiscoveryClient    : Application version is -1: true
2025-05-28T15:17:18.989Z  INFO 65287 --- [           main] com.netflix.discovery.DiscoveryClient    : Getting all instance registry info from the eureka server
2025-05-28T15:17:19.009Z DEBUG 65287 --- [           main] o.s.web.client.RestTemplate              : HTTP GET http://localhost:8761/eureka/apps/
2025-05-28T15:17:19.098Z DEBUG 65287 --- [           main] o.s.web.client.RestTemplate              : Accept=[application/json, application/*+json]
2025-05-28T15:17:19.134Z DEBUG 65287 --- [           main] o.s.web.client.RestTemplate              : Response 200 OK
2025-05-28T15:17:19.135Z DEBUG 65287 --- [           main] o.s.web.client.RestTemplate              : Reading to [org.springframework.cloud.netflix.eureka.http.EurekaApplications]
2025-05-28T15:17:19.154Z  INFO 65287 --- [           main] com.netflix.discovery.DiscoveryClient    : The response status is 200
2025-05-28T15:17:19.156Z  INFO 65287 --- [           main] com.netflix.discovery.DiscoveryClient    : Starting heartbeat executor: renew interval is: 30
2025-05-28T15:17:19.158Z  INFO 65287 --- [           main] c.n.discovery.InstanceInfoReplicator     : InstanceInfoReplicator onDemand update allowed rate per min is 4
2025-05-28T15:17:19.162Z  INFO 65287 --- [           main] com.netflix.discovery.DiscoveryClient    : Discovery Client initialized at timestamp 1748445439162 with initial instances count: 3
2025-05-28T15:17:19.164Z  INFO 65287 --- [           main] o.s.c.n.e.s.EurekaServiceRegistry        : Registering application API-GATEWAY with eureka with status UP
2025-05-28T15:17:19.164Z  INFO 65287 --- [           main] com.netflix.discovery.DiscoveryClient    : Saw local status change event StatusChangeEvent [timestamp=1748445439164, current=UP, previous=STARTING]
2025-05-28T15:17:19.165Z  INFO 65287 --- [nfoReplicator-0] com.netflix.discovery.DiscoveryClient    : DiscoveryClient_API-GATEWAY/dbdbeafdabccbbaaabecdfcffdededdedf-0.dbdbeafdabccbbaaabecdfcffdededdedf.ide.svc.cluster.local:api-gateway:0: registering service...
2025-05-28T15:17:19.168Z DEBUG 65287 --- [nfoReplicator-0] o.s.web.client.RestTemplate              : HTTP POST http://localhost:8761/eureka/apps/API-GATEWAY
2025-05-28T15:17:19.169Z DEBUG 65287 --- [nfoReplicator-0] o.s.web.client.RestTemplate              : Accept=[application/json, application/*+json]
2025-05-28T15:17:19.180Z DEBUG 65287 --- [nfoReplicator-0] o.s.web.client.RestTemplate              : Writing [InstanceInfo [instanceId = dbdbeafdabccbbaaabecdfcffdededdedf-0.dbdbeafdabccbbaaabecdfcffdededdedf.ide.svc.cluster.local:api-gateway:0, appName = API-GATEWAY, hostName = dbdbeafdabccbbaaabecdfcffdededdedf-0.dbdbeafdabccbbaaabecdfcffdededdedf.ide.svc.cluster.local, status = UP, ipAddr = 10.244.35.179, port = 44125, securePort = 443, dataCenterInfo = com.netflix.appinfo.MyDataCenterInfo@7500929] as "application/json"
2025-05-28T15:17:19.195Z DEBUG 65287 --- [nfoReplicator-0] o.s.web.client.RestTemplate              : Response 204 NO_CONTENT
2025-05-28T15:17:19.195Z  INFO 65287 --- [nfoReplicator-0] com.netflix.discovery.DiscoveryClient    : DiscoveryClient_API-GATEWAY/dbdbeafdabccbbaaabecdfcffdededdedf-0.dbdbeafdabccbbaaabecdfcffdededdedf.ide.svc.cluster.local:api-gateway:0 - registration status: 204
2025-05-28T15:17:19.231Z  INFO 65287 --- [           main] c.e.a.ApigatewayApplicationTests         : Started ApigatewayApplicationTests in 2.598 seconds (process running for 3.274)
2025-05-28T15:17:19.791Z DEBUG 65287 --- [           main] o.s.web.client.RestTemplate              : HTTP POST http://localhost:44125/api/register
2025-05-28T15:17:19.792Z DEBUG 65287 --- [           main] o.s.web.client.RestTemplate              : Accept=[text/plain, application/json, application/*+json, */*]
2025-05-28T15:17:19.792Z DEBUG 65287 --- [           main] o.s.web.client.RestTemplate              : Writing [{"userId": 1,"email": "demoadmin@gmail.com", "password": "admin@1234", "username": "admin123", "userRole": "ADMIN", "mobileNumber": "9876543210"}] as "application/json"
2025-05-28T15:17:19.861Z DEBUG 65287 --- [or-http-epoll-2] o.s.w.s.adapter.HttpWebHandlerAdapter    : [f9b6e51d-1] HTTP POST "/api/register"
2025-05-28T15:17:19.988Z DEBUG 65287 --- [           main] o.s.web.client.RestTemplate              : Response 201 CREATED
2025-05-28T15:17:19.988Z DEBUG 65287 --- [           main] o.s.web.client.RestTemplate              : Reading to [java.lang.String] as "application/json"
2025-05-28T15:17:19.989Z DEBUG 65287 --- [or-http-epoll-2] o.s.w.s.adapter.HttpWebHandlerAdapter    : [f9b6e51d-1] Completed 201 CREATED
]]></system-out>
  </testcase>
  <testcase name="backend_testRegisterUser" classname="com.examly.apigateway.ApigatewayApplicationTests" time="0.018">
    <system-out><![CDATA[2025-05-28T15:17:20.004Z DEBUG 65287 --- [           main] o.s.web.client.RestTemplate              : HTTP POST http://localhost:44125/api/register
2025-05-28T15:17:20.005Z DEBUG 65287 --- [           main] o.s.web.client.RestTemplate              : Accept=[text/plain, application/json, application/*+json, */*]
2025-05-28T15:17:20.005Z DEBUG 65287 --- [           main] o.s.web.client.RestTemplate              : Writing [{"userId": 2,"email": "demouser@gmail.com", "password": "user@1234", "username": "user123", "userRole": "USER", "mobileNumber": "1122334455"}] as "application/json"
2025-05-28T15:17:20.006Z DEBUG 65287 --- [or-http-epoll-2] o.s.w.s.adapter.HttpWebHandlerAdapter    : [f9b6e51d-2] HTTP POST "/api/register"
2025-05-28T15:17:20.018Z DEBUG 65287 --- [           main] o.s.web.client.RestTemplate              : Response 201 CREATED
2025-05-28T15:17:20.018Z DEBUG 65287 --- [or-http-epoll-2] o.s.w.s.adapter.HttpWebHandlerAdapter    : [f9b6e51d-2] Completed 201 CREATED
2025-05-28T15:17:20.018Z DEBUG 65287 --- [           main] o.s.web.client.RestTemplate              : Reading to [java.lang.String] as "application/json"
]]></system-out>
  </testcase>
  <testcase name="backend_testLoginAdmin" classname="com.examly.apigateway.ApigatewayApplicationTests" time="0.022">
    <system-out><![CDATA[2025-05-28T15:17:20.026Z DEBUG 65287 --- [           main] o.s.web.client.RestTemplate              : HTTP POST http://localhost:44125/api/login
2025-05-28T15:17:20.027Z DEBUG 65287 --- [           main] o.s.web.client.RestTemplate              : Accept=[text/plain, application/json, application/*+json, */*]
2025-05-28T15:17:20.027Z DEBUG 65287 --- [           main] o.s.web.client.RestTemplate              : Writing [{"email": "demoadmin@gmail.com", "password": "admin@1234"}] as "application/json"
2025-05-28T15:17:20.028Z DEBUG 65287 --- [or-http-epoll-2] o.s.w.s.adapter.HttpWebHandlerAdapter    : [f9b6e51d-3] HTTP POST "/api/login"
2025-05-28T15:17:20.037Z DEBUG 65287 --- [           main] o.s.web.client.RestTemplate              : Response 200 OK
2025-05-28T15:17:20.037Z DEBUG 65287 --- [or-http-epoll-2] o.s.w.s.adapter.HttpWebHandlerAdapter    : [f9b6e51d-3] Completed 200 OK
2025-05-28T15:17:20.037Z DEBUG 65287 --- [           main] o.s.web.client.RestTemplate              : Reading to [java.lang.String] as "application/json"
]]></system-out>
  </testcase>
  <testcase name="backend_testLoginUser" classname="com.examly.apigateway.ApigatewayApplicationTests" time="0.015">
    <system-out><![CDATA[2025-05-28T15:17:20.046Z DEBUG 65287 --- [           main] o.s.web.client.RestTemplate              : HTTP POST http://localhost:44125/api/login
2025-05-28T15:17:20.046Z DEBUG 65287 --- [           main] o.s.web.client.RestTemplate              : Accept=[text/plain, application/json, application/*+json, */*]
2025-05-28T15:17:20.046Z DEBUG 65287 --- [           main] o.s.web.client.RestTemplate              : Writing [{"email": "demouser@gmail.com", "password": "user@1234"}] as "application/json"
2025-05-28T15:17:20.047Z DEBUG 65287 --- [or-http-epoll-2] o.s.w.s.adapter.HttpWebHandlerAdapter    : [f9b6e51d-4] HTTP POST "/api/login"
2025-05-28T15:17:20.056Z DEBUG 65287 --- [           main] o.s.web.client.RestTemplate              : Response 200 OK
2025-05-28T15:17:20.056Z DEBUG 65287 --- [or-http-epoll-2] o.s.w.s.adapter.HttpWebHandlerAdapter    : [f9b6e51d-4] Completed 200 OK
2025-05-28T15:17:20.056Z DEBUG 65287 --- [           main] o.s.web.client.RestTemplate              : Reading to [java.lang.String] as "application/json"
]]></system-out>
  </testcase>
  <testcase name="backend_testAddBusWithRoleValidation" classname="com.examly.apigateway.ApigatewayApplicationTests" time="0.315">
    <system-out><![CDATA[2025-05-28T15:17:20.062Z DEBUG 65287 --- [           main] o.s.web.client.RestTemplate              : HTTP POST http://localhost:44125/api/bus
2025-05-28T15:17:20.062Z DEBUG 65287 --- [           main] o.s.web.client.RestTemplate              : Accept=[text/plain, application/json, application/*+json, */*]
2025-05-28T15:17:20.063Z DEBUG 65287 --- [           main] o.s.web.client.RestTemplate              : Writing [{"busName": "Express Bus","source": "New York","destination": "Washington D.C.","departureTime": "2025-04-01T08:00","arrivalTime": "2025-04-01T12:00","totalSeats": 50,"availableSeats": 50,"busType": "AC","fare": 25.5,"photo": "image_base64_data","user": {"userId": 1}}] as "application/json"
2025-05-28T15:17:20.064Z DEBUG 65287 --- [or-http-epoll-2] o.s.w.s.adapter.HttpWebHandlerAdapter    : [f9b6e51d-5] HTTP POST "/api/bus"
2025-05-28T15:17:20.348Z DEBUG 65287 --- [           main] o.s.web.client.RestTemplate              : Response 201 CREATED
2025-05-28T15:17:20.349Z DEBUG 65287 --- [or-http-epoll-2] o.s.w.s.adapter.HttpWebHandlerAdapter    : [f9b6e51d-5] Completed 201 CREATED
2025-05-28T15:17:20.349Z DEBUG 65287 --- [           main] o.s.web.client.RestTemplate              : Reading to [java.lang.String] as "application/json"
Response Status (Admin): 201 CREATED
Response Body (Admin): {"busId":1,"busName":"Express Bus","source":"New York","destination":"Washington D.C.","departureTime":"2025-04-01T08:00:00","arrivalTime":"2025-04-01T12:00:00","totalSeats":50,"availableSeats":50,"fare":25.5,"busType":"AC","photo":"image_base64_data"}
2025-05-28T15:17:20.350Z DEBUG 65287 --- [           main] o.s.web.client.RestTemplate              : HTTP POST http://localhost:44125/api/bus
2025-05-28T15:17:20.350Z DEBUG 65287 --- [           main] o.s.web.client.RestTemplate              : Accept=[text/plain, application/json, application/*+json, */*]
2025-05-28T15:17:20.350Z DEBUG 65287 --- [           main] o.s.web.client.RestTemplate              : Writing [{"busName": "Express Bus","source": "New York","destination": "Washington D.C.","departureTime": "2025-04-01T08:00","arrivalTime": "2025-04-01T12:00","totalSeats": 50,"availableSeats": 50,"busType": "AC","fare": 25.5,"photo": "image_base64_data","user": {"userId": 1}}] as "application/json"
2025-05-28T15:17:20.352Z DEBUG 65287 --- [or-http-epoll-2] o.s.w.s.adapter.HttpWebHandlerAdapter    : [f9b6e51d-6] HTTP POST "/api/bus"
2025-05-28T15:17:20.371Z DEBUG 65287 --- [           main] o.s.web.client.RestTemplate              : Response 403 FORBIDDEN
2025-05-28T15:17:20.371Z DEBUG 65287 --- [           main] o.s.web.client.RestTemplate              : Reading to [java.lang.String] as "application/json"
2025-05-28T15:17:20.372Z DEBUG 65287 --- [or-http-epoll-2] o.s.w.s.adapter.HttpWebHandlerAdapter    : [f9b6e51d-6] Completed 403 FORBIDDEN
Response Status (User): 403 FORBIDDEN
Response Body (User): {"timestamp":"2025-05-28T15:17:20.365+00:00","status":403,"error":"Forbidden","message":"Forbidden","path":"/api/bus"}
]]></system-out>
  </testcase>
  <testcase name="backend_testGetBusByIdWithRoleValidation" classname="com.examly.apigateway.ApigatewayApplicationTests" time="0.06">
    <system-out><![CDATA[2025-05-28T15:17:20.377Z DEBUG 65287 --- [           main] o.s.web.client.RestTemplate              : HTTP GET http://localhost:44125/api/bus/1
2025-05-28T15:17:20.377Z DEBUG 65287 --- [           main] o.s.web.client.RestTemplate              : Accept=[text/plain, application/json, application/*+json, */*]
2025-05-28T15:17:20.379Z DEBUG 65287 --- [or-http-epoll-2] o.s.w.s.adapter.HttpWebHandlerAdapter    : [f9b6e51d-7] HTTP GET "/api/bus/1"
2025-05-28T15:17:20.416Z DEBUG 65287 --- [           main] o.s.web.client.RestTemplate              : Response 200 OK
2025-05-28T15:17:20.417Z DEBUG 65287 --- [           main] o.s.web.client.RestTemplate              : Reading to [java.lang.String] as "application/json"
2025-05-28T15:17:20.417Z DEBUG 65287 --- [or-http-epoll-2] o.s.w.s.adapter.HttpWebHandlerAdapter    : [f9b6e51d-7] Completed 200 OK
200 OK Status code for Admin retrieving food
Admin Response JSON: {"busId":1,"busName":"Express Bus","source":"New York","destination":"Washington D.C.","departureTime":"2025-04-01T08:00:00","arrivalTime":"2025-04-01T12:00:00","totalSeats":50,"availableSeats":50,"fare":25.5,"busType":"AC","photo":"image_base64_data"}
2025-05-28T15:17:20.420Z DEBUG 65287 --- [           main] o.s.web.client.RestTemplate              : HTTP GET http://localhost:44125/api/bus/1
2025-05-28T15:17:20.420Z DEBUG 65287 --- [           main] o.s.web.client.RestTemplate              : Accept=[text/plain, application/json, application/*+json, */*]
2025-05-28T15:17:20.421Z DEBUG 65287 --- [or-http-epoll-2] o.s.w.s.adapter.HttpWebHandlerAdapter    : [f9b6e51d-8] HTTP GET "/api/bus/1"
2025-05-28T15:17:20.433Z DEBUG 65287 --- [           main] o.s.web.client.RestTemplate              : Response 200 OK
2025-05-28T15:17:20.433Z DEBUG 65287 --- [or-http-epoll-2] o.s.w.s.adapter.HttpWebHandlerAdapter    : [f9b6e51d-8] Completed 200 OK
2025-05-28T15:17:20.433Z DEBUG 65287 --- [           main] o.s.web.client.RestTemplate              : Reading to [java.lang.String] as "application/json"
200 OK Status code for User retrieving food
]]></system-out>
  </testcase>
  <testcase name="backend_testGetAllBuses" classname="com.examly.apigateway.ApigatewayApplicationTests" time="0.074">
    <system-out><![CDATA[2025-05-28T15:17:20.438Z DEBUG 65287 --- [           main] o.s.web.client.RestTemplate              : HTTP GET http://localhost:44125/api/bus
2025-05-28T15:17:20.438Z DEBUG 65287 --- [           main] o.s.web.client.RestTemplate              : Accept=[text/plain, application/json, application/*+json, */*]
2025-05-28T15:17:20.442Z DEBUG 65287 --- [or-http-epoll-2] o.s.w.s.adapter.HttpWebHandlerAdapter    : [f9b6e51d-9] HTTP GET "/api/bus"
2025-05-28T15:17:20.493Z DEBUG 65287 --- [           main] o.s.web.client.RestTemplate              : Response 200 OK
2025-05-28T15:17:20.493Z DEBUG 65287 --- [or-http-epoll-2] o.s.w.s.adapter.HttpWebHandlerAdapter    : [f9b6e51d-9] Completed 200 OK
2025-05-28T15:17:20.493Z DEBUG 65287 --- [           main] o.s.web.client.RestTemplate              : Reading to [java.lang.String] as "application/json"
200 OK Status code for Admin getting all buses
2025-05-28T15:17:20.495Z DEBUG 65287 --- [           main] o.s.web.client.RestTemplate              : HTTP GET http://localhost:44125/api/bus
2025-05-28T15:17:20.495Z DEBUG 65287 --- [           main] o.s.web.client.RestTemplate              : Accept=[text/plain, application/json, application/*+json, */*]
2025-05-28T15:17:20.496Z DEBUG 65287 --- [or-http-epoll-2] o.s.w.s.adapter.HttpWebHandlerAdapter    : [f9b6e51d-10] HTTP GET "/api/bus"
2025-05-28T15:17:20.508Z DEBUG 65287 --- [           main] o.s.web.client.RestTemplate              : Response 200 OK
2025-05-28T15:17:20.508Z DEBUG 65287 --- [or-http-epoll-2] o.s.w.s.adapter.HttpWebHandlerAdapter    : [f9b6e51d-10] Completed 200 OK
2025-05-28T15:17:20.508Z DEBUG 65287 --- [           main] o.s.web.client.RestTemplate              : Reading to [java.lang.String] as "application/json"
200 OK Status code for User getting all buses
]]></system-out>
  </testcase>
  <testcase name="backend_testUpdateBusWithRoleValidation" classname="com.examly.apigateway.ApigatewayApplicationTests" time="0.031">
    <failure message="expected: &lt;Los Angeles&gt; but was: &lt;New York&gt;" type="org.opentest4j.AssertionFailedError"><![CDATA[org.opentest4j.AssertionFailedError: expected: <Los Angeles> but was: <New York>
	at org.junit.jupiter.api.AssertionFailureBuilder.build(AssertionFailureBuilder.java:151)
	at org.junit.jupiter.api.AssertionFailureBuilder.buildAndThrow(AssertionFailureBuilder.java:132)
	at org.junit.jupiter.api.AssertEquals.failNotEqual(AssertEquals.java:197)
	at org.junit.jupiter.api.AssertEquals.assertEquals(AssertEquals.java:182)
	at org.junit.jupiter.api.AssertEquals.assertEquals(AssertEquals.java:177)
	at org.junit.jupiter.api.Assertions.assertEquals(Assertions.java:1142)
	at com.examly.apigateway.ApigatewayApplicationTests.backend_testUpdateBusWithRoleValidation(ApigatewayApplicationTests.java:276)
	at java.base/jdk.internal.reflect.NativeMethodAccessorImpl.invoke0(Native Method)
	at java.base/jdk.internal.reflect.NativeMethodAccessorImpl.invoke(NativeMethodAccessorImpl.java:77)
	at java.base/jdk.internal.reflect.DelegatingMethodAccessorImpl.invoke(DelegatingMethodAccessorImpl.java:43)
	at java.base/java.lang.reflect.Method.invoke(Method.java:569)
	at org.junit.platform.commons.util.ReflectionUtils.invokeMethod(ReflectionUtils.java:727)
	at org.junit.jupiter.engine.execution.MethodInvocation.proceed(MethodInvocation.java:60)
	at org.junit.jupiter.engine.execution.InvocationInterceptorChain$ValidatingInvocation.proceed(InvocationInterceptorChain.java:131)
	at org.junit.jupiter.engine.extension.TimeoutExtension.intercept(TimeoutExtension.java:156)
	at org.junit.jupiter.engine.extension.TimeoutExtension.interceptTestableMethod(TimeoutExtension.java:147)
	at org.junit.jupiter.engine.extension.TimeoutExtension.interceptTestMethod(TimeoutExtension.java:86)
	at org.junit.jupiter.engine.execution.InterceptingExecutableInvoker$ReflectiveInterceptorCall.lambda$ofVoidMethod$0(InterceptingExecutableInvoker.java:103)
	at org.junit.jupiter.engine.execution.InterceptingExecutableInvoker.lambda$invoke$0(InterceptingExecutableInvoker.java:93)
	at org.junit.jupiter.engine.execution.InvocationInterceptorChain$InterceptedInvocation.proceed(InvocationInterceptorChain.java:106)
	at org.junit.jupiter.engine.execution.InvocationInterceptorChain.proceed(InvocationInterceptorChain.java:64)
	at org.junit.jupiter.engine.execution.InvocationInterceptorChain.chainAndInvoke(InvocationInterceptorChain.java:45)
	at org.junit.jupiter.engine.execution.InvocationInterceptorChain.invoke(InvocationInterceptorChain.java:37)
	at org.junit.jupiter.engine.execution.InterceptingExecutableInvoker.invoke(InterceptingExecutableInvoker.java:92)
	at org.junit.jupiter.engine.execution.InterceptingExecutableInvoker.invoke(InterceptingExecutableInvoker.java:86)
	at org.junit.jupiter.engine.descriptor.TestMethodTestDescriptor.lambda$invokeTestMethod$7(TestMethodTestDescriptor.java:217)
	at org.junit.platform.engine.support.hierarchical.ThrowableCollector.execute(ThrowableCollector.java:73)
	at org.junit.jupiter.engine.descriptor.TestMethodTestDescriptor.invokeTestMethod(TestMethodTestDescriptor.java:213)
	at org.junit.jupiter.engine.descriptor.TestMethodTestDescriptor.execute(TestMethodTestDescriptor.java:138)
	at org.junit.jupiter.engine.descriptor.TestMethodTestDescriptor.execute(TestMethodTestDescriptor.java:68)
	at org.junit.platform.engine.support.hierarchical.NodeTestTask.lambda$executeRecursively$6(NodeTestTask.java:151)
	at org.junit.platform.engine.support.hierarchical.ThrowableCollector.execute(ThrowableCollector.java:73)
	at org.junit.platform.engine.support.hierarchical.NodeTestTask.lambda$executeRecursively$8(NodeTestTask.java:141)
	at org.junit.platform.engine.support.hierarchical.Node.around(Node.java:137)
	at org.junit.platform.engine.support.hierarchical.NodeTestTask.lambda$executeRecursively$9(NodeTestTask.java:139)
	at org.junit.platform.engine.support.hierarchical.ThrowableCollector.execute(ThrowableCollector.java:73)
	at org.junit.platform.engine.support.hierarchical.NodeTestTask.executeRecursively(NodeTestTask.java:138)
	at org.junit.platform.engine.support.hierarchical.NodeTestTask.execute(NodeTestTask.java:95)
	at java.base/java.util.ArrayList.forEach(ArrayList.java:1511)
	at org.junit.platform.engine.support.hierarchical.SameThreadHierarchicalTestExecutorService.invokeAll(SameThreadHierarchicalTestExecutorService.java:41)
	at org.junit.platform.engine.support.hierarchical.NodeTestTask.lambda$executeRecursively$6(NodeTestTask.java:155)
	at org.junit.platform.engine.support.hierarchical.ThrowableCollector.execute(ThrowableCollector.java:73)
	at org.junit.platform.engine.support.hierarchical.NodeTestTask.lambda$executeRecursively$8(NodeTestTask.java:141)
	at org.junit.platform.engine.support.hierarchical.Node.around(Node.java:137)
	at org.junit.platform.engine.support.hierarchical.NodeTestTask.lambda$executeRecursively$9(NodeTestTask.java:139)
	at org.junit.platform.engine.support.hierarchical.ThrowableCollector.execute(ThrowableCollector.java:73)
	at org.junit.platform.engine.support.hierarchical.NodeTestTask.executeRecursively(NodeTestTask.java:138)
	at org.junit.platform.engine.support.hierarchical.NodeTestTask.execute(NodeTestTask.java:95)
	at java.base/java.util.ArrayList.forEach(ArrayList.java:1511)
	at org.junit.platform.engine.support.hierarchical.SameThreadHierarchicalTestExecutorService.invokeAll(SameThreadHierarchicalTestExecutorService.java:41)
	at org.junit.platform.engine.support.hierarchical.NodeTestTask.lambda$executeRecursively$6(NodeTestTask.java:155)
	at org.junit.platform.engine.support.hierarchical.ThrowableCollector.execute(ThrowableCollector.java:73)
	at org.junit.platform.engine.support.hierarchical.NodeTestTask.lambda$executeRecursively$8(NodeTestTask.java:141)
	at org.junit.platform.engine.support.hierarchical.Node.around(Node.java:137)
	at org.junit.platform.engine.support.hierarchical.NodeTestTask.lambda$executeRecursively$9(NodeTestTask.java:139)
	at org.junit.platform.engine.support.hierarchical.ThrowableCollector.execute(ThrowableCollector.java:73)
	at org.junit.platform.engine.support.hierarchical.NodeTestTask.executeRecursively(NodeTestTask.java:138)
	at org.junit.platform.engine.support.hierarchical.NodeTestTask.execute(NodeTestTask.java:95)
	at org.junit.platform.engine.support.hierarchical.SameThreadHierarchicalTestExecutorService.submit(SameThreadHierarchicalTestExecutorService.java:35)
	at org.junit.platform.engine.support.hierarchical.HierarchicalTestExecutor.execute(HierarchicalTestExecutor.java:57)
	at org.junit.platform.engine.support.hierarchical.HierarchicalTestEngine.execute(HierarchicalTestEngine.java:54)
	at org.junit.platform.launcher.core.EngineExecutionOrchestrator.execute(EngineExecutionOrchestrator.java:147)
	at org.junit.platform.launcher.core.EngineExecutionOrchestrator.execute(EngineExecutionOrchestrator.java:127)
	at org.junit.platform.launcher.core.EngineExecutionOrchestrator.execute(EngineExecutionOrchestrator.java:90)
	at org.junit.platform.launcher.core.EngineExecutionOrchestrator.lambda$execute$0(EngineExecutionOrchestrator.java:55)
	at org.junit.platform.launcher.core.EngineExecutionOrchestrator.withInterceptedStreams(EngineExecutionOrchestrator.java:102)
	at org.junit.platform.launcher.core.EngineExecutionOrchestrator.execute(EngineExecutionOrchestrator.java:54)
	at org.junit.platform.launcher.core.DefaultLauncher.execute(DefaultLauncher.java:114)
	at org.junit.platform.launcher.core.DefaultLauncher.execute(DefaultLauncher.java:86)
	at org.junit.platform.launcher.core.DefaultLauncherSession$DelegatingLauncher.execute(DefaultLauncherSession.java:86)
	at org.apache.maven.surefire.junitplatform.LazyLauncher.execute(LazyLauncher.java:50)
	at org.apache.maven.surefire.junitplatform.JUnitPlatformProvider.execute(JUnitPlatformProvider.java:184)
	at org.apache.maven.surefire.junitplatform.JUnitPlatformProvider.invokeAllTests(JUnitPlatformProvider.java:148)
	at org.apache.maven.surefire.junitplatform.JUnitPlatformProvider.invoke(JUnitPlatformProvider.java:122)
	at org.apache.maven.surefire.booter.ForkedBooter.runSuitesInProcess(ForkedBooter.java:385)
	at org.apache.maven.surefire.booter.ForkedBooter.execute(ForkedBooter.java:162)
	at org.apache.maven.surefire.booter.ForkedBooter.run(ForkedBooter.java:507)
	at org.apache.maven.surefire.booter.ForkedBooter.main(ForkedBooter.java:495)
]]></failure>
    <system-out><![CDATA[2025-05-28T15:17:20.513Z DEBUG 65287 --- [           main] o.s.web.client.RestTemplate              : HTTP PUT http://localhost:44125/api/bus/1
2025-05-28T15:17:20.513Z DEBUG 65287 --- [           main] o.s.web.client.RestTemplate              : Accept=[text/plain, application/json, application/*+json, */*]
2025-05-28T15:17:20.513Z DEBUG 65287 --- [           main] o.s.web.client.RestTemplate              : Writing [{"busId": 1,"busName": "Updated Express Bus","source": "Los Angeles","destination": "San Francisco","departureTime": "2025-04-05T10:00","arrivalTime": "2025-04-05T15:00","totalSeats": 45,"availableSeats": 40,"busType": "Sleeper","fare": 35.0,"photo": "updatedBase64String","user": {"userId": 1}}] as "application/json"
2025-05-28T15:17:20.515Z DEBUG 65287 --- [or-http-epoll-2] o.s.w.s.adapter.HttpWebHandlerAdapter    : [f9b6e51d-11] HTTP PUT "/api/bus/1"
2025-05-28T15:17:20.537Z DEBUG 65287 --- [           main] o.s.web.client.RestTemplate              : Response 200 OK
2025-05-28T15:17:20.537Z DEBUG 65287 --- [or-http-epoll-2] o.s.w.s.adapter.HttpWebHandlerAdapter    : [f9b6e51d-11] Completed 200 OK
2025-05-28T15:17:20.537Z DEBUG 65287 --- [           main] o.s.web.client.RestTemplate              : Reading to [java.lang.String] as "application/json"
200 OK Status code for Admin updating bus
]]></system-out>
  </testcase>
  <testcase name="backend_testUserCanAddBooking" classname="com.examly.apigateway.ApigatewayApplicationTests" time="0.085">
    <system-out><![CDATA[2025-05-28T15:17:20.546Z DEBUG 65287 --- [           main] o.s.web.client.RestTemplate              : HTTP POST http://localhost:44125/api/bookings
2025-05-28T15:17:20.547Z DEBUG 65287 --- [           main] o.s.web.client.RestTemplate              : Accept=[text/plain, application/json, application/*+json, */*]
2025-05-28T15:17:20.547Z DEBUG 65287 --- [           main] o.s.web.client.RestTemplate              : Writing [{"bookingDate": "2025-04-10","numberOfSeats": 2,"seatNumbers": [5, 6],"status": "CONFIRMED","user": {"userId": 2},"bus": {"busId": 1}}] as "application/json"
2025-05-28T15:17:20.548Z DEBUG 65287 --- [or-http-epoll-2] o.s.w.s.adapter.HttpWebHandlerAdapter    : [f9b6e51d-12] HTTP POST "/api/bookings"
2025-05-28T15:17:20.614Z DEBUG 65287 --- [           main] o.s.web.client.RestTemplate              : Response 201 CREATED
2025-05-28T15:17:20.614Z DEBUG 65287 --- [           main] o.s.web.client.RestTemplate              : Reading to [java.lang.String] as "application/json"
2025-05-28T15:17:20.615Z DEBUG 65287 --- [or-http-epoll-2] o.s.w.s.adapter.HttpWebHandlerAdapter    : [f9b6e51d-12] Completed 201 CREATED
201 CREATED Status code for User adding booking
2025-05-28T15:17:20.616Z DEBUG 65287 --- [           main] o.s.web.client.RestTemplate              : HTTP POST http://localhost:44125/api/bookings
2025-05-28T15:17:20.616Z DEBUG 65287 --- [           main] o.s.web.client.RestTemplate              : Accept=[text/plain, application/json, application/*+json, */*]
2025-05-28T15:17:20.616Z DEBUG 65287 --- [           main] o.s.web.client.RestTemplate              : Writing [{"bookingDate": "2025-04-10","numberOfSeats": 2,"seatNumbers": [5, 6],"status": "CONFIRMED","user": {"userId": 2},"bus": {"busId": 1}}] as "application/json"
2025-05-28T15:17:20.617Z DEBUG 65287 --- [or-http-epoll-2] o.s.w.s.adapter.HttpWebHandlerAdapter    : [f9b6e51d-13] HTTP POST "/api/bookings"
2025-05-28T15:17:20.627Z DEBUG 65287 --- [           main] o.s.web.client.RestTemplate              : Response 403 FORBIDDEN
2025-05-28T15:17:20.627Z DEBUG 65287 --- [           main] o.s.web.client.RestTemplate              : Reading to [java.lang.String] as "application/json"
2025-05-28T15:17:20.627Z DEBUG 65287 --- [or-http-epoll-2] o.s.w.s.adapter.HttpWebHandlerAdapter    : [f9b6e51d-13] Completed 403 FORBIDDEN
403 FORBIDDEN Status code for Admin trying to add a booking
]]></system-out>
  </testcase>
  <testcase name="backend_testAdminCanUpdateBooking" classname="com.examly.apigateway.ApigatewayApplicationTests" time="0.055">
    <failure message="expected: &lt;200 OK&gt; but was: &lt;500 INTERNAL_SERVER_ERROR&gt;" type="org.opentest4j.AssertionFailedError"><![CDATA[org.opentest4j.AssertionFailedError: expected: <200 OK> but was: <500 INTERNAL_SERVER_ERROR>
	at org.junit.jupiter.api.AssertionFailureBuilder.build(AssertionFailureBuilder.java:151)
	at org.junit.jupiter.api.AssertionFailureBuilder.buildAndThrow(AssertionFailureBuilder.java:132)
	at org.junit.jupiter.api.AssertEquals.failNotEqual(AssertEquals.java:197)
	at org.junit.jupiter.api.AssertEquals.assertEquals(AssertEquals.java:182)
	at org.junit.jupiter.api.AssertEquals.assertEquals(AssertEquals.java:177)
	at org.junit.jupiter.api.Assertions.assertEquals(Assertions.java:1142)
	at com.examly.apigateway.ApigatewayApplicationTests.backend_testAdminCanUpdateBooking(ApigatewayApplicationTests.java:367)
	at java.base/jdk.internal.reflect.NativeMethodAccessorImpl.invoke0(Native Method)
	at java.base/jdk.internal.reflect.NativeMethodAccessorImpl.invoke(NativeMethodAccessorImpl.java:77)
	at java.base/jdk.internal.reflect.DelegatingMethodAccessorImpl.invoke(DelegatingMethodAccessorImpl.java:43)
	at java.base/java.lang.reflect.Method.invoke(Method.java:569)
	at org.junit.platform.commons.util.ReflectionUtils.invokeMethod(ReflectionUtils.java:727)
	at org.junit.jupiter.engine.execution.MethodInvocation.proceed(MethodInvocation.java:60)
	at org.junit.jupiter.engine.execution.InvocationInterceptorChain$ValidatingInvocation.proceed(InvocationInterceptorChain.java:131)
	at org.junit.jupiter.engine.extension.TimeoutExtension.intercept(TimeoutExtension.java:156)
	at org.junit.jupiter.engine.extension.TimeoutExtension.interceptTestableMethod(TimeoutExtension.java:147)
	at org.junit.jupiter.engine.extension.TimeoutExtension.interceptTestMethod(TimeoutExtension.java:86)
	at org.junit.jupiter.engine.execution.InterceptingExecutableInvoker$ReflectiveInterceptorCall.lambda$ofVoidMethod$0(InterceptingExecutableInvoker.java:103)
	at org.junit.jupiter.engine.execution.InterceptingExecutableInvoker.lambda$invoke$0(InterceptingExecutableInvoker.java:93)
	at org.junit.jupiter.engine.execution.InvocationInterceptorChain$InterceptedInvocation.proceed(InvocationInterceptorChain.java:106)
	at org.junit.jupiter.engine.execution.InvocationInterceptorChain.proceed(InvocationInterceptorChain.java:64)
	at org.junit.jupiter.engine.execution.InvocationInterceptorChain.chainAndInvoke(InvocationInterceptorChain.java:45)
	at org.junit.jupiter.engine.execution.InvocationInterceptorChain.invoke(InvocationInterceptorChain.java:37)
	at org.junit.jupiter.engine.execution.InterceptingExecutableInvoker.invoke(InterceptingExecutableInvoker.java:92)
	at org.junit.jupiter.engine.execution.InterceptingExecutableInvoker.invoke(InterceptingExecutableInvoker.java:86)
	at org.junit.jupiter.engine.descriptor.TestMethodTestDescriptor.lambda$invokeTestMethod$7(TestMethodTestDescriptor.java:217)
	at org.junit.platform.engine.support.hierarchical.ThrowableCollector.execute(ThrowableCollector.java:73)
	at org.junit.jupiter.engine.descriptor.TestMethodTestDescriptor.invokeTestMethod(TestMethodTestDescriptor.java:213)
	at org.junit.jupiter.engine.descriptor.TestMethodTestDescriptor.execute(TestMethodTestDescriptor.java:138)
	at org.junit.jupiter.engine.descriptor.TestMethodTestDescriptor.execute(TestMethodTestDescriptor.java:68)
	at org.junit.platform.engine.support.hierarchical.NodeTestTask.lambda$executeRecursively$6(NodeTestTask.java:151)
	at org.junit.platform.engine.support.hierarchical.ThrowableCollector.execute(ThrowableCollector.java:73)
	at org.junit.platform.engine.support.hierarchical.NodeTestTask.lambda$executeRecursively$8(NodeTestTask.java:141)
	at org.junit.platform.engine.support.hierarchical.Node.around(Node.java:137)
	at org.junit.platform.engine.support.hierarchical.NodeTestTask.lambda$executeRecursively$9(NodeTestTask.java:139)
	at org.junit.platform.engine.support.hierarchical.ThrowableCollector.execute(ThrowableCollector.java:73)
	at org.junit.platform.engine.support.hierarchical.NodeTestTask.executeRecursively(NodeTestTask.java:138)
	at org.junit.platform.engine.support.hierarchical.NodeTestTask.execute(NodeTestTask.java:95)
	at java.base/java.util.ArrayList.forEach(ArrayList.java:1511)
	at org.junit.platform.engine.support.hierarchical.SameThreadHierarchicalTestExecutorService.invokeAll(SameThreadHierarchicalTestExecutorService.java:41)
	at org.junit.platform.engine.support.hierarchical.NodeTestTask.lambda$executeRecursively$6(NodeTestTask.java:155)
	at org.junit.platform.engine.support.hierarchical.ThrowableCollector.execute(ThrowableCollector.java:73)
	at org.junit.platform.engine.support.hierarchical.NodeTestTask.lambda$executeRecursively$8(NodeTestTask.java:141)
	at org.junit.platform.engine.support.hierarchical.Node.around(Node.java:137)
	at org.junit.platform.engine.support.hierarchical.NodeTestTask.lambda$executeRecursively$9(NodeTestTask.java:139)
	at org.junit.platform.engine.support.hierarchical.ThrowableCollector.execute(ThrowableCollector.java:73)
	at org.junit.platform.engine.support.hierarchical.NodeTestTask.executeRecursively(NodeTestTask.java:138)
	at org.junit.platform.engine.support.hierarchical.NodeTestTask.execute(NodeTestTask.java:95)
	at java.base/java.util.ArrayList.forEach(ArrayList.java:1511)
	at org.junit.platform.engine.support.hierarchical.SameThreadHierarchicalTestExecutorService.invokeAll(SameThreadHierarchicalTestExecutorService.java:41)
	at org.junit.platform.engine.support.hierarchical.NodeTestTask.lambda$executeRecursively$6(NodeTestTask.java:155)
	at org.junit.platform.engine.support.hierarchical.ThrowableCollector.execute(ThrowableCollector.java:73)
	at org.junit.platform.engine.support.hierarchical.NodeTestTask.lambda$executeRecursively$8(NodeTestTask.java:141)
	at org.junit.platform.engine.support.hierarchical.Node.around(Node.java:137)
	at org.junit.platform.engine.support.hierarchical.NodeTestTask.lambda$executeRecursively$9(NodeTestTask.java:139)
	at org.junit.platform.engine.support.hierarchical.ThrowableCollector.execute(ThrowableCollector.java:73)
	at org.junit.platform.engine.support.hierarchical.NodeTestTask.executeRecursively(NodeTestTask.java:138)
	at org.junit.platform.engine.support.hierarchical.NodeTestTask.execute(NodeTestTask.java:95)
	at org.junit.platform.engine.support.hierarchical.SameThreadHierarchicalTestExecutorService.submit(SameThreadHierarchicalTestExecutorService.java:35)
	at org.junit.platform.engine.support.hierarchical.HierarchicalTestExecutor.execute(HierarchicalTestExecutor.java:57)
	at org.junit.platform.engine.support.hierarchical.HierarchicalTestEngine.execute(HierarchicalTestEngine.java:54)
	at org.junit.platform.launcher.core.EngineExecutionOrchestrator.execute(EngineExecutionOrchestrator.java:147)
	at org.junit.platform.launcher.core.EngineExecutionOrchestrator.execute(EngineExecutionOrchestrator.java:127)
	at org.junit.platform.launcher.core.EngineExecutionOrchestrator.execute(EngineExecutionOrchestrator.java:90)
	at org.junit.platform.launcher.core.EngineExecutionOrchestrator.lambda$execute$0(EngineExecutionOrchestrator.java:55)
	at org.junit.platform.launcher.core.EngineExecutionOrchestrator.withInterceptedStreams(EngineExecutionOrchestrator.java:102)
	at org.junit.platform.launcher.core.EngineExecutionOrchestrator.execute(EngineExecutionOrchestrator.java:54)
	at org.junit.platform.launcher.core.DefaultLauncher.execute(DefaultLauncher.java:114)
	at org.junit.platform.launcher.core.DefaultLauncher.execute(DefaultLauncher.java:86)
	at org.junit.platform.launcher.core.DefaultLauncherSession$DelegatingLauncher.execute(DefaultLauncherSession.java:86)
	at org.apache.maven.surefire.junitplatform.LazyLauncher.execute(LazyLauncher.java:50)
	at org.apache.maven.surefire.junitplatform.JUnitPlatformProvider.execute(JUnitPlatformProvider.java:184)
	at org.apache.maven.surefire.junitplatform.JUnitPlatformProvider.invokeAllTests(JUnitPlatformProvider.java:148)
	at org.apache.maven.surefire.junitplatform.JUnitPlatformProvider.invoke(JUnitPlatformProvider.java:122)
	at org.apache.maven.surefire.booter.ForkedBooter.runSuitesInProcess(ForkedBooter.java:385)
	at org.apache.maven.surefire.booter.ForkedBooter.execute(ForkedBooter.java:162)
	at org.apache.maven.surefire.booter.ForkedBooter.run(ForkedBooter.java:507)
	at org.apache.maven.surefire.booter.ForkedBooter.main(ForkedBooter.java:495)
]]></failure>
    <system-out><![CDATA[2025-05-28T15:17:20.631Z DEBUG 65287 --- [           main] o.s.web.client.RestTemplate              : HTTP PUT http://localhost:44125/api/bookings/1
2025-05-28T15:17:20.632Z DEBUG 65287 --- [           main] o.s.web.client.RestTemplate              : Accept=[text/plain, application/json, application/*+json, */*]
2025-05-28T15:17:20.632Z DEBUG 65287 --- [           main] o.s.web.client.RestTemplate              : Writing [{"bookingId": 1,"bookingDate": "2025-04-15","numberOfSeats": 3,"seatNumbers": [7, 8, 9],"status": "CONFIRMED","user": {"userId": 1}}] as "application/json"
2025-05-28T15:17:20.633Z DEBUG 65287 --- [or-http-epoll-2] o.s.w.s.adapter.HttpWebHandlerAdapter    : [f9b6e51d-14] HTTP PUT "/api/bookings/1"
2025-05-28T15:17:20.677Z DEBUG 65287 --- [           main] o.s.web.client.RestTemplate              : Response 500 INTERNAL_SERVER_ERROR
2025-05-28T15:17:20.679Z DEBUG 65287 --- [           main] o.s.web.client.RestTemplate              : Reading to [java.lang.String] as "application/json"
2025-05-28T15:17:20.680Z DEBUG 65287 --- [or-http-epoll-2] o.s.w.s.adapter.HttpWebHandlerAdapter    : [f9b6e51d-14] Completed 500 INTERNAL_SERVER_ERROR
500 INTERNAL_SERVER_ERROR Status code for Admin updating booking
]]></system-out>
  </testcase>
  <testcase name="backend_testRoleBasedAccessForViewingAllBookings" classname="com.examly.apigateway.ApigatewayApplicationTests" time="0.035">
    <system-out><![CDATA[2025-05-28T15:17:20.687Z DEBUG 65287 --- [           main] o.s.web.client.RestTemplate              : HTTP GET http://localhost:44125/api/bookings
2025-05-28T15:17:20.687Z DEBUG 65287 --- [           main] o.s.web.client.RestTemplate              : Accept=[text/plain, application/json, application/*+json, */*]
2025-05-28T15:17:20.688Z DEBUG 65287 --- [or-http-epoll-2] o.s.w.s.adapter.HttpWebHandlerAdapter    : [f9b6e51d-15] HTTP GET "/api/bookings"
2025-05-28T15:17:20.707Z DEBUG 65287 --- [           main] o.s.web.client.RestTemplate              : Response 200 OK
2025-05-28T15:17:20.708Z DEBUG 65287 --- [           main] o.s.web.client.RestTemplate              : Reading to [java.lang.String] as "application/json"
2025-05-28T15:17:20.708Z DEBUG 65287 --- [or-http-epoll-2] o.s.w.s.adapter.HttpWebHandlerAdapter    : [f9b6e51d-15] Completed 200 OK
200 OK Status code for Admin viewing all bookings
Admin View Bookings Response JSON: [{"bookingId":1,"bookingDate":"2025-04-10","numberOfSeats":2,"seatNumbers":[5,6],"status":"CONFIRMED","user":null,"bus":{"busId":1,"busName":"Updated Express Bus","source":"New York","destination":"San Francisco","departureTime":"2025-04-05T10:00:00","arrivalTime":"2025-04-05T15:00:00","totalSeats":45,"availableSeats":40,"fare":35.0,"busType":"Sleeper","photo":"updatedBase64String"}}]
2025-05-28T15:17:20.709Z DEBUG 65287 --- [           main] o.s.web.client.RestTemplate              : HTTP GET http://localhost:44125/api/bookings
2025-05-28T15:17:20.709Z DEBUG 65287 --- [           main] o.s.web.client.RestTemplate              : Accept=[text/plain, application/json, application/*+json, */*]
2025-05-28T15:17:20.710Z DEBUG 65287 --- [or-http-epoll-2] o.s.w.s.adapter.HttpWebHandlerAdapter    : [f9b6e51d-16] HTTP GET "/api/bookings"
2025-05-28T15:17:20.718Z DEBUG 65287 --- [           main] o.s.web.client.RestTemplate              : Response 403 FORBIDDEN
2025-05-28T15:17:20.718Z DEBUG 65287 --- [           main] o.s.web.client.RestTemplate              : Reading to [java.lang.String] as "application/json"
2025-05-28T15:17:20.718Z DEBUG 65287 --- [or-http-epoll-2] o.s.w.s.adapter.HttpWebHandlerAdapter    : [f9b6e51d-16] Completed 403 FORBIDDEN
403 FORBIDDEN Status code for User trying to view all bookings
]]></system-out>
  </testcase>
  <testcase name="backend_testUserCanViewOwnBookings" classname="com.examly.apigateway.ApigatewayApplicationTests" time="0.033">
    <system-out><![CDATA[2025-05-28T15:17:20.723Z DEBUG 65287 --- [           main] o.s.web.client.RestTemplate              : HTTP GET http://localhost:44125/api/bookings/user/2
2025-05-28T15:17:20.723Z DEBUG 65287 --- [           main] o.s.web.client.RestTemplate              : Accept=[text/plain, application/json, application/*+json, */*]
2025-05-28T15:17:20.724Z DEBUG 65287 --- [or-http-epoll-2] o.s.w.s.adapter.HttpWebHandlerAdapter    : [f9b6e51d-17] HTTP GET "/api/bookings/user/2"
2025-05-28T15:17:20.741Z DEBUG 65287 --- [           main] o.s.web.client.RestTemplate              : Response 200 OK
2025-05-28T15:17:20.742Z DEBUG 65287 --- [or-http-epoll-2] o.s.w.s.adapter.HttpWebHandlerAdapter    : [f9b6e51d-17] Completed 200 OK
2025-05-28T15:17:20.742Z DEBUG 65287 --- [           main] o.s.web.client.RestTemplate              : Reading to [java.lang.String] as "application/json"
200 OK Status code for User viewing their own bookings
User View Own Bookings Response JSON: []
2025-05-28T15:17:20.742Z DEBUG 65287 --- [           main] o.s.web.client.RestTemplate              : HTTP GET http://localhost:44125/api/bookings/user/2
2025-05-28T15:17:20.742Z DEBUG 65287 --- [           main] o.s.web.client.RestTemplate              : Accept=[text/plain, application/json, application/*+json, */*]
2025-05-28T15:17:20.743Z DEBUG 65287 --- [or-http-epoll-2] o.s.w.s.adapter.HttpWebHandlerAdapter    : [f9b6e51d-18] HTTP GET "/api/bookings/user/2"
2025-05-28T15:17:20.751Z DEBUG 65287 --- [           main] o.s.web.client.RestTemplate              : Response 403 FORBIDDEN
2025-05-28T15:17:20.752Z DEBUG 65287 --- [           main] o.s.web.client.RestTemplate              : Reading to [java.lang.String] as "application/json"
2025-05-28T15:17:20.752Z DEBUG 65287 --- [or-http-epoll-2] o.s.w.s.adapter.HttpWebHandlerAdapter    : [f9b6e51d-18] Completed 403 FORBIDDEN
403 FORBIDDEN Status code for Admin trying to add a booking
]]></system-out>
  </testcase>
  <testcase name="backend_testAddFeedbackWithRoleValidation" classname="com.examly.apigateway.ApigatewayApplicationTests" time="0.015">
    <failure message="expected: &lt;201 CREATED&gt; but was: &lt;403 FORBIDDEN&gt;" type="org.opentest4j.AssertionFailedError"><![CDATA[org.opentest4j.AssertionFailedError: expected: <201 CREATED> but was: <403 FORBIDDEN>
	at org.junit.jupiter.api.AssertionFailureBuilder.build(AssertionFailureBuilder.java:151)
	at org.junit.jupiter.api.AssertionFailureBuilder.buildAndThrow(AssertionFailureBuilder.java:132)
	at org.junit.jupiter.api.AssertEquals.failNotEqual(AssertEquals.java:197)
	at org.junit.jupiter.api.AssertEquals.assertEquals(AssertEquals.java:182)
	at org.junit.jupiter.api.AssertEquals.assertEquals(AssertEquals.java:177)
	at org.junit.jupiter.api.Assertions.assertEquals(Assertions.java:1142)
	at com.examly.apigateway.ApigatewayApplicationTests.backend_testAddFeedbackWithRoleValidation(ApigatewayApplicationTests.java:483)
	at java.base/jdk.internal.reflect.NativeMethodAccessorImpl.invoke0(Native Method)
	at java.base/jdk.internal.reflect.NativeMethodAccessorImpl.invoke(NativeMethodAccessorImpl.java:77)
	at java.base/jdk.internal.reflect.DelegatingMethodAccessorImpl.invoke(DelegatingMethodAccessorImpl.java:43)
	at java.base/java.lang.reflect.Method.invoke(Method.java:569)
	at org.junit.platform.commons.util.ReflectionUtils.invokeMethod(ReflectionUtils.java:727)
	at org.junit.jupiter.engine.execution.MethodInvocation.proceed(MethodInvocation.java:60)
	at org.junit.jupiter.engine.execution.InvocationInterceptorChain$ValidatingInvocation.proceed(InvocationInterceptorChain.java:131)
	at org.junit.jupiter.engine.extension.TimeoutExtension.intercept(TimeoutExtension.java:156)
	at org.junit.jupiter.engine.extension.TimeoutExtension.interceptTestableMethod(TimeoutExtension.java:147)
	at org.junit.jupiter.engine.extension.TimeoutExtension.interceptTestMethod(TimeoutExtension.java:86)
	at org.junit.jupiter.engine.execution.InterceptingExecutableInvoker$ReflectiveInterceptorCall.lambda$ofVoidMethod$0(InterceptingExecutableInvoker.java:103)
	at org.junit.jupiter.engine.execution.InterceptingExecutableInvoker.lambda$invoke$0(InterceptingExecutableInvoker.java:93)
	at org.junit.jupiter.engine.execution.InvocationInterceptorChain$InterceptedInvocation.proceed(InvocationInterceptorChain.java:106)
	at org.junit.jupiter.engine.execution.InvocationInterceptorChain.proceed(InvocationInterceptorChain.java:64)
	at org.junit.jupiter.engine.execution.InvocationInterceptorChain.chainAndInvoke(InvocationInterceptorChain.java:45)
	at org.junit.jupiter.engine.execution.InvocationInterceptorChain.invoke(InvocationInterceptorChain.java:37)
	at org.junit.jupiter.engine.execution.InterceptingExecutableInvoker.invoke(InterceptingExecutableInvoker.java:92)
	at org.junit.jupiter.engine.execution.InterceptingExecutableInvoker.invoke(InterceptingExecutableInvoker.java:86)
	at org.junit.jupiter.engine.descriptor.TestMethodTestDescriptor.lambda$invokeTestMethod$7(TestMethodTestDescriptor.java:217)
	at org.junit.platform.engine.support.hierarchical.ThrowableCollector.execute(ThrowableCollector.java:73)
	at org.junit.jupiter.engine.descriptor.TestMethodTestDescriptor.invokeTestMethod(TestMethodTestDescriptor.java:213)
	at org.junit.jupiter.engine.descriptor.TestMethodTestDescriptor.execute(TestMethodTestDescriptor.java:138)
	at org.junit.jupiter.engine.descriptor.TestMethodTestDescriptor.execute(TestMethodTestDescriptor.java:68)
	at org.junit.platform.engine.support.hierarchical.NodeTestTask.lambda$executeRecursively$6(NodeTestTask.java:151)
	at org.junit.platform.engine.support.hierarchical.ThrowableCollector.execute(ThrowableCollector.java:73)
	at org.junit.platform.engine.support.hierarchical.NodeTestTask.lambda$executeRecursively$8(NodeTestTask.java:141)
	at org.junit.platform.engine.support.hierarchical.Node.around(Node.java:137)
	at org.junit.platform.engine.support.hierarchical.NodeTestTask.lambda$executeRecursively$9(NodeTestTask.java:139)
	at org.junit.platform.engine.support.hierarchical.ThrowableCollector.execute(ThrowableCollector.java:73)
	at org.junit.platform.engine.support.hierarchical.NodeTestTask.executeRecursively(NodeTestTask.java:138)
	at org.junit.platform.engine.support.hierarchical.NodeTestTask.execute(NodeTestTask.java:95)
	at java.base/java.util.ArrayList.forEach(ArrayList.java:1511)
	at org.junit.platform.engine.support.hierarchical.SameThreadHierarchicalTestExecutorService.invokeAll(SameThreadHierarchicalTestExecutorService.java:41)
	at org.junit.platform.engine.support.hierarchical.NodeTestTask.lambda$executeRecursively$6(NodeTestTask.java:155)
	at org.junit.platform.engine.support.hierarchical.ThrowableCollector.execute(ThrowableCollector.java:73)
	at org.junit.platform.engine.support.hierarchical.NodeTestTask.lambda$executeRecursively$8(NodeTestTask.java:141)
	at org.junit.platform.engine.support.hierarchical.Node.around(Node.java:137)
	at org.junit.platform.engine.support.hierarchical.NodeTestTask.lambda$executeRecursively$9(NodeTestTask.java:139)
	at org.junit.platform.engine.support.hierarchical.ThrowableCollector.execute(ThrowableCollector.java:73)
	at org.junit.platform.engine.support.hierarchical.NodeTestTask.executeRecursively(NodeTestTask.java:138)
	at org.junit.platform.engine.support.hierarchical.NodeTestTask.execute(NodeTestTask.java:95)
	at java.base/java.util.ArrayList.forEach(ArrayList.java:1511)
	at org.junit.platform.engine.support.hierarchical.SameThreadHierarchicalTestExecutorService.invokeAll(SameThreadHierarchicalTestExecutorService.java:41)
	at org.junit.platform.engine.support.hierarchical.NodeTestTask.lambda$executeRecursively$6(NodeTestTask.java:155)
	at org.junit.platform.engine.support.hierarchical.ThrowableCollector.execute(ThrowableCollector.java:73)
	at org.junit.platform.engine.support.hierarchical.NodeTestTask.lambda$executeRecursively$8(NodeTestTask.java:141)
	at org.junit.platform.engine.support.hierarchical.Node.around(Node.java:137)
	at org.junit.platform.engine.support.hierarchical.NodeTestTask.lambda$executeRecursively$9(NodeTestTask.java:139)
	at org.junit.platform.engine.support.hierarchical.ThrowableCollector.execute(ThrowableCollector.java:73)
	at org.junit.platform.engine.support.hierarchical.NodeTestTask.executeRecursively(NodeTestTask.java:138)
	at org.junit.platform.engine.support.hierarchical.NodeTestTask.execute(NodeTestTask.java:95)
	at org.junit.platform.engine.support.hierarchical.SameThreadHierarchicalTestExecutorService.submit(SameThreadHierarchicalTestExecutorService.java:35)
	at org.junit.platform.engine.support.hierarchical.HierarchicalTestExecutor.execute(HierarchicalTestExecutor.java:57)
	at org.junit.platform.engine.support.hierarchical.HierarchicalTestEngine.execute(HierarchicalTestEngine.java:54)
	at org.junit.platform.launcher.core.EngineExecutionOrchestrator.execute(EngineExecutionOrchestrator.java:147)
	at org.junit.platform.launcher.core.EngineExecutionOrchestrator.execute(EngineExecutionOrchestrator.java:127)
	at org.junit.platform.launcher.core.EngineExecutionOrchestrator.execute(EngineExecutionOrchestrator.java:90)
	at org.junit.platform.launcher.core.EngineExecutionOrchestrator.lambda$execute$0(EngineExecutionOrchestrator.java:55)
	at org.junit.platform.launcher.core.EngineExecutionOrchestrator.withInterceptedStreams(EngineExecutionOrchestrator.java:102)
	at org.junit.platform.launcher.core.EngineExecutionOrchestrator.execute(EngineExecutionOrchestrator.java:54)
	at org.junit.platform.launcher.core.DefaultLauncher.execute(DefaultLauncher.java:114)
	at org.junit.platform.launcher.core.DefaultLauncher.execute(DefaultLauncher.java:86)
	at org.junit.platform.launcher.core.DefaultLauncherSession$DelegatingLauncher.execute(DefaultLauncherSession.java:86)
	at org.apache.maven.surefire.junitplatform.LazyLauncher.execute(LazyLauncher.java:50)
	at org.apache.maven.surefire.junitplatform.JUnitPlatformProvider.execute(JUnitPlatformProvider.java:184)
	at org.apache.maven.surefire.junitplatform.JUnitPlatformProvider.invokeAllTests(JUnitPlatformProvider.java:148)
	at org.apache.maven.surefire.junitplatform.JUnitPlatformProvider.invoke(JUnitPlatformProvider.java:122)
	at org.apache.maven.surefire.booter.ForkedBooter.runSuitesInProcess(ForkedBooter.java:385)
	at org.apache.maven.surefire.booter.ForkedBooter.execute(ForkedBooter.java:162)
	at org.apache.maven.surefire.booter.ForkedBooter.run(ForkedBooter.java:507)
	at org.apache.maven.surefire.booter.ForkedBooter.main(ForkedBooter.java:495)
]]></failure>
    <system-out><![CDATA[2025-05-28T15:17:20.756Z DEBUG 65287 --- [           main] o.s.web.client.RestTemplate              : HTTP POST http://localhost:44125/api/feedback
2025-05-28T15:17:20.756Z DEBUG 65287 --- [           main] o.s.web.client.RestTemplate              : Accept=[text/plain, application/json, application/*+json, */*]
2025-05-28T15:17:20.756Z DEBUG 65287 --- [           main] o.s.web.client.RestTemplate              : Writing [{"feedbackId": 1,"comments": "Great service!","rating": 5,"user": { "userId": 2 },"bus": { "busId": 1 },"date": "2025-02-27"}] as "application/json"
2025-05-28T15:17:20.757Z DEBUG 65287 --- [or-http-epoll-2] o.s.w.s.adapter.HttpWebHandlerAdapter    : [f9b6e51d-19] HTTP POST "/api/feedback"
2025-05-28T15:17:20.767Z DEBUG 65287 --- [           main] o.s.web.client.RestTemplate              : Response 403 FORBIDDEN
2025-05-28T15:17:20.767Z DEBUG 65287 --- [           main] o.s.web.client.RestTemplate              : Reading to [java.lang.String] as "application/json"
2025-05-28T15:17:20.767Z DEBUG 65287 --- [or-http-epoll-2] o.s.w.s.adapter.HttpWebHandlerAdapter    : [f9b6e51d-19] Completed 403 FORBIDDEN
403 FORBIDDEN Status code for User adding feedback
]]></system-out>
  </testcase>
  <testcase name="backend_testGetAllFeedbackWithRoleValidation" classname="com.examly.apigateway.ApigatewayApplicationTests" time="0.012">
    <failure message="expected: &lt;200 OK&gt; but was: &lt;403 FORBIDDEN&gt;" type="org.opentest4j.AssertionFailedError"><![CDATA[org.opentest4j.AssertionFailedError: expected: <200 OK> but was: <403 FORBIDDEN>
	at org.junit.jupiter.api.AssertionFailureBuilder.build(AssertionFailureBuilder.java:151)
	at org.junit.jupiter.api.AssertionFailureBuilder.buildAndThrow(AssertionFailureBuilder.java:132)
	at org.junit.jupiter.api.AssertEquals.failNotEqual(AssertEquals.java:197)
	at org.junit.jupiter.api.AssertEquals.assertEquals(AssertEquals.java:182)
	at org.junit.jupiter.api.AssertEquals.assertEquals(AssertEquals.java:177)
	at org.junit.jupiter.api.Assertions.assertEquals(Assertions.java:1142)
	at com.examly.apigateway.ApigatewayApplicationTests.backend_testGetAllFeedbackWithRoleValidation(ApigatewayApplicationTests.java:510)
	at java.base/jdk.internal.reflect.NativeMethodAccessorImpl.invoke0(Native Method)
	at java.base/jdk.internal.reflect.NativeMethodAccessorImpl.invoke(NativeMethodAccessorImpl.java:77)
	at java.base/jdk.internal.reflect.DelegatingMethodAccessorImpl.invoke(DelegatingMethodAccessorImpl.java:43)
	at java.base/java.lang.reflect.Method.invoke(Method.java:569)
	at org.junit.platform.commons.util.ReflectionUtils.invokeMethod(ReflectionUtils.java:727)
	at org.junit.jupiter.engine.execution.MethodInvocation.proceed(MethodInvocation.java:60)
	at org.junit.jupiter.engine.execution.InvocationInterceptorChain$ValidatingInvocation.proceed(InvocationInterceptorChain.java:131)
	at org.junit.jupiter.engine.extension.TimeoutExtension.intercept(TimeoutExtension.java:156)
	at org.junit.jupiter.engine.extension.TimeoutExtension.interceptTestableMethod(TimeoutExtension.java:147)
	at org.junit.jupiter.engine.extension.TimeoutExtension.interceptTestMethod(TimeoutExtension.java:86)
	at org.junit.jupiter.engine.execution.InterceptingExecutableInvoker$ReflectiveInterceptorCall.lambda$ofVoidMethod$0(InterceptingExecutableInvoker.java:103)
	at org.junit.jupiter.engine.execution.InterceptingExecutableInvoker.lambda$invoke$0(InterceptingExecutableInvoker.java:93)
	at org.junit.jupiter.engine.execution.InvocationInterceptorChain$InterceptedInvocation.proceed(InvocationInterceptorChain.java:106)
	at org.junit.jupiter.engine.execution.InvocationInterceptorChain.proceed(InvocationInterceptorChain.java:64)
	at org.junit.jupiter.engine.execution.InvocationInterceptorChain.chainAndInvoke(InvocationInterceptorChain.java:45)
	at org.junit.jupiter.engine.execution.InvocationInterceptorChain.invoke(InvocationInterceptorChain.java:37)
	at org.junit.jupiter.engine.execution.InterceptingExecutableInvoker.invoke(InterceptingExecutableInvoker.java:92)
	at org.junit.jupiter.engine.execution.InterceptingExecutableInvoker.invoke(InterceptingExecutableInvoker.java:86)
	at org.junit.jupiter.engine.descriptor.TestMethodTestDescriptor.lambda$invokeTestMethod$7(TestMethodTestDescriptor.java:217)
	at org.junit.platform.engine.support.hierarchical.ThrowableCollector.execute(ThrowableCollector.java:73)
	at org.junit.jupiter.engine.descriptor.TestMethodTestDescriptor.invokeTestMethod(TestMethodTestDescriptor.java:213)
	at org.junit.jupiter.engine.descriptor.TestMethodTestDescriptor.execute(TestMethodTestDescriptor.java:138)
	at org.junit.jupiter.engine.descriptor.TestMethodTestDescriptor.execute(TestMethodTestDescriptor.java:68)
	at org.junit.platform.engine.support.hierarchical.NodeTestTask.lambda$executeRecursively$6(NodeTestTask.java:151)
	at org.junit.platform.engine.support.hierarchical.ThrowableCollector.execute(ThrowableCollector.java:73)
	at org.junit.platform.engine.support.hierarchical.NodeTestTask.lambda$executeRecursively$8(NodeTestTask.java:141)
	at org.junit.platform.engine.support.hierarchical.Node.around(Node.java:137)
	at org.junit.platform.engine.support.hierarchical.NodeTestTask.lambda$executeRecursively$9(NodeTestTask.java:139)
	at org.junit.platform.engine.support.hierarchical.ThrowableCollector.execute(ThrowableCollector.java:73)
	at org.junit.platform.engine.support.hierarchical.NodeTestTask.executeRecursively(NodeTestTask.java:138)
	at org.junit.platform.engine.support.hierarchical.NodeTestTask.execute(NodeTestTask.java:95)
	at java.base/java.util.ArrayList.forEach(ArrayList.java:1511)
	at org.junit.platform.engine.support.hierarchical.SameThreadHierarchicalTestExecutorService.invokeAll(SameThreadHierarchicalTestExecutorService.java:41)
	at org.junit.platform.engine.support.hierarchical.NodeTestTask.lambda$executeRecursively$6(NodeTestTask.java:155)
	at org.junit.platform.engine.support.hierarchical.ThrowableCollector.execute(ThrowableCollector.java:73)
	at org.junit.platform.engine.support.hierarchical.NodeTestTask.lambda$executeRecursively$8(NodeTestTask.java:141)
	at org.junit.platform.engine.support.hierarchical.Node.around(Node.java:137)
	at org.junit.platform.engine.support.hierarchical.NodeTestTask.lambda$executeRecursively$9(NodeTestTask.java:139)
	at org.junit.platform.engine.support.hierarchical.ThrowableCollector.execute(ThrowableCollector.java:73)
	at org.junit.platform.engine.support.hierarchical.NodeTestTask.executeRecursively(NodeTestTask.java:138)
	at org.junit.platform.engine.support.hierarchical.NodeTestTask.execute(NodeTestTask.java:95)
	at java.base/java.util.ArrayList.forEach(ArrayList.java:1511)
	at org.junit.platform.engine.support.hierarchical.SameThreadHierarchicalTestExecutorService.invokeAll(SameThreadHierarchicalTestExecutorService.java:41)
	at org.junit.platform.engine.support.hierarchical.NodeTestTask.lambda$executeRecursively$6(NodeTestTask.java:155)
	at org.junit.platform.engine.support.hierarchical.ThrowableCollector.execute(ThrowableCollector.java:73)
	at org.junit.platform.engine.support.hierarchical.NodeTestTask.lambda$executeRecursively$8(NodeTestTask.java:141)
	at org.junit.platform.engine.support.hierarchical.Node.around(Node.java:137)
	at org.junit.platform.engine.support.hierarchical.NodeTestTask.lambda$executeRecursively$9(NodeTestTask.java:139)
	at org.junit.platform.engine.support.hierarchical.ThrowableCollector.execute(ThrowableCollector.java:73)
	at org.junit.platform.engine.support.hierarchical.NodeTestTask.executeRecursively(NodeTestTask.java:138)
	at org.junit.platform.engine.support.hierarchical.NodeTestTask.execute(NodeTestTask.java:95)
	at org.junit.platform.engine.support.hierarchical.SameThreadHierarchicalTestExecutorService.submit(SameThreadHierarchicalTestExecutorService.java:35)
	at org.junit.platform.engine.support.hierarchical.HierarchicalTestExecutor.execute(HierarchicalTestExecutor.java:57)
	at org.junit.platform.engine.support.hierarchical.HierarchicalTestEngine.execute(HierarchicalTestEngine.java:54)
	at org.junit.platform.launcher.core.EngineExecutionOrchestrator.execute(EngineExecutionOrchestrator.java:147)
	at org.junit.platform.launcher.core.EngineExecutionOrchestrator.execute(EngineExecutionOrchestrator.java:127)
	at org.junit.platform.launcher.core.EngineExecutionOrchestrator.execute(EngineExecutionOrchestrator.java:90)
	at org.junit.platform.launcher.core.EngineExecutionOrchestrator.lambda$execute$0(EngineExecutionOrchestrator.java:55)
	at org.junit.platform.launcher.core.EngineExecutionOrchestrator.withInterceptedStreams(EngineExecutionOrchestrator.java:102)
	at org.junit.platform.launcher.core.EngineExecutionOrchestrator.execute(EngineExecutionOrchestrator.java:54)
	at org.junit.platform.launcher.core.DefaultLauncher.execute(DefaultLauncher.java:114)
	at org.junit.platform.launcher.core.DefaultLauncher.execute(DefaultLauncher.java:86)
	at org.junit.platform.launcher.core.DefaultLauncherSession$DelegatingLauncher.execute(DefaultLauncherSession.java:86)
	at org.apache.maven.surefire.junitplatform.LazyLauncher.execute(LazyLauncher.java:50)
	at org.apache.maven.surefire.junitplatform.JUnitPlatformProvider.execute(JUnitPlatformProvider.java:184)
	at org.apache.maven.surefire.junitplatform.JUnitPlatformProvider.invokeAllTests(JUnitPlatformProvider.java:148)
	at org.apache.maven.surefire.junitplatform.JUnitPlatformProvider.invoke(JUnitPlatformProvider.java:122)
	at org.apache.maven.surefire.booter.ForkedBooter.runSuitesInProcess(ForkedBooter.java:385)
	at org.apache.maven.surefire.booter.ForkedBooter.execute(ForkedBooter.java:162)
	at org.apache.maven.surefire.booter.ForkedBooter.run(ForkedBooter.java:507)
	at org.apache.maven.surefire.booter.ForkedBooter.main(ForkedBooter.java:495)
]]></failure>
    <system-out><![CDATA[2025-05-28T15:17:20.772Z DEBUG 65287 --- [           main] o.s.web.client.RestTemplate              : HTTP GET http://localhost:44125/api/feedback
2025-05-28T15:17:20.772Z DEBUG 65287 --- [           main] o.s.web.client.RestTemplate              : Accept=[text/plain, application/json, application/*+json, */*]
2025-05-28T15:17:20.773Z DEBUG 65287 --- [or-http-epoll-2] o.s.w.s.adapter.HttpWebHandlerAdapter    : [f9b6e51d-20] HTTP GET "/api/feedback"
2025-05-28T15:17:20.780Z DEBUG 65287 --- [           main] o.s.web.client.RestTemplate              : Response 403 FORBIDDEN
2025-05-28T15:17:20.780Z DEBUG 65287 --- [           main] o.s.web.client.RestTemplate              : Reading to [java.lang.String] as "application/json"
2025-05-28T15:17:20.780Z DEBUG 65287 --- [or-http-epoll-2] o.s.w.s.adapter.HttpWebHandlerAdapter    : [f9b6e51d-20] Completed 403 FORBIDDEN
]]></system-out>
  </testcase>
  <testcase name="backend_testGetFeedbackByUserIdWithRoleValidation" classname="com.examly.apigateway.ApigatewayApplicationTests" time="0.013">
    <failure message="expected: &lt;200 OK&gt; but was: &lt;403 FORBIDDEN&gt;" type="org.opentest4j.AssertionFailedError"><![CDATA[org.opentest4j.AssertionFailedError: expected: <200 OK> but was: <403 FORBIDDEN>
	at org.junit.jupiter.api.AssertionFailureBuilder.build(AssertionFailureBuilder.java:151)
	at org.junit.jupiter.api.AssertionFailureBuilder.buildAndThrow(AssertionFailureBuilder.java:132)
	at org.junit.jupiter.api.AssertEquals.failNotEqual(AssertEquals.java:197)
	at org.junit.jupiter.api.AssertEquals.assertEquals(AssertEquals.java:182)
	at org.junit.jupiter.api.AssertEquals.assertEquals(AssertEquals.java:177)
	at org.junit.jupiter.api.Assertions.assertEquals(Assertions.java:1142)
	at com.examly.apigateway.ApigatewayApplicationTests.backend_testGetFeedbackByUserIdWithRoleValidation(ApigatewayApplicationTests.java:536)
	at java.base/jdk.internal.reflect.NativeMethodAccessorImpl.invoke0(Native Method)
	at java.base/jdk.internal.reflect.NativeMethodAccessorImpl.invoke(NativeMethodAccessorImpl.java:77)
	at java.base/jdk.internal.reflect.DelegatingMethodAccessorImpl.invoke(DelegatingMethodAccessorImpl.java:43)
	at java.base/java.lang.reflect.Method.invoke(Method.java:569)
	at org.junit.platform.commons.util.ReflectionUtils.invokeMethod(ReflectionUtils.java:727)
	at org.junit.jupiter.engine.execution.MethodInvocation.proceed(MethodInvocation.java:60)
	at org.junit.jupiter.engine.execution.InvocationInterceptorChain$ValidatingInvocation.proceed(InvocationInterceptorChain.java:131)
	at org.junit.jupiter.engine.extension.TimeoutExtension.intercept(TimeoutExtension.java:156)
	at org.junit.jupiter.engine.extension.TimeoutExtension.interceptTestableMethod(TimeoutExtension.java:147)
	at org.junit.jupiter.engine.extension.TimeoutExtension.interceptTestMethod(TimeoutExtension.java:86)
	at org.junit.jupiter.engine.execution.InterceptingExecutableInvoker$ReflectiveInterceptorCall.lambda$ofVoidMethod$0(InterceptingExecutableInvoker.java:103)
	at org.junit.jupiter.engine.execution.InterceptingExecutableInvoker.lambda$invoke$0(InterceptingExecutableInvoker.java:93)
	at org.junit.jupiter.engine.execution.InvocationInterceptorChain$InterceptedInvocation.proceed(InvocationInterceptorChain.java:106)
	at org.junit.jupiter.engine.execution.InvocationInterceptorChain.proceed(InvocationInterceptorChain.java:64)
	at org.junit.jupiter.engine.execution.InvocationInterceptorChain.chainAndInvoke(InvocationInterceptorChain.java:45)
	at org.junit.jupiter.engine.execution.InvocationInterceptorChain.invoke(InvocationInterceptorChain.java:37)
	at org.junit.jupiter.engine.execution.InterceptingExecutableInvoker.invoke(InterceptingExecutableInvoker.java:92)
	at org.junit.jupiter.engine.execution.InterceptingExecutableInvoker.invoke(InterceptingExecutableInvoker.java:86)
	at org.junit.jupiter.engine.descriptor.TestMethodTestDescriptor.lambda$invokeTestMethod$7(TestMethodTestDescriptor.java:217)
	at org.junit.platform.engine.support.hierarchical.ThrowableCollector.execute(ThrowableCollector.java:73)
	at org.junit.jupiter.engine.descriptor.TestMethodTestDescriptor.invokeTestMethod(TestMethodTestDescriptor.java:213)
	at org.junit.jupiter.engine.descriptor.TestMethodTestDescriptor.execute(TestMethodTestDescriptor.java:138)
	at org.junit.jupiter.engine.descriptor.TestMethodTestDescriptor.execute(TestMethodTestDescriptor.java:68)
	at org.junit.platform.engine.support.hierarchical.NodeTestTask.lambda$executeRecursively$6(NodeTestTask.java:151)
	at org.junit.platform.engine.support.hierarchical.ThrowableCollector.execute(ThrowableCollector.java:73)
	at org.junit.platform.engine.support.hierarchical.NodeTestTask.lambda$executeRecursively$8(NodeTestTask.java:141)
	at org.junit.platform.engine.support.hierarchical.Node.around(Node.java:137)
	at org.junit.platform.engine.support.hierarchical.NodeTestTask.lambda$executeRecursively$9(NodeTestTask.java:139)
	at org.junit.platform.engine.support.hierarchical.ThrowableCollector.execute(ThrowableCollector.java:73)
	at org.junit.platform.engine.support.hierarchical.NodeTestTask.executeRecursively(NodeTestTask.java:138)
	at org.junit.platform.engine.support.hierarchical.NodeTestTask.execute(NodeTestTask.java:95)
	at java.base/java.util.ArrayList.forEach(ArrayList.java:1511)
	at org.junit.platform.engine.support.hierarchical.SameThreadHierarchicalTestExecutorService.invokeAll(SameThreadHierarchicalTestExecutorService.java:41)
	at org.junit.platform.engine.support.hierarchical.NodeTestTask.lambda$executeRecursively$6(NodeTestTask.java:155)
	at org.junit.platform.engine.support.hierarchical.ThrowableCollector.execute(ThrowableCollector.java:73)
	at org.junit.platform.engine.support.hierarchical.NodeTestTask.lambda$executeRecursively$8(NodeTestTask.java:141)
	at org.junit.platform.engine.support.hierarchical.Node.around(Node.java:137)
	at org.junit.platform.engine.support.hierarchical.NodeTestTask.lambda$executeRecursively$9(NodeTestTask.java:139)
	at org.junit.platform.engine.support.hierarchical.ThrowableCollector.execute(ThrowableCollector.java:73)
	at org.junit.platform.engine.support.hierarchical.NodeTestTask.executeRecursively(NodeTestTask.java:138)
	at org.junit.platform.engine.support.hierarchical.NodeTestTask.execute(NodeTestTask.java:95)
	at java.base/java.util.ArrayList.forEach(ArrayList.java:1511)
	at org.junit.platform.engine.support.hierarchical.SameThreadHierarchicalTestExecutorService.invokeAll(SameThreadHierarchicalTestExecutorService.java:41)
	at org.junit.platform.engine.support.hierarchical.NodeTestTask.lambda$executeRecursively$6(NodeTestTask.java:155)
	at org.junit.platform.engine.support.hierarchical.ThrowableCollector.execute(ThrowableCollector.java:73)
	at org.junit.platform.engine.support.hierarchical.NodeTestTask.lambda$executeRecursively$8(NodeTestTask.java:141)
	at org.junit.platform.engine.support.hierarchical.Node.around(Node.java:137)
	at org.junit.platform.engine.support.hierarchical.NodeTestTask.lambda$executeRecursively$9(NodeTestTask.java:139)
	at org.junit.platform.engine.support.hierarchical.ThrowableCollector.execute(ThrowableCollector.java:73)
	at org.junit.platform.engine.support.hierarchical.NodeTestTask.executeRecursively(NodeTestTask.java:138)
	at org.junit.platform.engine.support.hierarchical.NodeTestTask.execute(NodeTestTask.java:95)
	at org.junit.platform.engine.support.hierarchical.SameThreadHierarchicalTestExecutorService.submit(SameThreadHierarchicalTestExecutorService.java:35)
	at org.junit.platform.engine.support.hierarchical.HierarchicalTestExecutor.execute(HierarchicalTestExecutor.java:57)
	at org.junit.platform.engine.support.hierarchical.HierarchicalTestEngine.execute(HierarchicalTestEngine.java:54)
	at org.junit.platform.launcher.core.EngineExecutionOrchestrator.execute(EngineExecutionOrchestrator.java:147)
	at org.junit.platform.launcher.core.EngineExecutionOrchestrator.execute(EngineExecutionOrchestrator.java:127)
	at org.junit.platform.launcher.core.EngineExecutionOrchestrator.execute(EngineExecutionOrchestrator.java:90)
	at org.junit.platform.launcher.core.EngineExecutionOrchestrator.lambda$execute$0(EngineExecutionOrchestrator.java:55)
	at org.junit.platform.launcher.core.EngineExecutionOrchestrator.withInterceptedStreams(EngineExecutionOrchestrator.java:102)
	at org.junit.platform.launcher.core.EngineExecutionOrchestrator.execute(EngineExecutionOrchestrator.java:54)
	at org.junit.platform.launcher.core.DefaultLauncher.execute(DefaultLauncher.java:114)
	at org.junit.platform.launcher.core.DefaultLauncher.execute(DefaultLauncher.java:86)
	at org.junit.platform.launcher.core.DefaultLauncherSession$DelegatingLauncher.execute(DefaultLauncherSession.java:86)
	at org.apache.maven.surefire.junitplatform.LazyLauncher.execute(LazyLauncher.java:50)
	at org.apache.maven.surefire.junitplatform.JUnitPlatformProvider.execute(JUnitPlatformProvider.java:184)
	at org.apache.maven.surefire.junitplatform.JUnitPlatformProvider.invokeAllTests(JUnitPlatformProvider.java:148)
	at org.apache.maven.surefire.junitplatform.JUnitPlatformProvider.invoke(JUnitPlatformProvider.java:122)
	at org.apache.maven.surefire.booter.ForkedBooter.runSuitesInProcess(ForkedBooter.java:385)
	at org.apache.maven.surefire.booter.ForkedBooter.execute(ForkedBooter.java:162)
	at org.apache.maven.surefire.booter.ForkedBooter.run(ForkedBooter.java:507)
	at org.apache.maven.surefire.booter.ForkedBooter.main(ForkedBooter.java:495)
]]></failure>
    <system-out><![CDATA[2025-05-28T15:17:20.784Z DEBUG 65287 --- [           main] o.s.web.client.RestTemplate              : HTTP GET http://localhost:44125/api/feedback/user/2
2025-05-28T15:17:20.785Z DEBUG 65287 --- [           main] o.s.web.client.RestTemplate              : Accept=[text/plain, application/json, application/*+json, */*]
2025-05-28T15:17:20.786Z DEBUG 65287 --- [or-http-epoll-2] o.s.w.s.adapter.HttpWebHandlerAdapter    : [f9b6e51d-21] HTTP GET "/api/feedback/user/2"
2025-05-28T15:17:20.793Z DEBUG 65287 --- [           main] o.s.web.client.RestTemplate              : Response 403 FORBIDDEN
2025-05-28T15:17:20.793Z DEBUG 65287 --- [or-http-epoll-2] o.s.w.s.adapter.HttpWebHandlerAdapter    : [f9b6e51d-21] Completed 403 FORBIDDEN
2025-05-28T15:17:20.793Z DEBUG 65287 --- [           main] o.s.web.client.RestTemplate              : Reading to [java.lang.String] as "application/json"
]]></system-out>
  </testcase>
</testsuite>